running develop
Removing /home/roo/roo_ws/install/roo_protocol/lib/python3.12/site-packages/roo-protocol.egg-link (link to .)
running egg_info
writing ../../build/roo_protocol/roo_protocol.egg-info/PKG-INFO
writing dependency_links to ../../build/roo_protocol/roo_protocol.egg-info/dependency_links.txt
writing entry points to ../../build/roo_protocol/roo_protocol.egg-info/entry_points.txt
writing requirements to ../../build/roo_protocol/roo_protocol.egg-info/requires.txt
writing top-level names to ../../build/roo_protocol/roo_protocol.egg-info/top_level.txt
reading manifest file '../../build/roo_protocol/roo_protocol.egg-info/SOURCES.txt'
writing manifest file '../../build/roo_protocol/roo_protocol.egg-info/SOURCES.txt'
running build
running build_py
running install
running install_lib
creating /home/roo/roo_ws/install/roo_protocol/lib/python3.12/site-packages/roo_protocol
copying /home/roo/roo_ws/build/roo_protocol/build/lib/roo_protocol/__init__.py -> /home/roo/roo_ws/install/roo_protocol/lib/python3.12/site-packages/roo_protocol
copying /home/roo/roo_ws/build/roo_protocol/build/lib/roo_protocol/tx_encode_node.py -> /home/roo/roo_ws/install/roo_protocol/lib/python3.12/site-packages/roo_protocol
copying /home/roo/roo_ws/build/roo_protocol/build/lib/roo_protocol/rx_decode_node.py -> /home/roo/roo_ws/install/roo_protocol/lib/python3.12/site-packages/roo_protocol
byte-compiling /home/roo/roo_ws/install/roo_protocol/lib/python3.12/site-packages/roo_protocol/__init__.py to __init__.cpython-312.pyc
byte-compiling /home/roo/roo_ws/install/roo_protocol/lib/python3.12/site-packages/roo_protocol/tx_encode_node.py to tx_encode_node.cpython-312.pyc
byte-compiling /home/roo/roo_ws/install/roo_protocol/lib/python3.12/site-packages/roo_protocol/rx_decode_node.py to rx_decode_node.cpython-312.pyc
running install_data
copying resource/roo_protocol -> /home/roo/roo_ws/install/roo_protocol/share/ament_index/resource_index/packages
copying package.xml -> /home/roo/roo_ws/install/roo_protocol/share/roo_protocol
running install_egg_info
Copying ../../build/roo_protocol/roo_protocol.egg-info to /home/roo/roo_ws/install/roo_protocol/lib/python3.12/site-packages/roo_protocol-0.0.0-py3.12.egg-info
running install_scripts
Installing rx_decode script to /home/roo/roo_ws/install/roo_protocol/lib/roo_protocol
Installing tx_encode script to /home/roo/roo_ws/install/roo_protocol/lib/roo_protocol
writing list of installed files to '/home/roo/roo_ws/build/roo_protocol/install.log'
