running develop
running egg_info
creating roo_cam_uart.egg-info
writing roo_cam_uart.egg-info/PKG-INFO
writing dependency_links to roo_cam_uart.egg-info/dependency_links.txt
writing entry points to roo_cam_uart.egg-info/entry_points.txt
writing requirements to roo_cam_uart.egg-info/requires.txt
writing top-level names to roo_cam_uart.egg-info/top_level.txt
writing manifest file 'roo_cam_uart.egg-info/SOURCES.txt'
reading manifest file 'roo_cam_uart.egg-info/SOURCES.txt'
writing manifest file 'roo_cam_uart.egg-info/SOURCES.txt'
running build_ext
Creating /home/roo/roo_ws/install/roo_cam_uart/lib/python3.12/site-packages/roo-cam-uart.egg-link (link to .)
Installing uart_cam script to /home/roo/roo_ws/install/roo_cam_uart/lib/roo_cam_uart

Installed /home/roo/roo_ws/build/roo_cam_uart
running symlink_data
creating /home/roo/roo_ws/install/roo_cam_uart/share/ament_index
creating /home/roo/roo_ws/install/roo_cam_uart/share/ament_index/resource_index
creating /home/roo/roo_ws/install/roo_cam_uart/share/ament_index/resource_index/packages
symbolically linking /home/roo/roo_ws/build/roo_cam_uart/resource/roo_cam_uart -> /home/roo/roo_ws/install/roo_cam_uart/share/ament_index/resource_index/packages
symbolically linking /home/roo/roo_ws/build/roo_cam_uart/package.xml -> /home/roo/roo_ws/install/roo_cam_uart/share/roo_cam_uart
