[3.256s] Invoking command in '/home/roo/roo_ws/src/roo_cmd_mux': DEBUGINFOD_URLS=https://debuginfod.ubuntu.com PYTHONPATH=/home/roo/roo_ws/build/roo_cmd_mux/prefix_override:/usr/lib/python3/dist-packages/colcon_core/task/python/colcon_distutils_commands:/home/roo/roo_ws/install/roo_cmd_mux/lib/python3.12/site-packages:${PYTHONPATH} /usr/bin/python3 -W ignore:setup.py install is deprecated -W ignore:easy_install command is deprecated setup.py egg_info --egg-base ../../build/roo_cmd_mux build --build-base /home/roo/roo_ws/build/roo_cmd_mux/build install --record /home/roo/roo_ws/build/roo_cmd_mux/install.log --single-version-externally-managed install_data
[4.045s] running egg_info
[4.131s] writing ../../build/roo_cmd_mux/roo_cmd_mux.egg-info/PKG-INFO
[4.131s] writing dependency_links to ../../build/roo_cmd_mux/roo_cmd_mux.egg-info/dependency_links.txt
[4.132s] writing entry points to ../../build/roo_cmd_mux/roo_cmd_mux.egg-info/entry_points.txt
[4.133s] writing requirements to ../../build/roo_cmd_mux/roo_cmd_mux.egg-info/requires.txt
[4.134s] writing top-level names to ../../build/roo_cmd_mux/roo_cmd_mux.egg-info/top_level.txt
[4.250s] reading manifest file '../../build/roo_cmd_mux/roo_cmd_mux.egg-info/SOURCES.txt'
[4.253s] writing manifest file '../../build/roo_cmd_mux/roo_cmd_mux.egg-info/SOURCES.txt'
[4.254s] running build
[4.254s] running build_py
[4.263s] running install
[4.326s] running install_lib
[4.421s] running install_data
[4.422s] running install_egg_info
[4.452s] removing '/home/roo/roo_ws/install/roo_cmd_mux/lib/python3.12/site-packages/roo_cmd_mux-0.0.0-py3.12.egg-info' (and everything under it)
[4.454s] Copying ../../build/roo_cmd_mux/roo_cmd_mux.egg-info to /home/roo/roo_ws/install/roo_cmd_mux/lib/python3.12/site-packages/roo_cmd_mux-0.0.0-py3.12.egg-info
[4.455s] running install_scripts
[4.701s] Installing cmd_mux script to /home/roo/roo_ws/install/roo_cmd_mux/lib/roo_cmd_mux
[4.704s] writing list of installed files to '/home/roo/roo_ws/build/roo_cmd_mux/install.log'
[4.901s] Invoked command in '/home/roo/roo_ws/src/roo_cmd_mux' returned '0': DEBUGINFOD_URLS=https://debuginfod.ubuntu.com PYTHONPATH=/home/roo/roo_ws/build/roo_cmd_mux/prefix_override:/usr/lib/python3/dist-packages/colcon_core/task/python/colcon_distutils_commands:/home/roo/roo_ws/install/roo_cmd_mux/lib/python3.12/site-packages:${PYTHONPATH} /usr/bin/python3 -W ignore:setup.py install is deprecated -W ignore:easy_install command is deprecated setup.py egg_info --egg-base ../../build/roo_cmd_mux build --build-base /home/roo/roo_ws/build/roo_cmd_mux/build install --record /home/roo/roo_ws/build/roo_cmd_mux/install.log --single-version-externally-managed install_data
