[1.831s] Invoking command in '/home/roo/roo_ws/build/roo_serial': DEBUGINFOD_URLS=https://debuginfod.ubuntu.com PYTHONPATH=/home/roo/roo_ws/build/roo_serial/prefix_override:/usr/lib/python3/dist-packages/colcon_core/task/python/colcon_distutils_commands:/home/roo/roo_ws/install/roo_serial/lib/python3.12/site-packages:${PYTHONPATH} /usr/bin/python3 -W ignore:setup.py install is deprecated -W ignore:easy_install command is deprecated setup.py develop --editable --build-directory /home/roo/roo_ws/build/roo_serial/build --no-deps symlink_data
[2.416s] running develop
[2.706s] running egg_info
[2.706s] creating roo_serial.egg-info
[2.734s] writing roo_serial.egg-info/PKG-INFO
[2.735s] writing dependency_links to roo_serial.egg-info/dependency_links.txt
[2.736s] writing entry points to roo_serial.egg-info/entry_points.txt
[2.736s] writing requirements to roo_serial.egg-info/requires.txt
[2.736s] writing top-level names to roo_serial.egg-info/top_level.txt
[2.736s] writing manifest file 'roo_serial.egg-info/SOURCES.txt'
[2.795s] reading manifest file 'roo_serial.egg-info/SOURCES.txt'
[2.795s] writing manifest file 'roo_serial.egg-info/SOURCES.txt'
[2.823s] running build_ext
[2.823s] Creating /home/roo/roo_ws/install/roo_serial/lib/python3.12/site-packages/roo-serial.egg-link (link to .)
[2.825s] Installing serial_rx script to /home/roo/roo_ws/install/roo_serial/lib/roo_serial
[2.829s] Installing serial_tx script to /home/roo/roo_ws/install/roo_serial/lib/roo_serial
[2.829s] 
[2.829s] Installed /home/roo/roo_ws/build/roo_serial
[2.832s] running symlink_data
[2.832s] creating /home/roo/roo_ws/install/roo_serial/share/ament_index
[2.832s] creating /home/roo/roo_ws/install/roo_serial/share/ament_index/resource_index
[2.832s] creating /home/roo/roo_ws/install/roo_serial/share/ament_index/resource_index/packages
[2.833s] symbolically linking /home/roo/roo_ws/build/roo_serial/resource/roo_serial -> /home/roo/roo_ws/install/roo_serial/share/ament_index/resource_index/packages
[2.833s] symbolically linking /home/roo/roo_ws/build/roo_serial/package.xml -> /home/roo/roo_ws/install/roo_serial/share/roo_serial
[2.940s] Invoked command in '/home/roo/roo_ws/build/roo_serial' returned '0': DEBUGINFOD_URLS=https://debuginfod.ubuntu.com PYTHONPATH=/home/roo/roo_ws/build/roo_serial/prefix_override:/usr/lib/python3/dist-packages/colcon_core/task/python/colcon_distutils_commands:/home/roo/roo_ws/install/roo_serial/lib/python3.12/site-packages:${PYTHONPATH} /usr/bin/python3 -W ignore:setup.py install is deprecated -W ignore:easy_install command is deprecated setup.py develop --editable --build-directory /home/roo/roo_ws/build/roo_serial/build --no-deps symlink_data
