[2.333s] Invoking command in '/home/roo/roo_ws/src/roo_cmd_mux': DEBUGINFOD_URLS=https://debuginfod.ubuntu.com PYTHONPATH=/home/roo/roo_ws/build/roo_cmd_mux/prefix_override:/usr/lib/python3/dist-packages/colcon_core/task/python/colcon_distutils_commands:/home/roo/roo_ws/install/roo_cmd_mux/lib/python3.12/site-packages:${PYTHONPATH} /usr/bin/python3 -W ignore:setup.py install is deprecated -W ignore:easy_install command is deprecated setup.py egg_info --egg-base ../../build/roo_cmd_mux build --build-base /home/roo/roo_ws/build/roo_cmd_mux/build install --record /home/roo/roo_ws/build/roo_cmd_mux/install.log --single-version-externally-managed install_data
[2.789s] running egg_info
[2.814s] writing ../../build/roo_cmd_mux/roo_cmd_mux.egg-info/PKG-INFO
[2.814s] writing dependency_links to ../../build/roo_cmd_mux/roo_cmd_mux.egg-info/dependency_links.txt
[2.814s] writing entry points to ../../build/roo_cmd_mux/roo_cmd_mux.egg-info/entry_points.txt
[2.815s] writing requirements to ../../build/roo_cmd_mux/roo_cmd_mux.egg-info/requires.txt
[2.815s] writing top-level names to ../../build/roo_cmd_mux/roo_cmd_mux.egg-info/top_level.txt
[2.866s] reading manifest file '../../build/roo_cmd_mux/roo_cmd_mux.egg-info/SOURCES.txt'
[2.867s] writing manifest file '../../build/roo_cmd_mux/roo_cmd_mux.egg-info/SOURCES.txt'
[2.867s] running build
[2.867s] running build_py
[2.867s] running install
[2.878s] running install_lib
[2.905s] running install_data
[2.905s] running install_egg_info
[2.932s] removing '/home/roo/roo_ws/install/roo_cmd_mux/lib/python3.12/site-packages/roo_cmd_mux-0.0.0-py3.12.egg-info' (and everything under it)
[2.932s] Copying ../../build/roo_cmd_mux/roo_cmd_mux.egg-info to /home/roo/roo_ws/install/roo_cmd_mux/lib/python3.12/site-packages/roo_cmd_mux-0.0.0-py3.12.egg-info
[2.934s] running install_scripts
[3.133s] Installing cmd_mux script to /home/roo/roo_ws/install/roo_cmd_mux/lib/roo_cmd_mux
[3.135s] writing list of installed files to '/home/roo/roo_ws/build/roo_cmd_mux/install.log'
[3.272s] Invoked command in '/home/roo/roo_ws/src/roo_cmd_mux' returned '0': DEBUGINFOD_URLS=https://debuginfod.ubuntu.com PYTHONPATH=/home/roo/roo_ws/build/roo_cmd_mux/prefix_override:/usr/lib/python3/dist-packages/colcon_core/task/python/colcon_distutils_commands:/home/roo/roo_ws/install/roo_cmd_mux/lib/python3.12/site-packages:${PYTHONPATH} /usr/bin/python3 -W ignore:setup.py install is deprecated -W ignore:easy_install command is deprecated setup.py egg_info --egg-base ../../build/roo_cmd_mux build --build-base /home/roo/roo_ws/build/roo_cmd_mux/build install --record /home/roo/roo_ws/build/roo_cmd_mux/install.log --single-version-externally-managed install_data
