[0.153s] DEBUG:colcon:Command line arguments: ['/usr/bin/colcon', 'build']
[0.153s] DEBUG:colcon:Parsed command line arguments: Namespace(log_base=None, log_level=None, verb_name='build', build_base='build', install_base='install', merge_install=False, symlink_install=False, test_result_base=None, continue_on_error=False, executor='parallel', parallel_workers=4, event_handlers=None, ignore_user_meta=False, metas=['./colcon.meta'], base_paths=['.'], packages_ignore=None, packages_ignore_regex=None, paths=None, packages_up_to=None, packages_up_to_regex=None, packages_above=None, packages_above_and_dependencies=None, packages_above_depth=None, packages_select_by_dep=None, packages_skip_by_dep=None, packages_skip_up_to=None, packages_select_build_failed=False, packages_skip_build_finished=False, packages_select_test_failures=False, packages_skip_test_passed=False, packages_select=None, packages_skip=None, packages_select_regex=None, packages_skip_regex=None, packages_start=None, packages_end=None, cmake_args=None, cmake_target=None, cmake_target_skip_unavailable=False, cmake_clean_cache=False, cmake_clean_first=False, cmake_force_configure=False, ament_cmake_args=None, catkin_cmake_args=None, catkin_skip_building_tests=False, verb_parser=<colcon_defaults.argument_parser.defaults.DefaultArgumentsDecorator object at 0xffffab5055b0>, verb_extension=<colcon_core.verb.build.BuildVerb object at 0xffffab6e9a90>, main=<bound method BuildVerb.main of <colcon_core.verb.build.BuildVerb object at 0xffffab6e9a90>>)
[0.221s] Level 1:colcon.colcon_core.package_discovery:discover_packages(colcon_meta) check parameters
[0.221s] Level 1:colcon.colcon_core.package_discovery:discover_packages(recursive) check parameters
[0.221s] Level 1:colcon.colcon_core.package_discovery:discover_packages(ignore) check parameters
[0.221s] Level 1:colcon.colcon_core.package_discovery:discover_packages(path) check parameters
[0.221s] Level 1:colcon.colcon_core.package_discovery:discover_packages(colcon_meta) discover
[0.221s] Level 1:colcon.colcon_core.package_discovery:discover_packages(recursive) discover
[0.221s] INFO:colcon.colcon_core.package_discovery:Crawling recursively for packages in '/home/roo/roo_ws'
[0.221s] Level 1:colcon.colcon_core.package_identification:_identify(.) by extensions ['ignore', 'ignore_ament_install']
[0.221s] Level 1:colcon.colcon_core.package_identification:_identify(.) by extension 'ignore'
[0.222s] Level 1:colcon.colcon_core.package_identification:_identify(.) by extension 'ignore_ament_install'
[0.222s] Level 1:colcon.colcon_core.package_identification:_identify(.) by extensions ['colcon_pkg']
[0.222s] Level 1:colcon.colcon_core.package_identification:_identify(.) by extension 'colcon_pkg'
[0.222s] Level 1:colcon.colcon_core.package_identification:_identify(.) by extensions ['colcon_meta']
[0.222s] Level 1:colcon.colcon_core.package_identification:_identify(.) by extension 'colcon_meta'
[0.222s] Level 1:colcon.colcon_core.package_identification:_identify(.) by extensions ['ros']
[0.222s] Level 1:colcon.colcon_core.package_identification:_identify(.) by extension 'ros'
[0.263s] Level 1:colcon.colcon_core.package_identification:_identify(.) by extensions ['cmake', 'python']
[0.263s] Level 1:colcon.colcon_core.package_identification:_identify(.) by extension 'cmake'
[0.263s] Level 1:colcon.colcon_core.package_identification:_identify(.) by extension 'python'
[0.263s] Level 1:colcon.colcon_core.package_identification:_identify(.) by extensions ['python_setup_py']
[0.263s] Level 1:colcon.colcon_core.package_identification:_identify(.) by extension 'python_setup_py'
[0.263s] Level 1:colcon.colcon_core.package_identification:_identify(build) by extensions ['ignore', 'ignore_ament_install']
[0.263s] Level 1:colcon.colcon_core.package_identification:_identify(build) by extension 'ignore'
[0.263s] Level 1:colcon.colcon_core.package_identification:_identify(build) ignored
[0.263s] Level 1:colcon.colcon_core.package_identification:_identify(install) by extensions ['ignore', 'ignore_ament_install']
[0.263s] Level 1:colcon.colcon_core.package_identification:_identify(install) by extension 'ignore'
[0.264s] Level 1:colcon.colcon_core.package_identification:_identify(install) ignored
[0.264s] Level 1:colcon.colcon_core.package_identification:_identify(log) by extensions ['ignore', 'ignore_ament_install']
[0.264s] Level 1:colcon.colcon_core.package_identification:_identify(log) by extension 'ignore'
[0.264s] Level 1:colcon.colcon_core.package_identification:_identify(log) ignored
[0.264s] Level 1:colcon.colcon_core.package_identification:_identify(src) by extensions ['ignore', 'ignore_ament_install']
[0.264s] Level 1:colcon.colcon_core.package_identification:_identify(src) by extension 'ignore'
[0.264s] Level 1:colcon.colcon_core.package_identification:_identify(src) by extension 'ignore_ament_install'
[0.264s] Level 1:colcon.colcon_core.package_identification:_identify(src) by extensions ['colcon_pkg']
[0.264s] Level 1:colcon.colcon_core.package_identification:_identify(src) by extension 'colcon_pkg'
[0.264s] Level 1:colcon.colcon_core.package_identification:_identify(src) by extensions ['colcon_meta']
[0.264s] Level 1:colcon.colcon_core.package_identification:_identify(src) by extension 'colcon_meta'
[0.264s] Level 1:colcon.colcon_core.package_identification:_identify(src) by extensions ['ros']
[0.264s] Level 1:colcon.colcon_core.package_identification:_identify(src) by extension 'ros'
[0.264s] Level 1:colcon.colcon_core.package_identification:_identify(src) by extensions ['cmake', 'python']
[0.264s] Level 1:colcon.colcon_core.package_identification:_identify(src) by extension 'cmake'
[0.264s] Level 1:colcon.colcon_core.package_identification:_identify(src) by extension 'python'
[0.264s] Level 1:colcon.colcon_core.package_identification:_identify(src) by extensions ['python_setup_py']
[0.265s] Level 1:colcon.colcon_core.package_identification:_identify(src) by extension 'python_setup_py'
[0.265s] Level 1:colcon.colcon_core.package_identification:_identify(src/roo_bringup) by extensions ['ignore', 'ignore_ament_install']
[0.265s] Level 1:colcon.colcon_core.package_identification:_identify(src/roo_bringup) by extension 'ignore'
[0.265s] Level 1:colcon.colcon_core.package_identification:_identify(src/roo_bringup) by extension 'ignore_ament_install'
[0.265s] Level 1:colcon.colcon_core.package_identification:_identify(src/roo_bringup) by extensions ['colcon_pkg']
[0.265s] Level 1:colcon.colcon_core.package_identification:_identify(src/roo_bringup) by extension 'colcon_pkg'
[0.265s] Level 1:colcon.colcon_core.package_identification:_identify(src/roo_bringup) by extensions ['colcon_meta']
[0.265s] Level 1:colcon.colcon_core.package_identification:_identify(src/roo_bringup) by extension 'colcon_meta'
[0.265s] Level 1:colcon.colcon_core.package_identification:_identify(src/roo_bringup) by extensions ['ros']
[0.265s] Level 1:colcon.colcon_core.package_identification:_identify(src/roo_bringup) by extension 'ros'
[0.268s] DEBUG:colcon.colcon_core.package_identification:Package 'src/roo_bringup' with type 'ros.ament_python' and name 'roo_bringup'
[0.268s] Level 1:colcon.colcon_core.package_identification:_identify(src/roo_cmd_mux) by extensions ['ignore', 'ignore_ament_install']
[0.269s] Level 1:colcon.colcon_core.package_identification:_identify(src/roo_cmd_mux) by extension 'ignore'
[0.269s] Level 1:colcon.colcon_core.package_identification:_identify(src/roo_cmd_mux) by extension 'ignore_ament_install'
[0.269s] Level 1:colcon.colcon_core.package_identification:_identify(src/roo_cmd_mux) by extensions ['colcon_pkg']
[0.269s] Level 1:colcon.colcon_core.package_identification:_identify(src/roo_cmd_mux) by extension 'colcon_pkg'
[0.269s] Level 1:colcon.colcon_core.package_identification:_identify(src/roo_cmd_mux) by extensions ['colcon_meta']
[0.269s] Level 1:colcon.colcon_core.package_identification:_identify(src/roo_cmd_mux) by extension 'colcon_meta'
[0.269s] Level 1:colcon.colcon_core.package_identification:_identify(src/roo_cmd_mux) by extensions ['ros']
[0.269s] Level 1:colcon.colcon_core.package_identification:_identify(src/roo_cmd_mux) by extension 'ros'
[0.270s] DEBUG:colcon.colcon_core.package_identification:Package 'src/roo_cmd_mux' with type 'ros.ament_python' and name 'roo_cmd_mux'
[0.270s] Level 1:colcon.colcon_core.package_identification:_identify(src/roo_libcamera) by extensions ['ignore', 'ignore_ament_install']
[0.270s] Level 1:colcon.colcon_core.package_identification:_identify(src/roo_libcamera) by extension 'ignore'
[0.270s] Level 1:colcon.colcon_core.package_identification:_identify(src/roo_libcamera) by extension 'ignore_ament_install'
[0.270s] Level 1:colcon.colcon_core.package_identification:_identify(src/roo_libcamera) by extensions ['colcon_pkg']
[0.270s] Level 1:colcon.colcon_core.package_identification:_identify(src/roo_libcamera) by extension 'colcon_pkg'
[0.270s] Level 1:colcon.colcon_core.package_identification:_identify(src/roo_libcamera) by extensions ['colcon_meta']
[0.270s] Level 1:colcon.colcon_core.package_identification:_identify(src/roo_libcamera) by extension 'colcon_meta'
[0.270s] Level 1:colcon.colcon_core.package_identification:_identify(src/roo_libcamera) by extensions ['ros']
[0.270s] Level 1:colcon.colcon_core.package_identification:_identify(src/roo_libcamera) by extension 'ros'
[0.271s] DEBUG:colcon.colcon_core.package_identification:Package 'src/roo_libcamera' with type 'ros.ament_python' and name 'roo_libcamera'
[0.271s] Level 1:colcon.colcon_core.package_identification:_identify(src/roo_protocol) by extensions ['ignore', 'ignore_ament_install']
[0.271s] Level 1:colcon.colcon_core.package_identification:_identify(src/roo_protocol) by extension 'ignore'
[0.271s] Level 1:colcon.colcon_core.package_identification:_identify(src/roo_protocol) by extension 'ignore_ament_install'
[0.271s] Level 1:colcon.colcon_core.package_identification:_identify(src/roo_protocol) by extensions ['colcon_pkg']
[0.271s] Level 1:colcon.colcon_core.package_identification:_identify(src/roo_protocol) by extension 'colcon_pkg'
[0.271s] Level 1:colcon.colcon_core.package_identification:_identify(src/roo_protocol) by extensions ['colcon_meta']
[0.271s] Level 1:colcon.colcon_core.package_identification:_identify(src/roo_protocol) by extension 'colcon_meta'
[0.271s] Level 1:colcon.colcon_core.package_identification:_identify(src/roo_protocol) by extensions ['ros']
[0.271s] Level 1:colcon.colcon_core.package_identification:_identify(src/roo_protocol) by extension 'ros'
[0.274s] DEBUG:colcon.colcon_core.package_identification:Package 'src/roo_protocol' with type 'ros.ament_python' and name 'roo_protocol'
[0.274s] Level 1:colcon.colcon_core.package_identification:_identify(src/roo_serial) by extensions ['ignore', 'ignore_ament_install']
[0.274s] Level 1:colcon.colcon_core.package_identification:_identify(src/roo_serial) by extension 'ignore'
[0.274s] Level 1:colcon.colcon_core.package_identification:_identify(src/roo_serial) by extension 'ignore_ament_install'
[0.274s] Level 1:colcon.colcon_core.package_identification:_identify(src/roo_serial) by extensions ['colcon_pkg']
[0.274s] Level 1:colcon.colcon_core.package_identification:_identify(src/roo_serial) by extension 'colcon_pkg'
[0.274s] Level 1:colcon.colcon_core.package_identification:_identify(src/roo_serial) by extensions ['colcon_meta']
[0.274s] Level 1:colcon.colcon_core.package_identification:_identify(src/roo_serial) by extension 'colcon_meta'
[0.274s] Level 1:colcon.colcon_core.package_identification:_identify(src/roo_serial) by extensions ['ros']
[0.274s] Level 1:colcon.colcon_core.package_identification:_identify(src/roo_serial) by extension 'ros'
[0.275s] DEBUG:colcon.colcon_core.package_identification:Package 'src/roo_serial' with type 'ros.ament_python' and name 'roo_serial'
[0.275s] Level 1:colcon.colcon_core.package_identification:_identify(src/roo_teleop_ps5) by extensions ['ignore', 'ignore_ament_install']
[0.275s] Level 1:colcon.colcon_core.package_identification:_identify(src/roo_teleop_ps5) by extension 'ignore'
[0.275s] Level 1:colcon.colcon_core.package_identification:_identify(src/roo_teleop_ps5) by extension 'ignore_ament_install'
[0.275s] Level 1:colcon.colcon_core.package_identification:_identify(src/roo_teleop_ps5) by extensions ['colcon_pkg']
[0.275s] Level 1:colcon.colcon_core.package_identification:_identify(src/roo_teleop_ps5) by extension 'colcon_pkg'
[0.275s] Level 1:colcon.colcon_core.package_identification:_identify(src/roo_teleop_ps5) by extensions ['colcon_meta']
[0.276s] Level 1:colcon.colcon_core.package_identification:_identify(src/roo_teleop_ps5) by extension 'colcon_meta'
[0.276s] Level 1:colcon.colcon_core.package_identification:_identify(src/roo_teleop_ps5) by extensions ['ros']
[0.276s] Level 1:colcon.colcon_core.package_identification:_identify(src/roo_teleop_ps5) by extension 'ros'
[0.276s] DEBUG:colcon.colcon_core.package_identification:Package 'src/roo_teleop_ps5' with type 'ros.ament_python' and name 'roo_teleop_ps5'
[0.276s] Level 1:colcon.colcon_core.package_identification:_identify(src/roo_vision) by extensions ['ignore', 'ignore_ament_install']
[0.276s] Level 1:colcon.colcon_core.package_identification:_identify(src/roo_vision) by extension 'ignore'
[0.277s] Level 1:colcon.colcon_core.package_identification:_identify(src/roo_vision) by extension 'ignore_ament_install'
[0.277s] Level 1:colcon.colcon_core.package_identification:_identify(src/roo_vision) by extensions ['colcon_pkg']
[0.277s] Level 1:colcon.colcon_core.package_identification:_identify(src/roo_vision) by extension 'colcon_pkg'
[0.277s] Level 1:colcon.colcon_core.package_identification:_identify(src/roo_vision) by extensions ['colcon_meta']
[0.277s] Level 1:colcon.colcon_core.package_identification:_identify(src/roo_vision) by extension 'colcon_meta'
[0.277s] Level 1:colcon.colcon_core.package_identification:_identify(src/roo_vision) by extensions ['ros']
[0.277s] Level 1:colcon.colcon_core.package_identification:_identify(src/roo_vision) by extension 'ros'
[0.277s] DEBUG:colcon.colcon_core.package_identification:Package 'src/roo_vision' with type 'ros.ament_python' and name 'roo_vision'
[0.277s] Level 1:colcon.colcon_core.package_identification:_identify(src/roo_web_bridge) by extensions ['ignore', 'ignore_ament_install']
[0.278s] Level 1:colcon.colcon_core.package_identification:_identify(src/roo_web_bridge) by extension 'ignore'
[0.278s] Level 1:colcon.colcon_core.package_identification:_identify(src/roo_web_bridge) by extension 'ignore_ament_install'
[0.278s] Level 1:colcon.colcon_core.package_identification:_identify(src/roo_web_bridge) by extensions ['colcon_pkg']
[0.278s] Level 1:colcon.colcon_core.package_identification:_identify(src/roo_web_bridge) by extension 'colcon_pkg'
[0.278s] Level 1:colcon.colcon_core.package_identification:_identify(src/roo_web_bridge) by extensions ['colcon_meta']
[0.278s] Level 1:colcon.colcon_core.package_identification:_identify(src/roo_web_bridge) by extension 'colcon_meta'
[0.278s] Level 1:colcon.colcon_core.package_identification:_identify(src/roo_web_bridge) by extensions ['ros']
[0.278s] Level 1:colcon.colcon_core.package_identification:_identify(src/roo_web_bridge) by extension 'ros'
[0.278s] DEBUG:colcon.colcon_core.package_identification:Package 'src/roo_web_bridge' with type 'ros.ament_python' and name 'roo_web_bridge'
[0.278s] Level 1:colcon.colcon_core.package_identification:_identify(web_dashboard) by extensions ['ignore', 'ignore_ament_install']
[0.279s] Level 1:colcon.colcon_core.package_identification:_identify(web_dashboard) by extension 'ignore'
[0.279s] Level 1:colcon.colcon_core.package_identification:_identify(web_dashboard) by extension 'ignore_ament_install'
[0.279s] Level 1:colcon.colcon_core.package_identification:_identify(web_dashboard) by extensions ['colcon_pkg']
[0.279s] Level 1:colcon.colcon_core.package_identification:_identify(web_dashboard) by extension 'colcon_pkg'
[0.279s] Level 1:colcon.colcon_core.package_identification:_identify(web_dashboard) by extensions ['colcon_meta']
[0.279s] Level 1:colcon.colcon_core.package_identification:_identify(web_dashboard) by extension 'colcon_meta'
[0.279s] Level 1:colcon.colcon_core.package_identification:_identify(web_dashboard) by extensions ['ros']
[0.279s] Level 1:colcon.colcon_core.package_identification:_identify(web_dashboard) by extension 'ros'
[0.279s] Level 1:colcon.colcon_core.package_identification:_identify(web_dashboard) by extensions ['cmake', 'python']
[0.279s] Level 1:colcon.colcon_core.package_identification:_identify(web_dashboard) by extension 'cmake'
[0.279s] Level 1:colcon.colcon_core.package_identification:_identify(web_dashboard) by extension 'python'
[0.279s] Level 1:colcon.colcon_core.package_identification:_identify(web_dashboard) by extensions ['python_setup_py']
[0.279s] Level 1:colcon.colcon_core.package_identification:_identify(web_dashboard) by extension 'python_setup_py'
[0.279s] Level 1:colcon.colcon_core.package_discovery:discover_packages(recursive) using defaults
[0.279s] Level 1:colcon.colcon_core.package_discovery:discover_packages(ignore) discover
[0.279s] Level 1:colcon.colcon_core.package_discovery:discover_packages(ignore) using defaults
[0.279s] Level 1:colcon.colcon_core.package_discovery:discover_packages(path) discover
[0.279s] Level 1:colcon.colcon_core.package_discovery:discover_packages(path) using defaults
[0.307s] Level 5:colcon.colcon_core.verb:set package 'roo_bringup' build argument 'cmake_args' from command line to 'None'
[0.307s] Level 5:colcon.colcon_core.verb:set package 'roo_bringup' build argument 'cmake_target' from command line to 'None'
[0.307s] Level 5:colcon.colcon_core.verb:set package 'roo_bringup' build argument 'cmake_target_skip_unavailable' from command line to 'False'
[0.307s] Level 5:colcon.colcon_core.verb:set package 'roo_bringup' build argument 'cmake_clean_cache' from command line to 'False'
[0.307s] Level 5:colcon.colcon_core.verb:set package 'roo_bringup' build argument 'cmake_clean_first' from command line to 'False'
[0.307s] Level 5:colcon.colcon_core.verb:set package 'roo_bringup' build argument 'cmake_force_configure' from command line to 'False'
[0.307s] Level 5:colcon.colcon_core.verb:set package 'roo_bringup' build argument 'ament_cmake_args' from command line to 'None'
[0.307s] Level 5:colcon.colcon_core.verb:set package 'roo_bringup' build argument 'catkin_cmake_args' from command line to 'None'
[0.307s] Level 5:colcon.colcon_core.verb:set package 'roo_bringup' build argument 'catkin_skip_building_tests' from command line to 'False'
[0.307s] DEBUG:colcon.colcon_core.verb:Building package 'roo_bringup' with the following arguments: {'ament_cmake_args': None, 'build_base': '/home/roo/roo_ws/build/roo_bringup', 'catkin_cmake_args': None, 'catkin_skip_building_tests': False, 'cmake_args': None, 'cmake_clean_cache': False, 'cmake_clean_first': False, 'cmake_force_configure': False, 'cmake_target': None, 'cmake_target_skip_unavailable': False, 'install_base': '/home/roo/roo_ws/install/roo_bringup', 'merge_install': False, 'path': '/home/roo/roo_ws/src/roo_bringup', 'symlink_install': False, 'test_result_base': None}
[0.308s] Level 5:colcon.colcon_core.verb:set package 'roo_cmd_mux' build argument 'cmake_args' from command line to 'None'
[0.308s] Level 5:colcon.colcon_core.verb:set package 'roo_cmd_mux' build argument 'cmake_target' from command line to 'None'
[0.308s] Level 5:colcon.colcon_core.verb:set package 'roo_cmd_mux' build argument 'cmake_target_skip_unavailable' from command line to 'False'
[0.308s] Level 5:colcon.colcon_core.verb:set package 'roo_cmd_mux' build argument 'cmake_clean_cache' from command line to 'False'
[0.308s] Level 5:colcon.colcon_core.verb:set package 'roo_cmd_mux' build argument 'cmake_clean_first' from command line to 'False'
[0.308s] Level 5:colcon.colcon_core.verb:set package 'roo_cmd_mux' build argument 'cmake_force_configure' from command line to 'False'
[0.308s] Level 5:colcon.colcon_core.verb:set package 'roo_cmd_mux' build argument 'ament_cmake_args' from command line to 'None'
[0.308s] Level 5:colcon.colcon_core.verb:set package 'roo_cmd_mux' build argument 'catkin_cmake_args' from command line to 'None'
[0.308s] Level 5:colcon.colcon_core.verb:set package 'roo_cmd_mux' build argument 'catkin_skip_building_tests' from command line to 'False'
[0.308s] DEBUG:colcon.colcon_core.verb:Building package 'roo_cmd_mux' with the following arguments: {'ament_cmake_args': None, 'build_base': '/home/roo/roo_ws/build/roo_cmd_mux', 'catkin_cmake_args': None, 'catkin_skip_building_tests': False, 'cmake_args': None, 'cmake_clean_cache': False, 'cmake_clean_first': False, 'cmake_force_configure': False, 'cmake_target': None, 'cmake_target_skip_unavailable': False, 'install_base': '/home/roo/roo_ws/install/roo_cmd_mux', 'merge_install': False, 'path': '/home/roo/roo_ws/src/roo_cmd_mux', 'symlink_install': False, 'test_result_base': None}
[0.308s] Level 5:colcon.colcon_core.verb:set package 'roo_libcamera' build argument 'cmake_args' from command line to 'None'
[0.308s] Level 5:colcon.colcon_core.verb:set package 'roo_libcamera' build argument 'cmake_target' from command line to 'None'
[0.308s] Level 5:colcon.colcon_core.verb:set package 'roo_libcamera' build argument 'cmake_target_skip_unavailable' from command line to 'False'
[0.308s] Level 5:colcon.colcon_core.verb:set package 'roo_libcamera' build argument 'cmake_clean_cache' from command line to 'False'
[0.308s] Level 5:colcon.colcon_core.verb:set package 'roo_libcamera' build argument 'cmake_clean_first' from command line to 'False'
[0.308s] Level 5:colcon.colcon_core.verb:set package 'roo_libcamera' build argument 'cmake_force_configure' from command line to 'False'
[0.308s] Level 5:colcon.colcon_core.verb:set package 'roo_libcamera' build argument 'ament_cmake_args' from command line to 'None'
[0.308s] Level 5:colcon.colcon_core.verb:set package 'roo_libcamera' build argument 'catkin_cmake_args' from command line to 'None'
[0.308s] Level 5:colcon.colcon_core.verb:set package 'roo_libcamera' build argument 'catkin_skip_building_tests' from command line to 'False'
[0.308s] DEBUG:colcon.colcon_core.verb:Building package 'roo_libcamera' with the following arguments: {'ament_cmake_args': None, 'build_base': '/home/roo/roo_ws/build/roo_libcamera', 'catkin_cmake_args': None, 'catkin_skip_building_tests': False, 'cmake_args': None, 'cmake_clean_cache': False, 'cmake_clean_first': False, 'cmake_force_configure': False, 'cmake_target': None, 'cmake_target_skip_unavailable': False, 'install_base': '/home/roo/roo_ws/install/roo_libcamera', 'merge_install': False, 'path': '/home/roo/roo_ws/src/roo_libcamera', 'symlink_install': False, 'test_result_base': None}
[0.309s] Level 5:colcon.colcon_core.verb:set package 'roo_protocol' build argument 'cmake_args' from command line to 'None'
[0.309s] Level 5:colcon.colcon_core.verb:set package 'roo_protocol' build argument 'cmake_target' from command line to 'None'
[0.309s] Level 5:colcon.colcon_core.verb:set package 'roo_protocol' build argument 'cmake_target_skip_unavailable' from command line to 'False'
[0.309s] Level 5:colcon.colcon_core.verb:set package 'roo_protocol' build argument 'cmake_clean_cache' from command line to 'False'
[0.309s] Level 5:colcon.colcon_core.verb:set package 'roo_protocol' build argument 'cmake_clean_first' from command line to 'False'
[0.309s] Level 5:colcon.colcon_core.verb:set package 'roo_protocol' build argument 'cmake_force_configure' from command line to 'False'
[0.309s] Level 5:colcon.colcon_core.verb:set package 'roo_protocol' build argument 'ament_cmake_args' from command line to 'None'
[0.309s] Level 5:colcon.colcon_core.verb:set package 'roo_protocol' build argument 'catkin_cmake_args' from command line to 'None'
[0.309s] Level 5:colcon.colcon_core.verb:set package 'roo_protocol' build argument 'catkin_skip_building_tests' from command line to 'False'
[0.309s] DEBUG:colcon.colcon_core.verb:Building package 'roo_protocol' with the following arguments: {'ament_cmake_args': None, 'build_base': '/home/roo/roo_ws/build/roo_protocol', 'catkin_cmake_args': None, 'catkin_skip_building_tests': False, 'cmake_args': None, 'cmake_clean_cache': False, 'cmake_clean_first': False, 'cmake_force_configure': False, 'cmake_target': None, 'cmake_target_skip_unavailable': False, 'install_base': '/home/roo/roo_ws/install/roo_protocol', 'merge_install': False, 'path': '/home/roo/roo_ws/src/roo_protocol', 'symlink_install': False, 'test_result_base': None}
[0.309s] Level 5:colcon.colcon_core.verb:set package 'roo_serial' build argument 'cmake_args' from command line to 'None'
[0.309s] Level 5:colcon.colcon_core.verb:set package 'roo_serial' build argument 'cmake_target' from command line to 'None'
[0.309s] Level 5:colcon.colcon_core.verb:set package 'roo_serial' build argument 'cmake_target_skip_unavailable' from command line to 'False'
[0.309s] Level 5:colcon.colcon_core.verb:set package 'roo_serial' build argument 'cmake_clean_cache' from command line to 'False'
[0.309s] Level 5:colcon.colcon_core.verb:set package 'roo_serial' build argument 'cmake_clean_first' from command line to 'False'
[0.309s] Level 5:colcon.colcon_core.verb:set package 'roo_serial' build argument 'cmake_force_configure' from command line to 'False'
[0.309s] Level 5:colcon.colcon_core.verb:set package 'roo_serial' build argument 'ament_cmake_args' from command line to 'None'
[0.309s] Level 5:colcon.colcon_core.verb:set package 'roo_serial' build argument 'catkin_cmake_args' from command line to 'None'
[0.309s] Level 5:colcon.colcon_core.verb:set package 'roo_serial' build argument 'catkin_skip_building_tests' from command line to 'False'
[0.309s] DEBUG:colcon.colcon_core.verb:Building package 'roo_serial' with the following arguments: {'ament_cmake_args': None, 'build_base': '/home/roo/roo_ws/build/roo_serial', 'catkin_cmake_args': None, 'catkin_skip_building_tests': False, 'cmake_args': None, 'cmake_clean_cache': False, 'cmake_clean_first': False, 'cmake_force_configure': False, 'cmake_target': None, 'cmake_target_skip_unavailable': False, 'install_base': '/home/roo/roo_ws/install/roo_serial', 'merge_install': False, 'path': '/home/roo/roo_ws/src/roo_serial', 'symlink_install': False, 'test_result_base': None}
[0.310s] Level 5:colcon.colcon_core.verb:set package 'roo_teleop_ps5' build argument 'cmake_args' from command line to 'None'
[0.310s] Level 5:colcon.colcon_core.verb:set package 'roo_teleop_ps5' build argument 'cmake_target' from command line to 'None'
[0.310s] Level 5:colcon.colcon_core.verb:set package 'roo_teleop_ps5' build argument 'cmake_target_skip_unavailable' from command line to 'False'
[0.310s] Level 5:colcon.colcon_core.verb:set package 'roo_teleop_ps5' build argument 'cmake_clean_cache' from command line to 'False'
[0.310s] Level 5:colcon.colcon_core.verb:set package 'roo_teleop_ps5' build argument 'cmake_clean_first' from command line to 'False'
[0.310s] Level 5:colcon.colcon_core.verb:set package 'roo_teleop_ps5' build argument 'cmake_force_configure' from command line to 'False'
[0.310s] Level 5:colcon.colcon_core.verb:set package 'roo_teleop_ps5' build argument 'ament_cmake_args' from command line to 'None'
[0.310s] Level 5:colcon.colcon_core.verb:set package 'roo_teleop_ps5' build argument 'catkin_cmake_args' from command line to 'None'
[0.310s] Level 5:colcon.colcon_core.verb:set package 'roo_teleop_ps5' build argument 'catkin_skip_building_tests' from command line to 'False'
[0.310s] DEBUG:colcon.colcon_core.verb:Building package 'roo_teleop_ps5' with the following arguments: {'ament_cmake_args': None, 'build_base': '/home/roo/roo_ws/build/roo_teleop_ps5', 'catkin_cmake_args': None, 'catkin_skip_building_tests': False, 'cmake_args': None, 'cmake_clean_cache': False, 'cmake_clean_first': False, 'cmake_force_configure': False, 'cmake_target': None, 'cmake_target_skip_unavailable': False, 'install_base': '/home/roo/roo_ws/install/roo_teleop_ps5', 'merge_install': False, 'path': '/home/roo/roo_ws/src/roo_teleop_ps5', 'symlink_install': False, 'test_result_base': None}
[0.310s] Level 5:colcon.colcon_core.verb:set package 'roo_vision' build argument 'cmake_args' from command line to 'None'
[0.310s] Level 5:colcon.colcon_core.verb:set package 'roo_vision' build argument 'cmake_target' from command line to 'None'
[0.310s] Level 5:colcon.colcon_core.verb:set package 'roo_vision' build argument 'cmake_target_skip_unavailable' from command line to 'False'
[0.310s] Level 5:colcon.colcon_core.verb:set package 'roo_vision' build argument 'cmake_clean_cache' from command line to 'False'
[0.310s] Level 5:colcon.colcon_core.verb:set package 'roo_vision' build argument 'cmake_clean_first' from command line to 'False'
[0.310s] Level 5:colcon.colcon_core.verb:set package 'roo_vision' build argument 'cmake_force_configure' from command line to 'False'
[0.310s] Level 5:colcon.colcon_core.verb:set package 'roo_vision' build argument 'ament_cmake_args' from command line to 'None'
[0.310s] Level 5:colcon.colcon_core.verb:set package 'roo_vision' build argument 'catkin_cmake_args' from command line to 'None'
[0.310s] Level 5:colcon.colcon_core.verb:set package 'roo_vision' build argument 'catkin_skip_building_tests' from command line to 'False'
[0.310s] DEBUG:colcon.colcon_core.verb:Building package 'roo_vision' with the following arguments: {'ament_cmake_args': None, 'build_base': '/home/roo/roo_ws/build/roo_vision', 'catkin_cmake_args': None, 'catkin_skip_building_tests': False, 'cmake_args': None, 'cmake_clean_cache': False, 'cmake_clean_first': False, 'cmake_force_configure': False, 'cmake_target': None, 'cmake_target_skip_unavailable': False, 'install_base': '/home/roo/roo_ws/install/roo_vision', 'merge_install': False, 'path': '/home/roo/roo_ws/src/roo_vision', 'symlink_install': False, 'test_result_base': None}
[0.311s] Level 5:colcon.colcon_core.verb:set package 'roo_web_bridge' build argument 'cmake_args' from command line to 'None'
[0.311s] Level 5:colcon.colcon_core.verb:set package 'roo_web_bridge' build argument 'cmake_target' from command line to 'None'
[0.311s] Level 5:colcon.colcon_core.verb:set package 'roo_web_bridge' build argument 'cmake_target_skip_unavailable' from command line to 'False'
[0.311s] Level 5:colcon.colcon_core.verb:set package 'roo_web_bridge' build argument 'cmake_clean_cache' from command line to 'False'
[0.311s] Level 5:colcon.colcon_core.verb:set package 'roo_web_bridge' build argument 'cmake_clean_first' from command line to 'False'
[0.311s] Level 5:colcon.colcon_core.verb:set package 'roo_web_bridge' build argument 'cmake_force_configure' from command line to 'False'
[0.311s] Level 5:colcon.colcon_core.verb:set package 'roo_web_bridge' build argument 'ament_cmake_args' from command line to 'None'
[0.311s] Level 5:colcon.colcon_core.verb:set package 'roo_web_bridge' build argument 'catkin_cmake_args' from command line to 'None'
[0.311s] Level 5:colcon.colcon_core.verb:set package 'roo_web_bridge' build argument 'catkin_skip_building_tests' from command line to 'False'
[0.311s] DEBUG:colcon.colcon_core.verb:Building package 'roo_web_bridge' with the following arguments: {'ament_cmake_args': None, 'build_base': '/home/roo/roo_ws/build/roo_web_bridge', 'catkin_cmake_args': None, 'catkin_skip_building_tests': False, 'cmake_args': None, 'cmake_clean_cache': False, 'cmake_clean_first': False, 'cmake_force_configure': False, 'cmake_target': None, 'cmake_target_skip_unavailable': False, 'install_base': '/home/roo/roo_ws/install/roo_web_bridge', 'merge_install': False, 'path': '/home/roo/roo_ws/src/roo_web_bridge', 'symlink_install': False, 'test_result_base': None}
[0.311s] INFO:colcon.colcon_core.executor:Executing jobs using 'parallel' executor
[0.313s] DEBUG:colcon.colcon_parallel_executor.executor.parallel:run_until_complete
[0.313s] INFO:colcon.colcon_ros.task.ament_python.build:Building ROS package in '/home/roo/roo_ws/src/roo_bringup' with build type 'ament_python'
[0.314s] Level 1:colcon.colcon_core.shell:create_environment_hook('roo_bringup', 'ament_prefix_path')
[0.316s] INFO:colcon.colcon_core.plugin_system:Skipping extension 'colcon_core.shell.bat': Not used on non-Windows systems
[0.316s] INFO:colcon.colcon_core.shell:Creating environment descriptor '/home/roo/roo_ws/install/roo_bringup/share/roo_bringup/hook/ament_prefix_path.dsv'
[0.317s] INFO:colcon.colcon_core.shell:Creating environment hook '/home/roo/roo_ws/install/roo_bringup/share/roo_bringup/hook/ament_prefix_path.sh'
[0.319s] DEBUG:colcon.colcon_core.shell:Skip shell extension 'dsv' for command environment
[0.326s] INFO:colcon.colcon_ros.task.ament_python.build:Building ROS package in '/home/roo/roo_ws/src/roo_cmd_mux' with build type 'ament_python'
[0.326s] Level 1:colcon.colcon_core.shell:create_environment_hook('roo_cmd_mux', 'ament_prefix_path')
[0.326s] INFO:colcon.colcon_core.shell:Creating environment descriptor '/home/roo/roo_ws/install/roo_cmd_mux/share/roo_cmd_mux/hook/ament_prefix_path.dsv'
[0.327s] INFO:colcon.colcon_core.shell:Creating environment hook '/home/roo/roo_ws/install/roo_cmd_mux/share/roo_cmd_mux/hook/ament_prefix_path.sh'
[0.328s] DEBUG:colcon.colcon_core.shell:Skip shell extension 'dsv' for command environment
[0.333s] INFO:colcon.colcon_ros.task.ament_python.build:Building ROS package in '/home/roo/roo_ws/src/roo_libcamera' with build type 'ament_python'
[0.333s] Level 1:colcon.colcon_core.shell:create_environment_hook('roo_libcamera', 'ament_prefix_path')
[0.333s] INFO:colcon.colcon_core.shell:Creating environment descriptor '/home/roo/roo_ws/install/roo_libcamera/share/roo_libcamera/hook/ament_prefix_path.dsv'
[0.334s] INFO:colcon.colcon_core.shell:Creating environment hook '/home/roo/roo_ws/install/roo_libcamera/share/roo_libcamera/hook/ament_prefix_path.sh'
[0.335s] DEBUG:colcon.colcon_core.shell:Skip shell extension 'dsv' for command environment
[0.339s] INFO:colcon.colcon_ros.task.ament_python.build:Building ROS package in '/home/roo/roo_ws/src/roo_protocol' with build type 'ament_python'
[0.340s] Level 1:colcon.colcon_core.shell:create_environment_hook('roo_protocol', 'ament_prefix_path')
[0.340s] INFO:colcon.colcon_core.shell:Creating environment descriptor '/home/roo/roo_ws/install/roo_protocol/share/roo_protocol/hook/ament_prefix_path.dsv'
[0.342s] INFO:colcon.colcon_core.shell:Creating environment hook '/home/roo/roo_ws/install/roo_protocol/share/roo_protocol/hook/ament_prefix_path.sh'
[0.343s] DEBUG:colcon.colcon_core.shell:Skip shell extension 'dsv' for command environment
[0.718s] INFO:colcon.colcon_core.task.python.build:Building Python package in '/home/roo/roo_ws/src/roo_bringup'
[0.719s] DEBUG:colcon.colcon_core.shell:Skip shell extension 'dsv' for command environment
[1.087s] INFO:colcon.colcon_core.task.python.build:Building Python package in '/home/roo/roo_ws/src/roo_cmd_mux'
[1.087s] DEBUG:colcon.colcon_core.shell:Skip shell extension 'dsv' for command environment
[1.461s] INFO:colcon.colcon_core.task.python.build:Building Python package in '/home/roo/roo_ws/src/roo_libcamera'
[1.462s] DEBUG:colcon.colcon_core.shell:Skip shell extension 'dsv' for command environment
[1.822s] INFO:colcon.colcon_core.task.python.build:Building Python package in '/home/roo/roo_ws/src/roo_protocol'
[1.822s] DEBUG:colcon.colcon_core.shell:Skip shell extension 'dsv' for command environment
[3.268s] DEBUG:colcon.colcon_core.event_handler.log_command:Invoking command in '/home/roo/roo_ws/src/roo_cmd_mux': DEBUGINFOD_URLS=https://debuginfod.ubuntu.com PYTHONPATH=/home/roo/roo_ws/build/roo_cmd_mux/prefix_override:/usr/lib/python3/dist-packages/colcon_core/task/python/colcon_distutils_commands:/home/roo/roo_ws/install/roo_cmd_mux/lib/python3.12/site-packages:${PYTHONPATH} /usr/bin/python3 -W ignore:setup.py install is deprecated -W ignore:easy_install command is deprecated setup.py egg_info --egg-base ../../build/roo_cmd_mux build --build-base /home/roo/roo_ws/build/roo_cmd_mux/build install --record /home/roo/roo_ws/build/roo_cmd_mux/install.log --single-version-externally-managed install_data
[4.218s] DEBUG:colcon.colcon_core.event_handler.log_command:Invoking command in '/home/roo/roo_ws/src/roo_bringup': DEBUGINFOD_URLS=https://debuginfod.ubuntu.com PYTHONPATH=/home/roo/roo_ws/build/roo_bringup/prefix_override:/usr/lib/python3/dist-packages/colcon_core/task/python/colcon_distutils_commands:/home/roo/roo_ws/install/roo_bringup/lib/python3.12/site-packages:${PYTHONPATH} /usr/bin/python3 -W ignore:setup.py install is deprecated -W ignore:easy_install command is deprecated setup.py egg_info --egg-base ../../build/roo_bringup build --build-base /home/roo/roo_ws/build/roo_bringup/build install --record /home/roo/roo_ws/build/roo_bringup/install.log --single-version-externally-managed install_data
[4.386s] DEBUG:colcon.colcon_core.event_handler.log_command:Invoking command in '/home/roo/roo_ws/src/roo_protocol': DEBUGINFOD_URLS=https://debuginfod.ubuntu.com PYTHONPATH=/home/roo/roo_ws/build/roo_protocol/prefix_override:/usr/lib/python3/dist-packages/colcon_core/task/python/colcon_distutils_commands:/home/roo/roo_ws/install/roo_protocol/lib/python3.12/site-packages:${PYTHONPATH} /usr/bin/python3 -W ignore:setup.py install is deprecated -W ignore:easy_install command is deprecated setup.py egg_info --egg-base ../../build/roo_protocol build --build-base /home/roo/roo_ws/build/roo_protocol/build install --record /home/roo/roo_ws/build/roo_protocol/install.log --single-version-externally-managed install_data
[4.607s] DEBUG:colcon.colcon_core.event_handler.log_command:Invoked command in '/home/roo/roo_ws/src/roo_cmd_mux' returned '0': DEBUGINFOD_URLS=https://debuginfod.ubuntu.com PYTHONPATH=/home/roo/roo_ws/build/roo_cmd_mux/prefix_override:/usr/lib/python3/dist-packages/colcon_core/task/python/colcon_distutils_commands:/home/roo/roo_ws/install/roo_cmd_mux/lib/python3.12/site-packages:${PYTHONPATH} /usr/bin/python3 -W ignore:setup.py install is deprecated -W ignore:easy_install command is deprecated setup.py egg_info --egg-base ../../build/roo_cmd_mux build --build-base /home/roo/roo_ws/build/roo_cmd_mux/build install --record /home/roo/roo_ws/build/roo_cmd_mux/install.log --single-version-externally-managed install_data
[4.612s] Level 1:colcon.colcon_core.environment:checking '/home/roo/roo_ws/install/roo_cmd_mux' for CMake module files
[4.613s] Level 1:colcon.colcon_core.environment:checking '/home/roo/roo_ws/install/roo_cmd_mux' for CMake config files
[4.614s] Level 1:colcon.colcon_core.environment:checking '/home/roo/roo_ws/install/roo_cmd_mux/lib'
[4.615s] Level 1:colcon.colcon_core.environment:checking '/home/roo/roo_ws/install/roo_cmd_mux/bin'
[4.615s] Level 1:colcon.colcon_core.environment:checking '/home/roo/roo_ws/install/roo_cmd_mux/lib/pkgconfig/roo_cmd_mux.pc'
[4.616s] Level 1:colcon.colcon_core.environment:checking '/home/roo/roo_ws/install/roo_cmd_mux/lib/python3.12/site-packages'
[4.616s] Level 1:colcon.colcon_core.shell:create_environment_hook('roo_cmd_mux', 'pythonpath')
[4.616s] INFO:colcon.colcon_core.shell:Creating environment descriptor '/home/roo/roo_ws/install/roo_cmd_mux/share/roo_cmd_mux/hook/pythonpath.dsv'
[4.617s] INFO:colcon.colcon_core.shell:Creating environment hook '/home/roo/roo_ws/install/roo_cmd_mux/share/roo_cmd_mux/hook/pythonpath.sh'
[4.619s] Level 1:colcon.colcon_core.environment:checking '/home/roo/roo_ws/install/roo_cmd_mux/bin'
[4.619s] Level 1:colcon.colcon_core.environment:create_environment_scripts_only(roo_cmd_mux)
[4.619s] INFO:colcon.colcon_core.shell:Creating package descriptor '/home/roo/roo_ws/install/roo_cmd_mux/share/roo_cmd_mux/package.dsv'
[4.621s] INFO:colcon.colcon_core.shell:Creating package script '/home/roo/roo_ws/install/roo_cmd_mux/share/roo_cmd_mux/package.sh'
[4.623s] INFO:colcon.colcon_core.shell:Creating package script '/home/roo/roo_ws/install/roo_cmd_mux/share/roo_cmd_mux/package.bash'
[4.624s] INFO:colcon.colcon_core.shell:Creating package script '/home/roo/roo_ws/install/roo_cmd_mux/share/roo_cmd_mux/package.zsh'
[4.625s] Level 1:colcon.colcon_core.environment:create_file_with_runtime_dependencies(/home/roo/roo_ws/install/roo_cmd_mux/share/colcon-core/packages/roo_cmd_mux)
[4.626s] INFO:colcon.colcon_ros.task.ament_python.build:Building ROS package in '/home/roo/roo_ws/src/roo_serial' with build type 'ament_python'
[4.626s] Level 1:colcon.colcon_core.shell:create_environment_hook('roo_serial', 'ament_prefix_path')
[4.627s] INFO:colcon.colcon_core.shell:Creating environment descriptor '/home/roo/roo_ws/install/roo_serial/share/roo_serial/hook/ament_prefix_path.dsv'
[4.627s] INFO:colcon.colcon_core.shell:Creating environment hook '/home/roo/roo_ws/install/roo_serial/share/roo_serial/hook/ament_prefix_path.sh'
[4.630s] DEBUG:colcon.colcon_core.shell:Skip shell extension 'dsv' for command environment
[4.990s] INFO:colcon.colcon_core.task.python.build:Building Python package in '/home/roo/roo_ws/src/roo_serial'
[4.991s] DEBUG:colcon.colcon_core.shell:Skip shell extension 'dsv' for command environment
[4.999s] DEBUG:colcon.colcon_core.event_handler.log_command:Invoking command in '/home/roo/roo_ws/src/roo_libcamera': DEBUGINFOD_URLS=https://debuginfod.ubuntu.com PYTHONPATH=/home/roo/roo_ws/build/roo_libcamera/prefix_override:/usr/lib/python3/dist-packages/colcon_core/task/python/colcon_distutils_commands:/home/roo/roo_ws/install/roo_libcamera/lib/python3.12/site-packages:${PYTHONPATH} /usr/bin/python3 -W ignore:setup.py install is deprecated -W ignore:easy_install command is deprecated setup.py egg_info --egg-base ../../build/roo_libcamera build --build-base /home/roo/roo_ws/build/roo_libcamera/build install --record /home/roo/roo_ws/build/roo_libcamera/install.log --single-version-externally-managed install_data
[5.268s] Level 1:colcon.colcon_core.environment:checking '/home/roo/roo_ws/install/roo_bringup' for CMake module files
[5.269s] Level 1:colcon.colcon_core.environment:checking '/home/roo/roo_ws/install/roo_bringup' for CMake config files
[5.270s] Level 1:colcon.colcon_core.environment:checking '/home/roo/roo_ws/install/roo_bringup/lib'
[5.270s] Level 1:colcon.colcon_core.environment:checking '/home/roo/roo_ws/install/roo_bringup/bin'
[5.270s] Level 1:colcon.colcon_core.environment:checking '/home/roo/roo_ws/install/roo_bringup/lib/pkgconfig/roo_bringup.pc'
[5.271s] Level 1:colcon.colcon_core.environment:checking '/home/roo/roo_ws/install/roo_bringup/lib/python3.12/site-packages'
[5.274s] Level 1:colcon.colcon_core.shell:create_environment_hook('roo_bringup', 'pythonpath')
[5.275s] DEBUG:colcon.colcon_core.event_handler.log_command:Invoked command in '/home/roo/roo_ws/src/roo_bringup' returned '0': DEBUGINFOD_URLS=https://debuginfod.ubuntu.com PYTHONPATH=/home/roo/roo_ws/build/roo_bringup/prefix_override:/usr/lib/python3/dist-packages/colcon_core/task/python/colcon_distutils_commands:/home/roo/roo_ws/install/roo_bringup/lib/python3.12/site-packages:${PYTHONPATH} /usr/bin/python3 -W ignore:setup.py install is deprecated -W ignore:easy_install command is deprecated setup.py egg_info --egg-base ../../build/roo_bringup build --build-base /home/roo/roo_ws/build/roo_bringup/build install --record /home/roo/roo_ws/build/roo_bringup/install.log --single-version-externally-managed install_data
[5.275s] INFO:colcon.colcon_core.shell:Creating environment descriptor '/home/roo/roo_ws/install/roo_bringup/share/roo_bringup/hook/pythonpath.dsv'
[5.276s] INFO:colcon.colcon_core.shell:Creating environment hook '/home/roo/roo_ws/install/roo_bringup/share/roo_bringup/hook/pythonpath.sh'
[5.280s] Level 1:colcon.colcon_core.environment:checking '/home/roo/roo_ws/install/roo_bringup/bin'
[5.280s] Level 1:colcon.colcon_core.environment:create_environment_scripts_only(roo_bringup)
[5.281s] INFO:colcon.colcon_core.shell:Creating package descriptor '/home/roo/roo_ws/install/roo_bringup/share/roo_bringup/package.dsv'
[5.284s] INFO:colcon.colcon_core.shell:Creating package script '/home/roo/roo_ws/install/roo_bringup/share/roo_bringup/package.sh'
[5.285s] INFO:colcon.colcon_core.shell:Creating package script '/home/roo/roo_ws/install/roo_bringup/share/roo_bringup/package.bash'
[5.287s] INFO:colcon.colcon_core.shell:Creating package script '/home/roo/roo_ws/install/roo_bringup/share/roo_bringup/package.zsh'
[5.289s] Level 1:colcon.colcon_core.environment:create_file_with_runtime_dependencies(/home/roo/roo_ws/install/roo_bringup/share/colcon-core/packages/roo_bringup)
[5.291s] INFO:colcon.colcon_ros.task.ament_python.build:Building ROS package in '/home/roo/roo_ws/src/roo_teleop_ps5' with build type 'ament_python'
[5.291s] Level 1:colcon.colcon_core.shell:create_environment_hook('roo_teleop_ps5', 'ament_prefix_path')
[5.292s] INFO:colcon.colcon_core.shell:Creating environment descriptor '/home/roo/roo_ws/install/roo_teleop_ps5/share/roo_teleop_ps5/hook/ament_prefix_path.dsv'
[5.293s] INFO:colcon.colcon_core.shell:Creating environment hook '/home/roo/roo_ws/install/roo_teleop_ps5/share/roo_teleop_ps5/hook/ament_prefix_path.sh'
[5.301s] DEBUG:colcon.colcon_core.shell:Skip shell extension 'dsv' for command environment
[5.792s] INFO:colcon.colcon_core.task.python.build:Building Python package in '/home/roo/roo_ws/src/roo_teleop_ps5'
[5.793s] DEBUG:colcon.colcon_core.shell:Skip shell extension 'dsv' for command environment
[5.799s] Level 1:colcon.colcon_core.environment:checking '/home/roo/roo_ws/install/roo_protocol' for CMake module files
[5.799s] DEBUG:colcon.colcon_core.event_handler.log_command:Invoked command in '/home/roo/roo_ws/src/roo_protocol' returned '0': DEBUGINFOD_URLS=https://debuginfod.ubuntu.com PYTHONPATH=/home/roo/roo_ws/build/roo_protocol/prefix_override:/usr/lib/python3/dist-packages/colcon_core/task/python/colcon_distutils_commands:/home/roo/roo_ws/install/roo_protocol/lib/python3.12/site-packages:${PYTHONPATH} /usr/bin/python3 -W ignore:setup.py install is deprecated -W ignore:easy_install command is deprecated setup.py egg_info --egg-base ../../build/roo_protocol build --build-base /home/roo/roo_ws/build/roo_protocol/build install --record /home/roo/roo_ws/build/roo_protocol/install.log --single-version-externally-managed install_data
[5.800s] Level 1:colcon.colcon_core.environment:checking '/home/roo/roo_ws/install/roo_protocol' for CMake config files
[5.801s] Level 1:colcon.colcon_core.environment:checking '/home/roo/roo_ws/install/roo_protocol/lib'
[5.801s] Level 1:colcon.colcon_core.environment:checking '/home/roo/roo_ws/install/roo_protocol/bin'
[5.801s] Level 1:colcon.colcon_core.environment:checking '/home/roo/roo_ws/install/roo_protocol/lib/pkgconfig/roo_protocol.pc'
[5.801s] Level 1:colcon.colcon_core.environment:checking '/home/roo/roo_ws/install/roo_protocol/lib/python3.12/site-packages'
[5.801s] Level 1:colcon.colcon_core.shell:create_environment_hook('roo_protocol', 'pythonpath')
[5.802s] INFO:colcon.colcon_core.shell:Creating environment descriptor '/home/roo/roo_ws/install/roo_protocol/share/roo_protocol/hook/pythonpath.dsv'
[5.802s] INFO:colcon.colcon_core.shell:Creating environment hook '/home/roo/roo_ws/install/roo_protocol/share/roo_protocol/hook/pythonpath.sh'
[5.804s] Level 1:colcon.colcon_core.environment:checking '/home/roo/roo_ws/install/roo_protocol/bin'
[5.804s] Level 1:colcon.colcon_core.environment:create_environment_scripts_only(roo_protocol)
[5.804s] INFO:colcon.colcon_core.shell:Creating package descriptor '/home/roo/roo_ws/install/roo_protocol/share/roo_protocol/package.dsv'
[5.805s] INFO:colcon.colcon_core.shell:Creating package script '/home/roo/roo_ws/install/roo_protocol/share/roo_protocol/package.sh'
[5.806s] INFO:colcon.colcon_core.shell:Creating package script '/home/roo/roo_ws/install/roo_protocol/share/roo_protocol/package.bash'
[5.806s] INFO:colcon.colcon_core.shell:Creating package script '/home/roo/roo_ws/install/roo_protocol/share/roo_protocol/package.zsh'
[5.807s] Level 1:colcon.colcon_core.environment:create_file_with_runtime_dependencies(/home/roo/roo_ws/install/roo_protocol/share/colcon-core/packages/roo_protocol)
[5.809s] INFO:colcon.colcon_ros.task.ament_python.build:Building ROS package in '/home/roo/roo_ws/src/roo_vision' with build type 'ament_python'
[5.809s] Level 1:colcon.colcon_core.shell:create_environment_hook('roo_vision', 'ament_prefix_path')
[5.809s] INFO:colcon.colcon_core.shell:Creating environment descriptor '/home/roo/roo_ws/install/roo_vision/share/roo_vision/hook/ament_prefix_path.dsv'
[5.810s] INFO:colcon.colcon_core.shell:Creating environment hook '/home/roo/roo_ws/install/roo_vision/share/roo_vision/hook/ament_prefix_path.sh'
[5.811s] DEBUG:colcon.colcon_core.shell:Skip shell extension 'dsv' for command environment
[6.248s] INFO:colcon.colcon_core.task.python.build:Building Python package in '/home/roo/roo_ws/src/roo_vision'
[6.249s] DEBUG:colcon.colcon_core.shell:Skip shell extension 'dsv' for command environment
[6.258s] DEBUG:colcon.colcon_core.event_handler.log_command:Invoking command in '/home/roo/roo_ws/src/roo_serial': DEBUGINFOD_URLS=https://debuginfod.ubuntu.com PYTHONPATH=/home/roo/roo_ws/build/roo_serial/prefix_override:/usr/lib/python3/dist-packages/colcon_core/task/python/colcon_distutils_commands:/home/roo/roo_ws/install/roo_serial/lib/python3.12/site-packages:${PYTHONPATH} /usr/bin/python3 -W ignore:setup.py install is deprecated -W ignore:easy_install command is deprecated setup.py egg_info --egg-base ../../build/roo_serial build --build-base /home/roo/roo_ws/build/roo_serial/build install --record /home/roo/roo_ws/build/roo_serial/install.log --single-version-externally-managed install_data
[6.259s] Level 1:colcon.colcon_core.environment:checking '/home/roo/roo_ws/install/roo_libcamera' for CMake module files
[6.260s] DEBUG:colcon.colcon_core.event_handler.log_command:Invoked command in '/home/roo/roo_ws/src/roo_libcamera' returned '0': DEBUGINFOD_URLS=https://debuginfod.ubuntu.com PYTHONPATH=/home/roo/roo_ws/build/roo_libcamera/prefix_override:/usr/lib/python3/dist-packages/colcon_core/task/python/colcon_distutils_commands:/home/roo/roo_ws/install/roo_libcamera/lib/python3.12/site-packages:${PYTHONPATH} /usr/bin/python3 -W ignore:setup.py install is deprecated -W ignore:easy_install command is deprecated setup.py egg_info --egg-base ../../build/roo_libcamera build --build-base /home/roo/roo_ws/build/roo_libcamera/build install --record /home/roo/roo_ws/build/roo_libcamera/install.log --single-version-externally-managed install_data
[6.260s] Level 1:colcon.colcon_core.environment:checking '/home/roo/roo_ws/install/roo_libcamera' for CMake config files
[6.261s] Level 1:colcon.colcon_core.environment:checking '/home/roo/roo_ws/install/roo_libcamera/lib'
[6.262s] Level 1:colcon.colcon_core.environment:checking '/home/roo/roo_ws/install/roo_libcamera/bin'
[6.262s] Level 1:colcon.colcon_core.environment:checking '/home/roo/roo_ws/install/roo_libcamera/lib/pkgconfig/roo_libcamera.pc'
[6.262s] Level 1:colcon.colcon_core.environment:checking '/home/roo/roo_ws/install/roo_libcamera/lib/python3.12/site-packages'
[6.262s] Level 1:colcon.colcon_core.shell:create_environment_hook('roo_libcamera', 'pythonpath')
[6.263s] INFO:colcon.colcon_core.shell:Creating environment descriptor '/home/roo/roo_ws/install/roo_libcamera/share/roo_libcamera/hook/pythonpath.dsv'
[6.263s] INFO:colcon.colcon_core.shell:Creating environment hook '/home/roo/roo_ws/install/roo_libcamera/share/roo_libcamera/hook/pythonpath.sh'
[6.265s] Level 1:colcon.colcon_core.environment:checking '/home/roo/roo_ws/install/roo_libcamera/bin'
[6.265s] Level 1:colcon.colcon_core.environment:create_environment_scripts_only(roo_libcamera)
[6.266s] INFO:colcon.colcon_core.shell:Creating package descriptor '/home/roo/roo_ws/install/roo_libcamera/share/roo_libcamera/package.dsv'
[6.267s] INFO:colcon.colcon_core.shell:Creating package script '/home/roo/roo_ws/install/roo_libcamera/share/roo_libcamera/package.sh'
[6.267s] INFO:colcon.colcon_core.shell:Creating package script '/home/roo/roo_ws/install/roo_libcamera/share/roo_libcamera/package.bash'
[6.268s] INFO:colcon.colcon_core.shell:Creating package script '/home/roo/roo_ws/install/roo_libcamera/share/roo_libcamera/package.zsh'
[6.269s] Level 1:colcon.colcon_core.environment:create_file_with_runtime_dependencies(/home/roo/roo_ws/install/roo_libcamera/share/colcon-core/packages/roo_libcamera)
[6.270s] INFO:colcon.colcon_ros.task.ament_python.build:Building ROS package in '/home/roo/roo_ws/src/roo_web_bridge' with build type 'ament_python'
[6.270s] Level 1:colcon.colcon_core.shell:create_environment_hook('roo_web_bridge', 'ament_prefix_path')
[6.271s] INFO:colcon.colcon_core.shell:Creating environment descriptor '/home/roo/roo_ws/install/roo_web_bridge/share/roo_web_bridge/hook/ament_prefix_path.dsv'
[6.272s] INFO:colcon.colcon_core.shell:Creating environment hook '/home/roo/roo_ws/install/roo_web_bridge/share/roo_web_bridge/hook/ament_prefix_path.sh'
[6.273s] DEBUG:colcon.colcon_core.shell:Skip shell extension 'dsv' for command environment
[6.686s] INFO:colcon.colcon_core.task.python.build:Building Python package in '/home/roo/roo_ws/src/roo_web_bridge'
[6.687s] DEBUG:colcon.colcon_core.shell:Skip shell extension 'dsv' for command environment
[6.854s] DEBUG:colcon.colcon_core.event_handler.log_command:Invoking command in '/home/roo/roo_ws/src/roo_teleop_ps5': DEBUGINFOD_URLS=https://debuginfod.ubuntu.com PYTHONPATH=/home/roo/roo_ws/build/roo_teleop_ps5/prefix_override:/usr/lib/python3/dist-packages/colcon_core/task/python/colcon_distutils_commands:/home/roo/roo_ws/install/roo_teleop_ps5/lib/python3.12/site-packages:${PYTHONPATH} /usr/bin/python3 -W ignore:setup.py install is deprecated -W ignore:easy_install command is deprecated setup.py egg_info --egg-base ../../build/roo_teleop_ps5 build --build-base /home/roo/roo_ws/build/roo_teleop_ps5/build install --record /home/roo/roo_ws/build/roo_teleop_ps5/install.log --single-version-externally-managed install_data
[7.230s] Level 1:colcon.colcon_core.environment:checking '/home/roo/roo_ws/install/roo_serial' for CMake module files
[7.231s] Level 1:colcon.colcon_core.environment:checking '/home/roo/roo_ws/install/roo_serial' for CMake config files
[7.232s] Level 1:colcon.colcon_core.environment:checking '/home/roo/roo_ws/install/roo_serial/lib'
[7.233s] Level 1:colcon.colcon_core.environment:checking '/home/roo/roo_ws/install/roo_serial/bin'
[7.233s] Level 1:colcon.colcon_core.environment:checking '/home/roo/roo_ws/install/roo_serial/lib/pkgconfig/roo_serial.pc'
[7.233s] Level 1:colcon.colcon_core.environment:checking '/home/roo/roo_ws/install/roo_serial/lib/python3.12/site-packages'
[7.234s] DEBUG:colcon.colcon_core.event_handler.log_command:Invoked command in '/home/roo/roo_ws/src/roo_serial' returned '0': DEBUGINFOD_URLS=https://debuginfod.ubuntu.com PYTHONPATH=/home/roo/roo_ws/build/roo_serial/prefix_override:/usr/lib/python3/dist-packages/colcon_core/task/python/colcon_distutils_commands:/home/roo/roo_ws/install/roo_serial/lib/python3.12/site-packages:${PYTHONPATH} /usr/bin/python3 -W ignore:setup.py install is deprecated -W ignore:easy_install command is deprecated setup.py egg_info --egg-base ../../build/roo_serial build --build-base /home/roo/roo_ws/build/roo_serial/build install --record /home/roo/roo_ws/build/roo_serial/install.log --single-version-externally-managed install_data
[7.234s] Level 1:colcon.colcon_core.shell:create_environment_hook('roo_serial', 'pythonpath')
[7.235s] INFO:colcon.colcon_core.shell:Creating environment descriptor '/home/roo/roo_ws/install/roo_serial/share/roo_serial/hook/pythonpath.dsv'
[7.236s] INFO:colcon.colcon_core.shell:Creating environment hook '/home/roo/roo_ws/install/roo_serial/share/roo_serial/hook/pythonpath.sh'
[7.245s] Level 1:colcon.colcon_core.environment:checking '/home/roo/roo_ws/install/roo_serial/bin'
[7.246s] Level 1:colcon.colcon_core.environment:create_environment_scripts_only(roo_serial)
[7.246s] INFO:colcon.colcon_core.shell:Creating package descriptor '/home/roo/roo_ws/install/roo_serial/share/roo_serial/package.dsv'
[7.248s] INFO:colcon.colcon_core.shell:Creating package script '/home/roo/roo_ws/install/roo_serial/share/roo_serial/package.sh'
[7.249s] INFO:colcon.colcon_core.shell:Creating package script '/home/roo/roo_ws/install/roo_serial/share/roo_serial/package.bash'
[7.249s] INFO:colcon.colcon_core.shell:Creating package script '/home/roo/roo_ws/install/roo_serial/share/roo_serial/package.zsh'
[7.250s] Level 1:colcon.colcon_core.environment:create_file_with_runtime_dependencies(/home/roo/roo_ws/install/roo_serial/share/colcon-core/packages/roo_serial)
[7.357s] DEBUG:colcon.colcon_core.event_handler.log_command:Invoking command in '/home/roo/roo_ws/src/roo_vision': DEBUGINFOD_URLS=https://debuginfod.ubuntu.com PYTHONPATH=/home/roo/roo_ws/build/roo_vision/prefix_override:/usr/lib/python3/dist-packages/colcon_core/task/python/colcon_distutils_commands:/home/roo/roo_ws/install/roo_vision/lib/python3.12/site-packages:${PYTHONPATH} /usr/bin/python3 -W ignore:setup.py install is deprecated -W ignore:easy_install command is deprecated setup.py egg_info --egg-base ../../build/roo_vision build --build-base /home/roo/roo_ws/build/roo_vision/build install --record /home/roo/roo_ws/build/roo_vision/install.log --single-version-externally-managed install_data
[7.718s] DEBUG:colcon.colcon_core.event_handler.log_command:Invoking command in '/home/roo/roo_ws/src/roo_web_bridge': DEBUGINFOD_URLS=https://debuginfod.ubuntu.com PYTHONPATH=/home/roo/roo_ws/build/roo_web_bridge/prefix_override:/usr/lib/python3/dist-packages/colcon_core/task/python/colcon_distutils_commands:/home/roo/roo_ws/install/roo_web_bridge/lib/python3.12/site-packages:${PYTHONPATH} /usr/bin/python3 -W ignore:setup.py install is deprecated -W ignore:easy_install command is deprecated setup.py egg_info --egg-base ../../build/roo_web_bridge build --build-base /home/roo/roo_ws/build/roo_web_bridge/build install --record /home/roo/roo_ws/build/roo_web_bridge/install.log --single-version-externally-managed install_data
[7.761s] Level 1:colcon.colcon_core.environment:checking '/home/roo/roo_ws/install/roo_teleop_ps5' for CMake module files
[7.762s] Level 1:colcon.colcon_core.environment:checking '/home/roo/roo_ws/install/roo_teleop_ps5' for CMake config files
[7.763s] Level 1:colcon.colcon_core.environment:checking '/home/roo/roo_ws/install/roo_teleop_ps5/lib'
[7.763s] DEBUG:colcon.colcon_core.event_handler.log_command:Invoked command in '/home/roo/roo_ws/src/roo_teleop_ps5' returned '0': DEBUGINFOD_URLS=https://debuginfod.ubuntu.com PYTHONPATH=/home/roo/roo_ws/build/roo_teleop_ps5/prefix_override:/usr/lib/python3/dist-packages/colcon_core/task/python/colcon_distutils_commands:/home/roo/roo_ws/install/roo_teleop_ps5/lib/python3.12/site-packages:${PYTHONPATH} /usr/bin/python3 -W ignore:setup.py install is deprecated -W ignore:easy_install command is deprecated setup.py egg_info --egg-base ../../build/roo_teleop_ps5 build --build-base /home/roo/roo_ws/build/roo_teleop_ps5/build install --record /home/roo/roo_ws/build/roo_teleop_ps5/install.log --single-version-externally-managed install_data
[7.763s] Level 1:colcon.colcon_core.environment:checking '/home/roo/roo_ws/install/roo_teleop_ps5/bin'
[7.764s] Level 1:colcon.colcon_core.environment:checking '/home/roo/roo_ws/install/roo_teleop_ps5/lib/pkgconfig/roo_teleop_ps5.pc'
[7.764s] Level 1:colcon.colcon_core.environment:checking '/home/roo/roo_ws/install/roo_teleop_ps5/lib/python3.12/site-packages'
[7.764s] Level 1:colcon.colcon_core.shell:create_environment_hook('roo_teleop_ps5', 'pythonpath')
[7.764s] INFO:colcon.colcon_core.shell:Creating environment descriptor '/home/roo/roo_ws/install/roo_teleop_ps5/share/roo_teleop_ps5/hook/pythonpath.dsv'
[7.765s] INFO:colcon.colcon_core.shell:Creating environment hook '/home/roo/roo_ws/install/roo_teleop_ps5/share/roo_teleop_ps5/hook/pythonpath.sh'
[7.766s] Level 1:colcon.colcon_core.environment:checking '/home/roo/roo_ws/install/roo_teleop_ps5/bin'
[7.766s] Level 1:colcon.colcon_core.environment:create_environment_scripts_only(roo_teleop_ps5)
[7.767s] INFO:colcon.colcon_core.shell:Creating package descriptor '/home/roo/roo_ws/install/roo_teleop_ps5/share/roo_teleop_ps5/package.dsv'
[7.768s] INFO:colcon.colcon_core.shell:Creating package script '/home/roo/roo_ws/install/roo_teleop_ps5/share/roo_teleop_ps5/package.sh'
[7.769s] INFO:colcon.colcon_core.shell:Creating package script '/home/roo/roo_ws/install/roo_teleop_ps5/share/roo_teleop_ps5/package.bash'
[7.769s] INFO:colcon.colcon_core.shell:Creating package script '/home/roo/roo_ws/install/roo_teleop_ps5/share/roo_teleop_ps5/package.zsh'
[7.770s] Level 1:colcon.colcon_core.environment:create_file_with_runtime_dependencies(/home/roo/roo_ws/install/roo_teleop_ps5/share/colcon-core/packages/roo_teleop_ps5)
[8.161s] Level 1:colcon.colcon_core.environment:checking '/home/roo/roo_ws/install/roo_vision' for CMake module files
[8.161s] DEBUG:colcon.colcon_core.event_handler.log_command:Invoked command in '/home/roo/roo_ws/src/roo_vision' returned '0': DEBUGINFOD_URLS=https://debuginfod.ubuntu.com PYTHONPATH=/home/roo/roo_ws/build/roo_vision/prefix_override:/usr/lib/python3/dist-packages/colcon_core/task/python/colcon_distutils_commands:/home/roo/roo_ws/install/roo_vision/lib/python3.12/site-packages:${PYTHONPATH} /usr/bin/python3 -W ignore:setup.py install is deprecated -W ignore:easy_install command is deprecated setup.py egg_info --egg-base ../../build/roo_vision build --build-base /home/roo/roo_ws/build/roo_vision/build install --record /home/roo/roo_ws/build/roo_vision/install.log --single-version-externally-managed install_data
[8.162s] Level 1:colcon.colcon_core.environment:checking '/home/roo/roo_ws/install/roo_vision' for CMake config files
[8.162s] Level 1:colcon.colcon_core.environment:checking '/home/roo/roo_ws/install/roo_vision/lib'
[8.162s] Level 1:colcon.colcon_core.environment:checking '/home/roo/roo_ws/install/roo_vision/bin'
[8.162s] Level 1:colcon.colcon_core.environment:checking '/home/roo/roo_ws/install/roo_vision/lib/pkgconfig/roo_vision.pc'
[8.163s] Level 1:colcon.colcon_core.environment:checking '/home/roo/roo_ws/install/roo_vision/lib/python3.12/site-packages'
[8.163s] Level 1:colcon.colcon_core.shell:create_environment_hook('roo_vision', 'pythonpath')
[8.163s] INFO:colcon.colcon_core.shell:Creating environment descriptor '/home/roo/roo_ws/install/roo_vision/share/roo_vision/hook/pythonpath.dsv'
[8.164s] INFO:colcon.colcon_core.shell:Creating environment hook '/home/roo/roo_ws/install/roo_vision/share/roo_vision/hook/pythonpath.sh'
[8.165s] Level 1:colcon.colcon_core.environment:checking '/home/roo/roo_ws/install/roo_vision/bin'
[8.165s] Level 1:colcon.colcon_core.environment:create_environment_scripts_only(roo_vision)
[8.165s] INFO:colcon.colcon_core.shell:Creating package descriptor '/home/roo/roo_ws/install/roo_vision/share/roo_vision/package.dsv'
[8.166s] INFO:colcon.colcon_core.shell:Creating package script '/home/roo/roo_ws/install/roo_vision/share/roo_vision/package.sh'
[8.169s] INFO:colcon.colcon_core.shell:Creating package script '/home/roo/roo_ws/install/roo_vision/share/roo_vision/package.bash'
[8.169s] INFO:colcon.colcon_core.shell:Creating package script '/home/roo/roo_ws/install/roo_vision/share/roo_vision/package.zsh'
[8.170s] Level 1:colcon.colcon_core.environment:create_file_with_runtime_dependencies(/home/roo/roo_ws/install/roo_vision/share/colcon-core/packages/roo_vision)
[8.476s] Level 1:colcon.colcon_core.environment:checking '/home/roo/roo_ws/install/roo_web_bridge' for CMake module files
[8.477s] DEBUG:colcon.colcon_core.event_handler.log_command:Invoked command in '/home/roo/roo_ws/src/roo_web_bridge' returned '0': DEBUGINFOD_URLS=https://debuginfod.ubuntu.com PYTHONPATH=/home/roo/roo_ws/build/roo_web_bridge/prefix_override:/usr/lib/python3/dist-packages/colcon_core/task/python/colcon_distutils_commands:/home/roo/roo_ws/install/roo_web_bridge/lib/python3.12/site-packages:${PYTHONPATH} /usr/bin/python3 -W ignore:setup.py install is deprecated -W ignore:easy_install command is deprecated setup.py egg_info --egg-base ../../build/roo_web_bridge build --build-base /home/roo/roo_ws/build/roo_web_bridge/build install --record /home/roo/roo_ws/build/roo_web_bridge/install.log --single-version-externally-managed install_data
[8.477s] Level 1:colcon.colcon_core.environment:checking '/home/roo/roo_ws/install/roo_web_bridge' for CMake config files
[8.478s] Level 1:colcon.colcon_core.environment:checking '/home/roo/roo_ws/install/roo_web_bridge/lib'
[8.478s] Level 1:colcon.colcon_core.environment:checking '/home/roo/roo_ws/install/roo_web_bridge/bin'
[8.478s] Level 1:colcon.colcon_core.environment:checking '/home/roo/roo_ws/install/roo_web_bridge/lib/pkgconfig/roo_web_bridge.pc'
[8.478s] Level 1:colcon.colcon_core.environment:checking '/home/roo/roo_ws/install/roo_web_bridge/lib/python3.12/site-packages'
[8.479s] Level 1:colcon.colcon_core.shell:create_environment_hook('roo_web_bridge', 'pythonpath')
[8.479s] INFO:colcon.colcon_core.shell:Creating environment descriptor '/home/roo/roo_ws/install/roo_web_bridge/share/roo_web_bridge/hook/pythonpath.dsv'
[8.479s] INFO:colcon.colcon_core.shell:Creating environment hook '/home/roo/roo_ws/install/roo_web_bridge/share/roo_web_bridge/hook/pythonpath.sh'
[8.481s] Level 1:colcon.colcon_core.environment:checking '/home/roo/roo_ws/install/roo_web_bridge/bin'
[8.481s] Level 1:colcon.colcon_core.environment:create_environment_scripts_only(roo_web_bridge)
[8.481s] INFO:colcon.colcon_core.shell:Creating package descriptor '/home/roo/roo_ws/install/roo_web_bridge/share/roo_web_bridge/package.dsv'
[8.482s] INFO:colcon.colcon_core.shell:Creating package script '/home/roo/roo_ws/install/roo_web_bridge/share/roo_web_bridge/package.sh'
[8.482s] INFO:colcon.colcon_core.shell:Creating package script '/home/roo/roo_ws/install/roo_web_bridge/share/roo_web_bridge/package.bash'
[8.483s] INFO:colcon.colcon_core.shell:Creating package script '/home/roo/roo_ws/install/roo_web_bridge/share/roo_web_bridge/package.zsh'
[8.484s] Level 1:colcon.colcon_core.environment:create_file_with_runtime_dependencies(/home/roo/roo_ws/install/roo_web_bridge/share/colcon-core/packages/roo_web_bridge)
[8.485s] DEBUG:colcon.colcon_parallel_executor.executor.parallel:closing loop
[8.485s] DEBUG:colcon.colcon_parallel_executor.executor.parallel:loop closed
[8.486s] DEBUG:colcon.colcon_parallel_executor.executor.parallel:run_until_complete finished with '0'
[8.486s] DEBUG:colcon.colcon_core.event_reactor:joining thread
[8.493s] INFO:colcon.colcon_core.plugin_system:Skipping extension 'colcon_notification.desktop_notification.terminal_notifier': Not used on non-Darwin systems
[8.494s] INFO:colcon.colcon_core.plugin_system:Skipping extension 'colcon_notification.desktop_notification.win32': Not used on non-Windows systems
[8.494s] INFO:colcon.colcon_notification.desktop_notification:Sending desktop notification using 'notify2'
[8.495s] DEBUG:colcon.colcon_notification.desktop_notification.notify2:Failed to initialize notify2: org.freedesktop.DBus.Error.ServiceUnknown: The name org.freedesktop.Notifications was not provided by any .service files
[8.495s] DEBUG:colcon.colcon_core.event_reactor:joined thread
[8.496s] INFO:colcon.colcon_core.shell:Creating prefix script '/home/roo/roo_ws/install/local_setup.sh'
[8.497s] INFO:colcon.colcon_core.shell:Creating prefix util module '/home/roo/roo_ws/install/_local_setup_util_sh.py'
[8.498s] INFO:colcon.colcon_core.shell:Creating prefix chain script '/home/roo/roo_ws/install/setup.sh'
[8.500s] INFO:colcon.colcon_core.shell:Creating prefix script '/home/roo/roo_ws/install/local_setup.bash'
[8.502s] INFO:colcon.colcon_core.shell:Creating prefix chain script '/home/roo/roo_ws/install/setup.bash'
[8.503s] INFO:colcon.colcon_core.shell:Creating prefix script '/home/roo/roo_ws/install/local_setup.zsh'
[8.504s] INFO:colcon.colcon_core.shell:Creating prefix chain script '/home/roo/roo_ws/install/setup.zsh'
