running develop
running egg_info
creating roo_cmd_mux.egg-info
writing roo_cmd_mux.egg-info/PKG-INFO
writing dependency_links to roo_cmd_mux.egg-info/dependency_links.txt
writing entry points to roo_cmd_mux.egg-info/entry_points.txt
writing requirements to roo_cmd_mux.egg-info/requires.txt
writing top-level names to roo_cmd_mux.egg-info/top_level.txt
writing manifest file 'roo_cmd_mux.egg-info/SOURCES.txt'
reading manifest file 'roo_cmd_mux.egg-info/SOURCES.txt'
writing manifest file 'roo_cmd_mux.egg-info/SOURCES.txt'
running build_ext
Creating /home/roo/roo_ws/install/roo_cmd_mux/lib/python3.12/site-packages/roo-cmd-mux.egg-link (link to .)
Installing cmd_mux script to /home/roo/roo_ws/install/roo_cmd_mux/lib/roo_cmd_mux

Installed /home/roo/roo_ws/build/roo_cmd_mux
running symlink_data
creating /home/roo/roo_ws/install/roo_cmd_mux/share/ament_index
creating /home/roo/roo_ws/install/roo_cmd_mux/share/ament_index/resource_index
creating /home/roo/roo_ws/install/roo_cmd_mux/share/ament_index/resource_index/packages
symbolically linking /home/roo/roo_ws/build/roo_cmd_mux/resource/roo_cmd_mux -> /home/roo/roo_ws/install/roo_cmd_mux/share/ament_index/resource_index/packages
symbolically linking /home/roo/roo_ws/build/roo_cmd_mux/package.xml -> /home/roo/roo_ws/install/roo_cmd_mux/share/roo_cmd_mux
