running develop
Removing /home/roo/roo_ws/install/roo_serial/lib/python3.12/site-packages/roo-serial.egg-link (link to .)
running egg_info
writing ../../build/roo_serial/roo_serial.egg-info/PKG-INFO
writing dependency_links to ../../build/roo_serial/roo_serial.egg-info/dependency_links.txt
writing entry points to ../../build/roo_serial/roo_serial.egg-info/entry_points.txt
writing requirements to ../../build/roo_serial/roo_serial.egg-info/requires.txt
writing top-level names to ../../build/roo_serial/roo_serial.egg-info/top_level.txt
reading manifest file '../../build/roo_serial/roo_serial.egg-info/SOURCES.txt'
writing manifest file '../../build/roo_serial/roo_serial.egg-info/SOURCES.txt'
running build
running build_py
running install
running install_lib
creating /home/roo/roo_ws/install/roo_serial/lib/python3.12/site-packages/roo_serial
copying /home/roo/roo_ws/build/roo_serial/build/lib/roo_serial/__init__.py -> /home/roo/roo_ws/install/roo_serial/lib/python3.12/site-packages/roo_serial
copying /home/roo/roo_ws/build/roo_serial/build/lib/roo_serial/serial_rx_node.py -> /home/roo/roo_ws/install/roo_serial/lib/python3.12/site-packages/roo_serial
copying /home/roo/roo_ws/build/roo_serial/build/lib/roo_serial/serial_tx_node.py -> /home/roo/roo_ws/install/roo_serial/lib/python3.12/site-packages/roo_serial
byte-compiling /home/roo/roo_ws/install/roo_serial/lib/python3.12/site-packages/roo_serial/__init__.py to __init__.cpython-312.pyc
byte-compiling /home/roo/roo_ws/install/roo_serial/lib/python3.12/site-packages/roo_serial/serial_rx_node.py to serial_rx_node.cpython-312.pyc
byte-compiling /home/roo/roo_ws/install/roo_serial/lib/python3.12/site-packages/roo_serial/serial_tx_node.py to serial_tx_node.cpython-312.pyc
running install_data
copying resource/roo_serial -> /home/roo/roo_ws/install/roo_serial/share/ament_index/resource_index/packages
copying package.xml -> /home/roo/roo_ws/install/roo_serial/share/roo_serial
running install_egg_info
Copying ../../build/roo_serial/roo_serial.egg-info to /home/roo/roo_ws/install/roo_serial/lib/python3.12/site-packages/roo_serial-0.0.0-py3.12.egg-info
running install_scripts
Installing serial_rx script to /home/roo/roo_ws/install/roo_serial/lib/roo_serial
Installing serial_tx script to /home/roo/roo_ws/install/roo_serial/lib/roo_serial
writing list of installed files to '/home/roo/roo_ws/build/roo_serial/install.log'
