[1.568s] Invoking command in '/home/roo/roo_ws/build/roo_serial': DEBUGINFOD_URLS=https://debuginfod.ubuntu.com PYTHONPATH=/home/roo/roo_ws/build/roo_serial/prefix_override:/usr/lib/python3/dist-packages/colcon_core/task/python/colcon_distutils_commands:/home/roo/roo_ws/install/roo_serial/lib/python3.12/site-packages:${PYTHONPATH} /usr/bin/python3 -W ignore:setup.py install is deprecated -W ignore:easy_install command is deprecated setup.py develop --uninstall --editable --build-directory /home/roo/roo_ws/build/roo_serial/build
[2.188s] running develop
[2.593s] Removing /home/roo/roo_ws/install/roo_serial/lib/python3.12/site-packages/roo-serial.egg-link (link to .)
[2.767s] Invoked command in '/home/roo/roo_ws/build/roo_serial' returned '0': DEBUGINFOD_URLS=https://debuginfod.ubuntu.com PYTHONPATH=/home/roo/roo_ws/build/roo_serial/prefix_override:/usr/lib/python3/dist-packages/colcon_core/task/python/colcon_distutils_commands:/home/roo/roo_ws/install/roo_serial/lib/python3.12/site-packages:${PYTHONPATH} /usr/bin/python3 -W ignore:setup.py install is deprecated -W ignore:easy_install command is deprecated setup.py develop --uninstall --editable --build-directory /home/roo/roo_ws/build/roo_serial/build
[2.769s] Invoking command in '/home/roo/roo_ws/src/roo_serial': DEBUGINFOD_URLS=https://debuginfod.ubuntu.com PYTHONPATH=/home/roo/roo_ws/build/roo_serial/prefix_override:/usr/lib/python3/dist-packages/colcon_core/task/python/colcon_distutils_commands:/home/roo/roo_ws/install/roo_serial/lib/python3.12/site-packages:${PYTHONPATH} /usr/bin/python3 -W ignore:setup.py install is deprecated -W ignore:easy_install command is deprecated setup.py egg_info --egg-base ../../build/roo_serial build --build-base /home/roo/roo_ws/build/roo_serial/build install --record /home/roo/roo_ws/build/roo_serial/install.log --single-version-externally-managed install_data --force
[3.382s] running egg_info
[3.416s] writing ../../build/roo_serial/roo_serial.egg-info/PKG-INFO
[3.419s] writing dependency_links to ../../build/roo_serial/roo_serial.egg-info/dependency_links.txt
[3.419s] writing entry points to ../../build/roo_serial/roo_serial.egg-info/entry_points.txt
[3.419s] writing requirements to ../../build/roo_serial/roo_serial.egg-info/requires.txt
[3.419s] writing top-level names to ../../build/roo_serial/roo_serial.egg-info/top_level.txt
[3.508s] reading manifest file '../../build/roo_serial/roo_serial.egg-info/SOURCES.txt'
[3.508s] writing manifest file '../../build/roo_serial/roo_serial.egg-info/SOURCES.txt'
[3.508s] running build
[3.508s] running build_py
[3.510s] running install
[3.523s] running install_lib
[3.555s] creating /home/roo/roo_ws/install/roo_serial/lib/python3.12/site-packages/roo_serial
[3.555s] copying /home/roo/roo_ws/build/roo_serial/build/lib/roo_serial/__init__.py -> /home/roo/roo_ws/install/roo_serial/lib/python3.12/site-packages/roo_serial
[3.555s] copying /home/roo/roo_ws/build/roo_serial/build/lib/roo_serial/serial_rx_node.py -> /home/roo/roo_ws/install/roo_serial/lib/python3.12/site-packages/roo_serial
[3.555s] copying /home/roo/roo_ws/build/roo_serial/build/lib/roo_serial/serial_tx_node.py -> /home/roo/roo_ws/install/roo_serial/lib/python3.12/site-packages/roo_serial
[3.555s] byte-compiling /home/roo/roo_ws/install/roo_serial/lib/python3.12/site-packages/roo_serial/__init__.py to __init__.cpython-312.pyc
[3.556s] byte-compiling /home/roo/roo_ws/install/roo_serial/lib/python3.12/site-packages/roo_serial/serial_rx_node.py to serial_rx_node.cpython-312.pyc
[3.558s] byte-compiling /home/roo/roo_ws/install/roo_serial/lib/python3.12/site-packages/roo_serial/serial_tx_node.py to serial_tx_node.cpython-312.pyc
[3.559s] running install_data
[3.561s] copying resource/roo_serial -> /home/roo/roo_ws/install/roo_serial/share/ament_index/resource_index/packages
[3.561s] copying package.xml -> /home/roo/roo_ws/install/roo_serial/share/roo_serial
[3.562s] running install_egg_info
[3.587s] Copying ../../build/roo_serial/roo_serial.egg-info to /home/roo/roo_ws/install/roo_serial/lib/python3.12/site-packages/roo_serial-0.0.0-py3.12.egg-info
[3.589s] running install_scripts
[3.792s] Installing serial_rx script to /home/roo/roo_ws/install/roo_serial/lib/roo_serial
[3.792s] Installing serial_tx script to /home/roo/roo_ws/install/roo_serial/lib/roo_serial
[3.794s] writing list of installed files to '/home/roo/roo_ws/build/roo_serial/install.log'
[3.953s] Invoked command in '/home/roo/roo_ws/src/roo_serial' returned '0': DEBUGINFOD_URLS=https://debuginfod.ubuntu.com PYTHONPATH=/home/roo/roo_ws/build/roo_serial/prefix_override:/usr/lib/python3/dist-packages/colcon_core/task/python/colcon_distutils_commands:/home/roo/roo_ws/install/roo_serial/lib/python3.12/site-packages:${PYTHONPATH} /usr/bin/python3 -W ignore:setup.py install is deprecated -W ignore:easy_install command is deprecated setup.py egg_info --egg-base ../../build/roo_serial build --build-base /home/roo/roo_ws/build/roo_serial/build install --record /home/roo/roo_ws/build/roo_serial/install.log --single-version-externally-managed install_data --force
