[2.257s] Invoking command in '/home/roo/roo_ws/build/roo_teleop_ps5': DEBUGINFOD_URLS=https://debuginfod.ubuntu.com PYTHONPATH=/home/roo/roo_ws/build/roo_teleop_ps5/prefix_override:/usr/lib/python3/dist-packages/colcon_core/task/python/colcon_distutils_commands:/home/roo/roo_ws/install/roo_teleop_ps5/lib/python3.12/site-packages:${PYTHONPATH} /usr/bin/python3 -W ignore:setup.py install is deprecated -W ignore:easy_install command is deprecated setup.py develop --uninstall --editable --build-directory /home/roo/roo_ws/build/roo_teleop_ps5/build
[3.008s] running develop
[3.326s] Removing /home/roo/roo_ws/install/roo_teleop_ps5/lib/python3.12/site-packages/roo-teleop-ps5.egg-link (link to .)
[3.487s] Invoked command in '/home/roo/roo_ws/build/roo_teleop_ps5' returned '0': DEBUGINFOD_URLS=https://debuginfod.ubuntu.com PYTHONPATH=/home/roo/roo_ws/build/roo_teleop_ps5/prefix_override:/usr/lib/python3/dist-packages/colcon_core/task/python/colcon_distutils_commands:/home/roo/roo_ws/install/roo_teleop_ps5/lib/python3.12/site-packages:${PYTHONPATH} /usr/bin/python3 -W ignore:setup.py install is deprecated -W ignore:easy_install command is deprecated setup.py develop --uninstall --editable --build-directory /home/roo/roo_ws/build/roo_teleop_ps5/build
[3.488s] Invoking command in '/home/roo/roo_ws/src/roo_teleop_ps5': DEBUGINFOD_URLS=https://debuginfod.ubuntu.com PYTHONPATH=/home/roo/roo_ws/build/roo_teleop_ps5/prefix_override:/usr/lib/python3/dist-packages/colcon_core/task/python/colcon_distutils_commands:/home/roo/roo_ws/install/roo_teleop_ps5/lib/python3.12/site-packages:${PYTHONPATH} /usr/bin/python3 -W ignore:setup.py install is deprecated -W ignore:easy_install command is deprecated setup.py egg_info --egg-base ../../build/roo_teleop_ps5 build --build-base /home/roo/roo_ws/build/roo_teleop_ps5/build install --record /home/roo/roo_ws/build/roo_teleop_ps5/install.log --single-version-externally-managed install_data --force
[3.929s] running egg_info
[3.953s] writing ../../build/roo_teleop_ps5/roo_teleop_ps5.egg-info/PKG-INFO
[3.954s] writing dependency_links to ../../build/roo_teleop_ps5/roo_teleop_ps5.egg-info/dependency_links.txt
[3.954s] writing entry points to ../../build/roo_teleop_ps5/roo_teleop_ps5.egg-info/entry_points.txt
[3.955s] writing requirements to ../../build/roo_teleop_ps5/roo_teleop_ps5.egg-info/requires.txt
[3.956s] writing top-level names to ../../build/roo_teleop_ps5/roo_teleop_ps5.egg-info/top_level.txt
[4.006s] reading manifest file '../../build/roo_teleop_ps5/roo_teleop_ps5.egg-info/SOURCES.txt'
[4.007s] writing manifest file '../../build/roo_teleop_ps5/roo_teleop_ps5.egg-info/SOURCES.txt'
[4.007s] running build
[4.007s] running build_py
[4.009s] running install
[4.020s] running install_lib
[4.044s] creating /home/roo/roo_ws/install/roo_teleop_ps5/lib/python3.12/site-packages/roo_teleop_ps5
[4.044s] copying /home/roo/roo_ws/build/roo_teleop_ps5/build/lib/roo_teleop_ps5/teleop_ps5_node.py -> /home/roo/roo_ws/install/roo_teleop_ps5/lib/python3.12/site-packages/roo_teleop_ps5
[4.045s] copying /home/roo/roo_ws/build/roo_teleop_ps5/build/lib/roo_teleop_ps5/__init__.py -> /home/roo/roo_ws/install/roo_teleop_ps5/lib/python3.12/site-packages/roo_teleop_ps5
[4.046s] byte-compiling /home/roo/roo_ws/install/roo_teleop_ps5/lib/python3.12/site-packages/roo_teleop_ps5/teleop_ps5_node.py to teleop_ps5_node.cpython-312.pyc
[4.050s] byte-compiling /home/roo/roo_ws/install/roo_teleop_ps5/lib/python3.12/site-packages/roo_teleop_ps5/__init__.py to __init__.cpython-312.pyc
[4.050s] running install_data
[4.051s] copying resource/roo_teleop_ps5 -> /home/roo/roo_ws/install/roo_teleop_ps5/share/ament_index/resource_index/packages
[4.051s] copying package.xml -> /home/roo/roo_ws/install/roo_teleop_ps5/share/roo_teleop_ps5
[4.051s] running install_egg_info
[4.078s] Copying ../../build/roo_teleop_ps5/roo_teleop_ps5.egg-info to /home/roo/roo_ws/install/roo_teleop_ps5/lib/python3.12/site-packages/roo_teleop_ps5-0.0.0-py3.12.egg-info
[4.080s] running install_scripts
[4.264s] Installing teleop script to /home/roo/roo_ws/install/roo_teleop_ps5/lib/roo_teleop_ps5
[4.264s] writing list of installed files to '/home/roo/roo_ws/build/roo_teleop_ps5/install.log'
[4.383s] Invoked command in '/home/roo/roo_ws/src/roo_teleop_ps5' returned '0': DEBUGINFOD_URLS=https://debuginfod.ubuntu.com PYTHONPATH=/home/roo/roo_ws/build/roo_teleop_ps5/prefix_override:/usr/lib/python3/dist-packages/colcon_core/task/python/colcon_distutils_commands:/home/roo/roo_ws/install/roo_teleop_ps5/lib/python3.12/site-packages:${PYTHONPATH} /usr/bin/python3 -W ignore:setup.py install is deprecated -W ignore:easy_install command is deprecated setup.py egg_info --egg-base ../../build/roo_teleop_ps5 build --build-base /home/roo/roo_ws/build/roo_teleop_ps5/build install --record /home/roo/roo_ws/build/roo_teleop_ps5/install.log --single-version-externally-managed install_data --force
