[0.139s] DEBUG:colcon:Command line arguments: ['/usr/bin/colcon', 'build']
[0.139s] DEBUG:colcon:Parsed command line arguments: Namespace(log_base=None, log_level=None, verb_name='build', build_base='build', install_base='install', merge_install=False, symlink_install=False, test_result_base=None, continue_on_error=False, executor='parallel', parallel_workers=4, event_handlers=None, ignore_user_meta=False, metas=['./colcon.meta'], base_paths=['.'], packages_ignore=None, packages_ignore_regex=None, paths=None, packages_up_to=None, packages_up_to_regex=None, packages_above=None, packages_above_and_dependencies=None, packages_above_depth=None, packages_select_by_dep=None, packages_skip_by_dep=None, packages_skip_up_to=None, packages_select_build_failed=False, packages_skip_build_finished=False, packages_select_test_failures=False, packages_skip_test_passed=False, packages_select=None, packages_skip=None, packages_select_regex=None, packages_skip_regex=None, packages_start=None, packages_end=None, cmake_args=None, cmake_target=None, cmake_target_skip_unavailable=False, cmake_clean_cache=False, cmake_clean_first=False, cmake_force_configure=False, ament_cmake_args=None, catkin_cmake_args=None, catkin_skip_building_tests=False, verb_parser=<colcon_defaults.argument_parser.defaults.DefaultArgumentsDecorator object at 0xffffa784dc40>, verb_extension=<colcon_core.verb.build.BuildVerb object at 0xffffa7a354f0>, main=<bound method BuildVerb.main of <colcon_core.verb.build.BuildVerb object at 0xffffa7a354f0>>)
[0.195s] Level 1:colcon.colcon_core.package_discovery:discover_packages(colcon_meta) check parameters
[0.195s] Level 1:colcon.colcon_core.package_discovery:discover_packages(recursive) check parameters
[0.195s] Level 1:colcon.colcon_core.package_discovery:discover_packages(ignore) check parameters
[0.195s] Level 1:colcon.colcon_core.package_discovery:discover_packages(path) check parameters
[0.195s] Level 1:colcon.colcon_core.package_discovery:discover_packages(colcon_meta) discover
[0.195s] Level 1:colcon.colcon_core.package_discovery:discover_packages(recursive) discover
[0.196s] INFO:colcon.colcon_core.package_discovery:Crawling recursively for packages in '/home/roo/roo_ws'
[0.196s] Level 1:colcon.colcon_core.package_identification:_identify(.) by extensions ['ignore', 'ignore_ament_install']
[0.196s] Level 1:colcon.colcon_core.package_identification:_identify(.) by extension 'ignore'
[0.196s] Level 1:colcon.colcon_core.package_identification:_identify(.) by extension 'ignore_ament_install'
[0.196s] Level 1:colcon.colcon_core.package_identification:_identify(.) by extensions ['colcon_pkg']
[0.196s] Level 1:colcon.colcon_core.package_identification:_identify(.) by extension 'colcon_pkg'
[0.196s] Level 1:colcon.colcon_core.package_identification:_identify(.) by extensions ['colcon_meta']
[0.196s] Level 1:colcon.colcon_core.package_identification:_identify(.) by extension 'colcon_meta'
[0.196s] Level 1:colcon.colcon_core.package_identification:_identify(.) by extensions ['ros']
[0.196s] Level 1:colcon.colcon_core.package_identification:_identify(.) by extension 'ros'
[0.232s] Level 1:colcon.colcon_core.package_identification:_identify(.) by extensions ['cmake', 'python']
[0.232s] Level 1:colcon.colcon_core.package_identification:_identify(.) by extension 'cmake'
[0.232s] Level 1:colcon.colcon_core.package_identification:_identify(.) by extension 'python'
[0.232s] Level 1:colcon.colcon_core.package_identification:_identify(.) by extensions ['python_setup_py']
[0.232s] Level 1:colcon.colcon_core.package_identification:_identify(.) by extension 'python_setup_py'
[0.232s] Level 1:colcon.colcon_core.package_identification:_identify(build) by extensions ['ignore', 'ignore_ament_install']
[0.233s] Level 1:colcon.colcon_core.package_identification:_identify(build) by extension 'ignore'
[0.233s] Level 1:colcon.colcon_core.package_identification:_identify(build) ignored
[0.233s] Level 1:colcon.colcon_core.package_identification:_identify(install) by extensions ['ignore', 'ignore_ament_install']
[0.233s] Level 1:colcon.colcon_core.package_identification:_identify(install) by extension 'ignore'
[0.233s] Level 1:colcon.colcon_core.package_identification:_identify(install) ignored
[0.233s] Level 1:colcon.colcon_core.package_identification:_identify(log) by extensions ['ignore', 'ignore_ament_install']
[0.233s] Level 1:colcon.colcon_core.package_identification:_identify(log) by extension 'ignore'
[0.233s] Level 1:colcon.colcon_core.package_identification:_identify(log) ignored
[0.233s] Level 1:colcon.colcon_core.package_identification:_identify(src) by extensions ['ignore', 'ignore_ament_install']
[0.233s] Level 1:colcon.colcon_core.package_identification:_identify(src) by extension 'ignore'
[0.233s] Level 1:colcon.colcon_core.package_identification:_identify(src) by extension 'ignore_ament_install'
[0.234s] Level 1:colcon.colcon_core.package_identification:_identify(src) by extensions ['colcon_pkg']
[0.234s] Level 1:colcon.colcon_core.package_identification:_identify(src) by extension 'colcon_pkg'
[0.234s] Level 1:colcon.colcon_core.package_identification:_identify(src) by extensions ['colcon_meta']
[0.234s] Level 1:colcon.colcon_core.package_identification:_identify(src) by extension 'colcon_meta'
[0.234s] Level 1:colcon.colcon_core.package_identification:_identify(src) by extensions ['ros']
[0.234s] Level 1:colcon.colcon_core.package_identification:_identify(src) by extension 'ros'
[0.234s] Level 1:colcon.colcon_core.package_identification:_identify(src) by extensions ['cmake', 'python']
[0.234s] Level 1:colcon.colcon_core.package_identification:_identify(src) by extension 'cmake'
[0.234s] Level 1:colcon.colcon_core.package_identification:_identify(src) by extension 'python'
[0.234s] Level 1:colcon.colcon_core.package_identification:_identify(src) by extensions ['python_setup_py']
[0.234s] Level 1:colcon.colcon_core.package_identification:_identify(src) by extension 'python_setup_py'
[0.234s] Level 1:colcon.colcon_core.package_identification:_identify(src/roo_bringup) by extensions ['ignore', 'ignore_ament_install']
[0.234s] Level 1:colcon.colcon_core.package_identification:_identify(src/roo_bringup) by extension 'ignore'
[0.234s] Level 1:colcon.colcon_core.package_identification:_identify(src/roo_bringup) by extension 'ignore_ament_install'
[0.234s] Level 1:colcon.colcon_core.package_identification:_identify(src/roo_bringup) by extensions ['colcon_pkg']
[0.234s] Level 1:colcon.colcon_core.package_identification:_identify(src/roo_bringup) by extension 'colcon_pkg'
[0.234s] Level 1:colcon.colcon_core.package_identification:_identify(src/roo_bringup) by extensions ['colcon_meta']
[0.234s] Level 1:colcon.colcon_core.package_identification:_identify(src/roo_bringup) by extension 'colcon_meta'
[0.234s] Level 1:colcon.colcon_core.package_identification:_identify(src/roo_bringup) by extensions ['ros']
[0.234s] Level 1:colcon.colcon_core.package_identification:_identify(src/roo_bringup) by extension 'ros'
[0.237s] DEBUG:colcon.colcon_core.package_identification:Package 'src/roo_bringup' with type 'ros.ament_python' and name 'roo_bringup'
[0.238s] Level 1:colcon.colcon_core.package_identification:_identify(src/roo_cmd_mux) by extensions ['ignore', 'ignore_ament_install']
[0.238s] Level 1:colcon.colcon_core.package_identification:_identify(src/roo_cmd_mux) by extension 'ignore'
[0.238s] Level 1:colcon.colcon_core.package_identification:_identify(src/roo_cmd_mux) by extension 'ignore_ament_install'
[0.238s] Level 1:colcon.colcon_core.package_identification:_identify(src/roo_cmd_mux) by extensions ['colcon_pkg']
[0.238s] Level 1:colcon.colcon_core.package_identification:_identify(src/roo_cmd_mux) by extension 'colcon_pkg'
[0.238s] Level 1:colcon.colcon_core.package_identification:_identify(src/roo_cmd_mux) by extensions ['colcon_meta']
[0.238s] Level 1:colcon.colcon_core.package_identification:_identify(src/roo_cmd_mux) by extension 'colcon_meta'
[0.238s] Level 1:colcon.colcon_core.package_identification:_identify(src/roo_cmd_mux) by extensions ['ros']
[0.238s] Level 1:colcon.colcon_core.package_identification:_identify(src/roo_cmd_mux) by extension 'ros'
[0.239s] DEBUG:colcon.colcon_core.package_identification:Package 'src/roo_cmd_mux' with type 'ros.ament_python' and name 'roo_cmd_mux'
[0.239s] Level 1:colcon.colcon_core.package_identification:_identify(src/roo_libcamera) by extensions ['ignore', 'ignore_ament_install']
[0.239s] Level 1:colcon.colcon_core.package_identification:_identify(src/roo_libcamera) by extension 'ignore'
[0.239s] Level 1:colcon.colcon_core.package_identification:_identify(src/roo_libcamera) by extension 'ignore_ament_install'
[0.239s] Level 1:colcon.colcon_core.package_identification:_identify(src/roo_libcamera) by extensions ['colcon_pkg']
[0.239s] Level 1:colcon.colcon_core.package_identification:_identify(src/roo_libcamera) by extension 'colcon_pkg'
[0.239s] Level 1:colcon.colcon_core.package_identification:_identify(src/roo_libcamera) by extensions ['colcon_meta']
[0.239s] Level 1:colcon.colcon_core.package_identification:_identify(src/roo_libcamera) by extension 'colcon_meta'
[0.239s] Level 1:colcon.colcon_core.package_identification:_identify(src/roo_libcamera) by extensions ['ros']
[0.239s] Level 1:colcon.colcon_core.package_identification:_identify(src/roo_libcamera) by extension 'ros'
[0.240s] DEBUG:colcon.colcon_core.package_identification:Package 'src/roo_libcamera' with type 'ros.ament_python' and name 'roo_libcamera'
[0.240s] Level 1:colcon.colcon_core.package_identification:_identify(src/roo_protocol) by extensions ['ignore', 'ignore_ament_install']
[0.240s] Level 1:colcon.colcon_core.package_identification:_identify(src/roo_protocol) by extension 'ignore'
[0.240s] Level 1:colcon.colcon_core.package_identification:_identify(src/roo_protocol) by extension 'ignore_ament_install'
[0.240s] Level 1:colcon.colcon_core.package_identification:_identify(src/roo_protocol) by extensions ['colcon_pkg']
[0.240s] Level 1:colcon.colcon_core.package_identification:_identify(src/roo_protocol) by extension 'colcon_pkg'
[0.240s] Level 1:colcon.colcon_core.package_identification:_identify(src/roo_protocol) by extensions ['colcon_meta']
[0.240s] Level 1:colcon.colcon_core.package_identification:_identify(src/roo_protocol) by extension 'colcon_meta'
[0.240s] Level 1:colcon.colcon_core.package_identification:_identify(src/roo_protocol) by extensions ['ros']
[0.240s] Level 1:colcon.colcon_core.package_identification:_identify(src/roo_protocol) by extension 'ros'
[0.243s] DEBUG:colcon.colcon_core.package_identification:Package 'src/roo_protocol' with type 'ros.ament_python' and name 'roo_protocol'
[0.243s] Level 1:colcon.colcon_core.package_identification:_identify(src/roo_serial) by extensions ['ignore', 'ignore_ament_install']
[0.243s] Level 1:colcon.colcon_core.package_identification:_identify(src/roo_serial) by extension 'ignore'
[0.243s] Level 1:colcon.colcon_core.package_identification:_identify(src/roo_serial) by extension 'ignore_ament_install'
[0.243s] Level 1:colcon.colcon_core.package_identification:_identify(src/roo_serial) by extensions ['colcon_pkg']
[0.243s] Level 1:colcon.colcon_core.package_identification:_identify(src/roo_serial) by extension 'colcon_pkg'
[0.243s] Level 1:colcon.colcon_core.package_identification:_identify(src/roo_serial) by extensions ['colcon_meta']
[0.243s] Level 1:colcon.colcon_core.package_identification:_identify(src/roo_serial) by extension 'colcon_meta'
[0.243s] Level 1:colcon.colcon_core.package_identification:_identify(src/roo_serial) by extensions ['ros']
[0.243s] Level 1:colcon.colcon_core.package_identification:_identify(src/roo_serial) by extension 'ros'
[0.244s] DEBUG:colcon.colcon_core.package_identification:Package 'src/roo_serial' with type 'ros.ament_python' and name 'roo_serial'
[0.244s] Level 1:colcon.colcon_core.package_identification:_identify(src/roo_teleop_ps5) by extensions ['ignore', 'ignore_ament_install']
[0.244s] Level 1:colcon.colcon_core.package_identification:_identify(src/roo_teleop_ps5) by extension 'ignore'
[0.244s] Level 1:colcon.colcon_core.package_identification:_identify(src/roo_teleop_ps5) by extension 'ignore_ament_install'
[0.244s] Level 1:colcon.colcon_core.package_identification:_identify(src/roo_teleop_ps5) by extensions ['colcon_pkg']
[0.244s] Level 1:colcon.colcon_core.package_identification:_identify(src/roo_teleop_ps5) by extension 'colcon_pkg'
[0.245s] Level 1:colcon.colcon_core.package_identification:_identify(src/roo_teleop_ps5) by extensions ['colcon_meta']
[0.245s] Level 1:colcon.colcon_core.package_identification:_identify(src/roo_teleop_ps5) by extension 'colcon_meta'
[0.245s] Level 1:colcon.colcon_core.package_identification:_identify(src/roo_teleop_ps5) by extensions ['ros']
[0.245s] Level 1:colcon.colcon_core.package_identification:_identify(src/roo_teleop_ps5) by extension 'ros'
[0.245s] DEBUG:colcon.colcon_core.package_identification:Package 'src/roo_teleop_ps5' with type 'ros.ament_python' and name 'roo_teleop_ps5'
[0.245s] Level 1:colcon.colcon_core.package_identification:_identify(src/roo_vision) by extensions ['ignore', 'ignore_ament_install']
[0.245s] Level 1:colcon.colcon_core.package_identification:_identify(src/roo_vision) by extension 'ignore'
[0.246s] Level 1:colcon.colcon_core.package_identification:_identify(src/roo_vision) by extension 'ignore_ament_install'
[0.246s] Level 1:colcon.colcon_core.package_identification:_identify(src/roo_vision) by extensions ['colcon_pkg']
[0.246s] Level 1:colcon.colcon_core.package_identification:_identify(src/roo_vision) by extension 'colcon_pkg'
[0.246s] Level 1:colcon.colcon_core.package_identification:_identify(src/roo_vision) by extensions ['colcon_meta']
[0.246s] Level 1:colcon.colcon_core.package_identification:_identify(src/roo_vision) by extension 'colcon_meta'
[0.246s] Level 1:colcon.colcon_core.package_identification:_identify(src/roo_vision) by extensions ['ros']
[0.246s] Level 1:colcon.colcon_core.package_identification:_identify(src/roo_vision) by extension 'ros'
[0.246s] DEBUG:colcon.colcon_core.package_identification:Package 'src/roo_vision' with type 'ros.ament_python' and name 'roo_vision'
[0.246s] Level 1:colcon.colcon_core.package_identification:_identify(src/roo_web_bridge) by extensions ['ignore', 'ignore_ament_install']
[0.247s] Level 1:colcon.colcon_core.package_identification:_identify(src/roo_web_bridge) by extension 'ignore'
[0.247s] Level 1:colcon.colcon_core.package_identification:_identify(src/roo_web_bridge) by extension 'ignore_ament_install'
[0.247s] Level 1:colcon.colcon_core.package_identification:_identify(src/roo_web_bridge) by extensions ['colcon_pkg']
[0.247s] Level 1:colcon.colcon_core.package_identification:_identify(src/roo_web_bridge) by extension 'colcon_pkg'
[0.247s] Level 1:colcon.colcon_core.package_identification:_identify(src/roo_web_bridge) by extensions ['colcon_meta']
[0.247s] Level 1:colcon.colcon_core.package_identification:_identify(src/roo_web_bridge) by extension 'colcon_meta'
[0.247s] Level 1:colcon.colcon_core.package_identification:_identify(src/roo_web_bridge) by extensions ['ros']
[0.247s] Level 1:colcon.colcon_core.package_identification:_identify(src/roo_web_bridge) by extension 'ros'
[0.247s] DEBUG:colcon.colcon_core.package_identification:Package 'src/roo_web_bridge' with type 'ros.ament_python' and name 'roo_web_bridge'
[0.247s] Level 1:colcon.colcon_core.package_identification:_identify(web_dashboard) by extensions ['ignore', 'ignore_ament_install']
[0.248s] Level 1:colcon.colcon_core.package_identification:_identify(web_dashboard) by extension 'ignore'
[0.248s] Level 1:colcon.colcon_core.package_identification:_identify(web_dashboard) by extension 'ignore_ament_install'
[0.248s] Level 1:colcon.colcon_core.package_identification:_identify(web_dashboard) by extensions ['colcon_pkg']
[0.248s] Level 1:colcon.colcon_core.package_identification:_identify(web_dashboard) by extension 'colcon_pkg'
[0.248s] Level 1:colcon.colcon_core.package_identification:_identify(web_dashboard) by extensions ['colcon_meta']
[0.248s] Level 1:colcon.colcon_core.package_identification:_identify(web_dashboard) by extension 'colcon_meta'
[0.248s] Level 1:colcon.colcon_core.package_identification:_identify(web_dashboard) by extensions ['ros']
[0.248s] Level 1:colcon.colcon_core.package_identification:_identify(web_dashboard) by extension 'ros'
[0.248s] Level 1:colcon.colcon_core.package_identification:_identify(web_dashboard) by extensions ['cmake', 'python']
[0.248s] Level 1:colcon.colcon_core.package_identification:_identify(web_dashboard) by extension 'cmake'
[0.248s] Level 1:colcon.colcon_core.package_identification:_identify(web_dashboard) by extension 'python'
[0.248s] Level 1:colcon.colcon_core.package_identification:_identify(web_dashboard) by extensions ['python_setup_py']
[0.248s] Level 1:colcon.colcon_core.package_identification:_identify(web_dashboard) by extension 'python_setup_py'
[0.248s] Level 1:colcon.colcon_core.package_discovery:discover_packages(recursive) using defaults
[0.248s] Level 1:colcon.colcon_core.package_discovery:discover_packages(ignore) discover
[0.248s] Level 1:colcon.colcon_core.package_discovery:discover_packages(ignore) using defaults
[0.248s] Level 1:colcon.colcon_core.package_discovery:discover_packages(path) discover
[0.248s] Level 1:colcon.colcon_core.package_discovery:discover_packages(path) using defaults
[0.274s] Level 5:colcon.colcon_core.verb:set package 'roo_bringup' build argument 'cmake_args' from command line to 'None'
[0.274s] Level 5:colcon.colcon_core.verb:set package 'roo_bringup' build argument 'cmake_target' from command line to 'None'
[0.274s] Level 5:colcon.colcon_core.verb:set package 'roo_bringup' build argument 'cmake_target_skip_unavailable' from command line to 'False'
[0.274s] Level 5:colcon.colcon_core.verb:set package 'roo_bringup' build argument 'cmake_clean_cache' from command line to 'False'
[0.274s] Level 5:colcon.colcon_core.verb:set package 'roo_bringup' build argument 'cmake_clean_first' from command line to 'False'
[0.274s] Level 5:colcon.colcon_core.verb:set package 'roo_bringup' build argument 'cmake_force_configure' from command line to 'False'
[0.274s] Level 5:colcon.colcon_core.verb:set package 'roo_bringup' build argument 'ament_cmake_args' from command line to 'None'
[0.274s] Level 5:colcon.colcon_core.verb:set package 'roo_bringup' build argument 'catkin_cmake_args' from command line to 'None'
[0.274s] Level 5:colcon.colcon_core.verb:set package 'roo_bringup' build argument 'catkin_skip_building_tests' from command line to 'False'
[0.274s] DEBUG:colcon.colcon_core.verb:Building package 'roo_bringup' with the following arguments: {'ament_cmake_args': None, 'build_base': '/home/roo/roo_ws/build/roo_bringup', 'catkin_cmake_args': None, 'catkin_skip_building_tests': False, 'cmake_args': None, 'cmake_clean_cache': False, 'cmake_clean_first': False, 'cmake_force_configure': False, 'cmake_target': None, 'cmake_target_skip_unavailable': False, 'install_base': '/home/roo/roo_ws/install/roo_bringup', 'merge_install': False, 'path': '/home/roo/roo_ws/src/roo_bringup', 'symlink_install': False, 'test_result_base': None}
[0.274s] Level 5:colcon.colcon_core.verb:set package 'roo_cmd_mux' build argument 'cmake_args' from command line to 'None'
[0.274s] Level 5:colcon.colcon_core.verb:set package 'roo_cmd_mux' build argument 'cmake_target' from command line to 'None'
[0.274s] Level 5:colcon.colcon_core.verb:set package 'roo_cmd_mux' build argument 'cmake_target_skip_unavailable' from command line to 'False'
[0.274s] Level 5:colcon.colcon_core.verb:set package 'roo_cmd_mux' build argument 'cmake_clean_cache' from command line to 'False'
[0.274s] Level 5:colcon.colcon_core.verb:set package 'roo_cmd_mux' build argument 'cmake_clean_first' from command line to 'False'
[0.275s] Level 5:colcon.colcon_core.verb:set package 'roo_cmd_mux' build argument 'cmake_force_configure' from command line to 'False'
[0.275s] Level 5:colcon.colcon_core.verb:set package 'roo_cmd_mux' build argument 'ament_cmake_args' from command line to 'None'
[0.275s] Level 5:colcon.colcon_core.verb:set package 'roo_cmd_mux' build argument 'catkin_cmake_args' from command line to 'None'
[0.275s] Level 5:colcon.colcon_core.verb:set package 'roo_cmd_mux' build argument 'catkin_skip_building_tests' from command line to 'False'
[0.275s] DEBUG:colcon.colcon_core.verb:Building package 'roo_cmd_mux' with the following arguments: {'ament_cmake_args': None, 'build_base': '/home/roo/roo_ws/build/roo_cmd_mux', 'catkin_cmake_args': None, 'catkin_skip_building_tests': False, 'cmake_args': None, 'cmake_clean_cache': False, 'cmake_clean_first': False, 'cmake_force_configure': False, 'cmake_target': None, 'cmake_target_skip_unavailable': False, 'install_base': '/home/roo/roo_ws/install/roo_cmd_mux', 'merge_install': False, 'path': '/home/roo/roo_ws/src/roo_cmd_mux', 'symlink_install': False, 'test_result_base': None}
[0.275s] Level 5:colcon.colcon_core.verb:set package 'roo_libcamera' build argument 'cmake_args' from command line to 'None'
[0.275s] Level 5:colcon.colcon_core.verb:set package 'roo_libcamera' build argument 'cmake_target' from command line to 'None'
[0.275s] Level 5:colcon.colcon_core.verb:set package 'roo_libcamera' build argument 'cmake_target_skip_unavailable' from command line to 'False'
[0.275s] Level 5:colcon.colcon_core.verb:set package 'roo_libcamera' build argument 'cmake_clean_cache' from command line to 'False'
[0.275s] Level 5:colcon.colcon_core.verb:set package 'roo_libcamera' build argument 'cmake_clean_first' from command line to 'False'
[0.275s] Level 5:colcon.colcon_core.verb:set package 'roo_libcamera' build argument 'cmake_force_configure' from command line to 'False'
[0.275s] Level 5:colcon.colcon_core.verb:set package 'roo_libcamera' build argument 'ament_cmake_args' from command line to 'None'
[0.275s] Level 5:colcon.colcon_core.verb:set package 'roo_libcamera' build argument 'catkin_cmake_args' from command line to 'None'
[0.275s] Level 5:colcon.colcon_core.verb:set package 'roo_libcamera' build argument 'catkin_skip_building_tests' from command line to 'False'
[0.275s] DEBUG:colcon.colcon_core.verb:Building package 'roo_libcamera' with the following arguments: {'ament_cmake_args': None, 'build_base': '/home/roo/roo_ws/build/roo_libcamera', 'catkin_cmake_args': None, 'catkin_skip_building_tests': False, 'cmake_args': None, 'cmake_clean_cache': False, 'cmake_clean_first': False, 'cmake_force_configure': False, 'cmake_target': None, 'cmake_target_skip_unavailable': False, 'install_base': '/home/roo/roo_ws/install/roo_libcamera', 'merge_install': False, 'path': '/home/roo/roo_ws/src/roo_libcamera', 'symlink_install': False, 'test_result_base': None}
[0.275s] Level 5:colcon.colcon_core.verb:set package 'roo_protocol' build argument 'cmake_args' from command line to 'None'
[0.275s] Level 5:colcon.colcon_core.verb:set package 'roo_protocol' build argument 'cmake_target' from command line to 'None'
[0.275s] Level 5:colcon.colcon_core.verb:set package 'roo_protocol' build argument 'cmake_target_skip_unavailable' from command line to 'False'
[0.276s] Level 5:colcon.colcon_core.verb:set package 'roo_protocol' build argument 'cmake_clean_cache' from command line to 'False'
[0.276s] Level 5:colcon.colcon_core.verb:set package 'roo_protocol' build argument 'cmake_clean_first' from command line to 'False'
[0.276s] Level 5:colcon.colcon_core.verb:set package 'roo_protocol' build argument 'cmake_force_configure' from command line to 'False'
[0.276s] Level 5:colcon.colcon_core.verb:set package 'roo_protocol' build argument 'ament_cmake_args' from command line to 'None'
[0.276s] Level 5:colcon.colcon_core.verb:set package 'roo_protocol' build argument 'catkin_cmake_args' from command line to 'None'
[0.276s] Level 5:colcon.colcon_core.verb:set package 'roo_protocol' build argument 'catkin_skip_building_tests' from command line to 'False'
[0.276s] DEBUG:colcon.colcon_core.verb:Building package 'roo_protocol' with the following arguments: {'ament_cmake_args': None, 'build_base': '/home/roo/roo_ws/build/roo_protocol', 'catkin_cmake_args': None, 'catkin_skip_building_tests': False, 'cmake_args': None, 'cmake_clean_cache': False, 'cmake_clean_first': False, 'cmake_force_configure': False, 'cmake_target': None, 'cmake_target_skip_unavailable': False, 'install_base': '/home/roo/roo_ws/install/roo_protocol', 'merge_install': False, 'path': '/home/roo/roo_ws/src/roo_protocol', 'symlink_install': False, 'test_result_base': None}
[0.276s] Level 5:colcon.colcon_core.verb:set package 'roo_serial' build argument 'cmake_args' from command line to 'None'
[0.276s] Level 5:colcon.colcon_core.verb:set package 'roo_serial' build argument 'cmake_target' from command line to 'None'
[0.276s] Level 5:colcon.colcon_core.verb:set package 'roo_serial' build argument 'cmake_target_skip_unavailable' from command line to 'False'
[0.276s] Level 5:colcon.colcon_core.verb:set package 'roo_serial' build argument 'cmake_clean_cache' from command line to 'False'
[0.276s] Level 5:colcon.colcon_core.verb:set package 'roo_serial' build argument 'cmake_clean_first' from command line to 'False'
[0.276s] Level 5:colcon.colcon_core.verb:set package 'roo_serial' build argument 'cmake_force_configure' from command line to 'False'
[0.276s] Level 5:colcon.colcon_core.verb:set package 'roo_serial' build argument 'ament_cmake_args' from command line to 'None'
[0.276s] Level 5:colcon.colcon_core.verb:set package 'roo_serial' build argument 'catkin_cmake_args' from command line to 'None'
[0.276s] Level 5:colcon.colcon_core.verb:set package 'roo_serial' build argument 'catkin_skip_building_tests' from command line to 'False'
[0.276s] DEBUG:colcon.colcon_core.verb:Building package 'roo_serial' with the following arguments: {'ament_cmake_args': None, 'build_base': '/home/roo/roo_ws/build/roo_serial', 'catkin_cmake_args': None, 'catkin_skip_building_tests': False, 'cmake_args': None, 'cmake_clean_cache': False, 'cmake_clean_first': False, 'cmake_force_configure': False, 'cmake_target': None, 'cmake_target_skip_unavailable': False, 'install_base': '/home/roo/roo_ws/install/roo_serial', 'merge_install': False, 'path': '/home/roo/roo_ws/src/roo_serial', 'symlink_install': False, 'test_result_base': None}
[0.276s] Level 5:colcon.colcon_core.verb:set package 'roo_teleop_ps5' build argument 'cmake_args' from command line to 'None'
[0.276s] Level 5:colcon.colcon_core.verb:set package 'roo_teleop_ps5' build argument 'cmake_target' from command line to 'None'
[0.277s] Level 5:colcon.colcon_core.verb:set package 'roo_teleop_ps5' build argument 'cmake_target_skip_unavailable' from command line to 'False'
[0.277s] Level 5:colcon.colcon_core.verb:set package 'roo_teleop_ps5' build argument 'cmake_clean_cache' from command line to 'False'
[0.277s] Level 5:colcon.colcon_core.verb:set package 'roo_teleop_ps5' build argument 'cmake_clean_first' from command line to 'False'
[0.277s] Level 5:colcon.colcon_core.verb:set package 'roo_teleop_ps5' build argument 'cmake_force_configure' from command line to 'False'
[0.277s] Level 5:colcon.colcon_core.verb:set package 'roo_teleop_ps5' build argument 'ament_cmake_args' from command line to 'None'
[0.277s] Level 5:colcon.colcon_core.verb:set package 'roo_teleop_ps5' build argument 'catkin_cmake_args' from command line to 'None'
[0.277s] Level 5:colcon.colcon_core.verb:set package 'roo_teleop_ps5' build argument 'catkin_skip_building_tests' from command line to 'False'
[0.277s] DEBUG:colcon.colcon_core.verb:Building package 'roo_teleop_ps5' with the following arguments: {'ament_cmake_args': None, 'build_base': '/home/roo/roo_ws/build/roo_teleop_ps5', 'catkin_cmake_args': None, 'catkin_skip_building_tests': False, 'cmake_args': None, 'cmake_clean_cache': False, 'cmake_clean_first': False, 'cmake_force_configure': False, 'cmake_target': None, 'cmake_target_skip_unavailable': False, 'install_base': '/home/roo/roo_ws/install/roo_teleop_ps5', 'merge_install': False, 'path': '/home/roo/roo_ws/src/roo_teleop_ps5', 'symlink_install': False, 'test_result_base': None}
[0.277s] Level 5:colcon.colcon_core.verb:set package 'roo_vision' build argument 'cmake_args' from command line to 'None'
[0.277s] Level 5:colcon.colcon_core.verb:set package 'roo_vision' build argument 'cmake_target' from command line to 'None'
[0.277s] Level 5:colcon.colcon_core.verb:set package 'roo_vision' build argument 'cmake_target_skip_unavailable' from command line to 'False'
[0.277s] Level 5:colcon.colcon_core.verb:set package 'roo_vision' build argument 'cmake_clean_cache' from command line to 'False'
[0.277s] Level 5:colcon.colcon_core.verb:set package 'roo_vision' build argument 'cmake_clean_first' from command line to 'False'
[0.277s] Level 5:colcon.colcon_core.verb:set package 'roo_vision' build argument 'cmake_force_configure' from command line to 'False'
[0.277s] Level 5:colcon.colcon_core.verb:set package 'roo_vision' build argument 'ament_cmake_args' from command line to 'None'
[0.277s] Level 5:colcon.colcon_core.verb:set package 'roo_vision' build argument 'catkin_cmake_args' from command line to 'None'
[0.277s] Level 5:colcon.colcon_core.verb:set package 'roo_vision' build argument 'catkin_skip_building_tests' from command line to 'False'
[0.277s] DEBUG:colcon.colcon_core.verb:Building package 'roo_vision' with the following arguments: {'ament_cmake_args': None, 'build_base': '/home/roo/roo_ws/build/roo_vision', 'catkin_cmake_args': None, 'catkin_skip_building_tests': False, 'cmake_args': None, 'cmake_clean_cache': False, 'cmake_clean_first': False, 'cmake_force_configure': False, 'cmake_target': None, 'cmake_target_skip_unavailable': False, 'install_base': '/home/roo/roo_ws/install/roo_vision', 'merge_install': False, 'path': '/home/roo/roo_ws/src/roo_vision', 'symlink_install': False, 'test_result_base': None}
[0.277s] Level 5:colcon.colcon_core.verb:set package 'roo_web_bridge' build argument 'cmake_args' from command line to 'None'
[0.277s] Level 5:colcon.colcon_core.verb:set package 'roo_web_bridge' build argument 'cmake_target' from command line to 'None'
[0.277s] Level 5:colcon.colcon_core.verb:set package 'roo_web_bridge' build argument 'cmake_target_skip_unavailable' from command line to 'False'
[0.278s] Level 5:colcon.colcon_core.verb:set package 'roo_web_bridge' build argument 'cmake_clean_cache' from command line to 'False'
[0.278s] Level 5:colcon.colcon_core.verb:set package 'roo_web_bridge' build argument 'cmake_clean_first' from command line to 'False'
[0.278s] Level 5:colcon.colcon_core.verb:set package 'roo_web_bridge' build argument 'cmake_force_configure' from command line to 'False'
[0.278s] Level 5:colcon.colcon_core.verb:set package 'roo_web_bridge' build argument 'ament_cmake_args' from command line to 'None'
[0.278s] Level 5:colcon.colcon_core.verb:set package 'roo_web_bridge' build argument 'catkin_cmake_args' from command line to 'None'
[0.278s] Level 5:colcon.colcon_core.verb:set package 'roo_web_bridge' build argument 'catkin_skip_building_tests' from command line to 'False'
[0.278s] DEBUG:colcon.colcon_core.verb:Building package 'roo_web_bridge' with the following arguments: {'ament_cmake_args': None, 'build_base': '/home/roo/roo_ws/build/roo_web_bridge', 'catkin_cmake_args': None, 'catkin_skip_building_tests': False, 'cmake_args': None, 'cmake_clean_cache': False, 'cmake_clean_first': False, 'cmake_force_configure': False, 'cmake_target': None, 'cmake_target_skip_unavailable': False, 'install_base': '/home/roo/roo_ws/install/roo_web_bridge', 'merge_install': False, 'path': '/home/roo/roo_ws/src/roo_web_bridge', 'symlink_install': False, 'test_result_base': None}
[0.278s] INFO:colcon.colcon_core.executor:Executing jobs using 'parallel' executor
[0.279s] DEBUG:colcon.colcon_parallel_executor.executor.parallel:run_until_complete
[0.280s] INFO:colcon.colcon_ros.task.ament_python.build:Building ROS package in '/home/roo/roo_ws/src/roo_bringup' with build type 'ament_python'
[0.280s] Level 1:colcon.colcon_core.shell:create_environment_hook('roo_bringup', 'ament_prefix_path')
[0.282s] INFO:colcon.colcon_core.plugin_system:Skipping extension 'colcon_core.shell.bat': Not used on non-Windows systems
[0.282s] INFO:colcon.colcon_core.shell:Creating environment descriptor '/home/roo/roo_ws/install/roo_bringup/share/roo_bringup/hook/ament_prefix_path.dsv'
[0.283s] INFO:colcon.colcon_core.shell:Creating environment hook '/home/roo/roo_ws/install/roo_bringup/share/roo_bringup/hook/ament_prefix_path.sh'
[0.285s] DEBUG:colcon.colcon_core.shell:Skip shell extension 'dsv' for command environment
[0.291s] INFO:colcon.colcon_ros.task.ament_python.build:Building ROS package in '/home/roo/roo_ws/src/roo_cmd_mux' with build type 'ament_python'
[0.291s] Level 1:colcon.colcon_core.shell:create_environment_hook('roo_cmd_mux', 'ament_prefix_path')
[0.291s] INFO:colcon.colcon_core.shell:Creating environment descriptor '/home/roo/roo_ws/install/roo_cmd_mux/share/roo_cmd_mux/hook/ament_prefix_path.dsv'
[0.292s] INFO:colcon.colcon_core.shell:Creating environment hook '/home/roo/roo_ws/install/roo_cmd_mux/share/roo_cmd_mux/hook/ament_prefix_path.sh'
[0.293s] DEBUG:colcon.colcon_core.shell:Skip shell extension 'dsv' for command environment
[0.298s] INFO:colcon.colcon_ros.task.ament_python.build:Building ROS package in '/home/roo/roo_ws/src/roo_libcamera' with build type 'ament_python'
[0.298s] Level 1:colcon.colcon_core.shell:create_environment_hook('roo_libcamera', 'ament_prefix_path')
[0.298s] INFO:colcon.colcon_core.shell:Creating environment descriptor '/home/roo/roo_ws/install/roo_libcamera/share/roo_libcamera/hook/ament_prefix_path.dsv'
[0.299s] INFO:colcon.colcon_core.shell:Creating environment hook '/home/roo/roo_ws/install/roo_libcamera/share/roo_libcamera/hook/ament_prefix_path.sh'
[0.300s] DEBUG:colcon.colcon_core.shell:Skip shell extension 'dsv' for command environment
[0.304s] INFO:colcon.colcon_ros.task.ament_python.build:Building ROS package in '/home/roo/roo_ws/src/roo_protocol' with build type 'ament_python'
[0.305s] Level 1:colcon.colcon_core.shell:create_environment_hook('roo_protocol', 'ament_prefix_path')
[0.305s] INFO:colcon.colcon_core.shell:Creating environment descriptor '/home/roo/roo_ws/install/roo_protocol/share/roo_protocol/hook/ament_prefix_path.dsv'
[0.306s] INFO:colcon.colcon_core.shell:Creating environment hook '/home/roo/roo_ws/install/roo_protocol/share/roo_protocol/hook/ament_prefix_path.sh'
[0.307s] DEBUG:colcon.colcon_core.shell:Skip shell extension 'dsv' for command environment
[0.622s] INFO:colcon.colcon_core.task.python.build:Building Python package in '/home/roo/roo_ws/src/roo_bringup'
[0.622s] DEBUG:colcon.colcon_core.shell:Skip shell extension 'dsv' for command environment
[0.939s] INFO:colcon.colcon_core.task.python.build:Building Python package in '/home/roo/roo_ws/src/roo_cmd_mux'
[0.939s] DEBUG:colcon.colcon_core.shell:Skip shell extension 'dsv' for command environment
[1.252s] INFO:colcon.colcon_core.task.python.build:Building Python package in '/home/roo/roo_ws/src/roo_libcamera'
[1.252s] DEBUG:colcon.colcon_core.shell:Skip shell extension 'dsv' for command environment
[1.566s] INFO:colcon.colcon_core.task.python.build:Building Python package in '/home/roo/roo_ws/src/roo_protocol'
[1.566s] DEBUG:colcon.colcon_core.shell:Skip shell extension 'dsv' for command environment
[2.625s] DEBUG:colcon.colcon_core.event_handler.log_command:Invoking command in '/home/roo/roo_ws/src/roo_libcamera': DEBUGINFOD_URLS=https://debuginfod.ubuntu.com PYTHONPATH=/home/roo/roo_ws/build/roo_libcamera/prefix_override:/usr/lib/python3/dist-packages/colcon_core/task/python/colcon_distutils_commands:/home/roo/roo_ws/install/roo_libcamera/lib/python3.12/site-packages:${PYTHONPATH} /usr/bin/python3 -W ignore:setup.py install is deprecated -W ignore:easy_install command is deprecated setup.py egg_info --egg-base ../../build/roo_libcamera build --build-base /home/roo/roo_ws/build/roo_libcamera/build install --record /home/roo/roo_ws/build/roo_libcamera/install.log --single-version-externally-managed install_data
[2.636s] DEBUG:colcon.colcon_core.event_handler.log_command:Invoking command in '/home/roo/roo_ws/src/roo_cmd_mux': DEBUGINFOD_URLS=https://debuginfod.ubuntu.com PYTHONPATH=/home/roo/roo_ws/build/roo_cmd_mux/prefix_override:/usr/lib/python3/dist-packages/colcon_core/task/python/colcon_distutils_commands:/home/roo/roo_ws/install/roo_cmd_mux/lib/python3.12/site-packages:${PYTHONPATH} /usr/bin/python3 -W ignore:setup.py install is deprecated -W ignore:easy_install command is deprecated setup.py egg_info --egg-base ../../build/roo_cmd_mux build --build-base /home/roo/roo_ws/build/roo_cmd_mux/build install --record /home/roo/roo_ws/build/roo_cmd_mux/install.log --single-version-externally-managed install_data
[2.660s] DEBUG:colcon.colcon_core.event_handler.log_command:Invoking command in '/home/roo/roo_ws/src/roo_protocol': DEBUGINFOD_URLS=https://debuginfod.ubuntu.com PYTHONPATH=/home/roo/roo_ws/build/roo_protocol/prefix_override:/usr/lib/python3/dist-packages/colcon_core/task/python/colcon_distutils_commands:/home/roo/roo_ws/install/roo_protocol/lib/python3.12/site-packages:${PYTHONPATH} /usr/bin/python3 -W ignore:setup.py install is deprecated -W ignore:easy_install command is deprecated setup.py egg_info --egg-base ../../build/roo_protocol build --build-base /home/roo/roo_ws/build/roo_protocol/build install --record /home/roo/roo_ws/build/roo_protocol/install.log --single-version-externally-managed install_data
[2.670s] DEBUG:colcon.colcon_core.event_handler.log_command:Invoking command in '/home/roo/roo_ws/src/roo_bringup': DEBUGINFOD_URLS=https://debuginfod.ubuntu.com PYTHONPATH=/home/roo/roo_ws/build/roo_bringup/prefix_override:/usr/lib/python3/dist-packages/colcon_core/task/python/colcon_distutils_commands:/home/roo/roo_ws/install/roo_bringup/lib/python3.12/site-packages:${PYTHONPATH} /usr/bin/python3 -W ignore:setup.py install is deprecated -W ignore:easy_install command is deprecated setup.py egg_info --egg-base ../../build/roo_bringup build --build-base /home/roo/roo_ws/build/roo_bringup/build install --record /home/roo/roo_ws/build/roo_bringup/install.log --single-version-externally-managed install_data
[3.585s] DEBUG:colcon.colcon_core.event_handler.log_command:Invoked command in '/home/roo/roo_ws/src/roo_libcamera' returned '0': DEBUGINFOD_URLS=https://debuginfod.ubuntu.com PYTHONPATH=/home/roo/roo_ws/build/roo_libcamera/prefix_override:/usr/lib/python3/dist-packages/colcon_core/task/python/colcon_distutils_commands:/home/roo/roo_ws/install/roo_libcamera/lib/python3.12/site-packages:${PYTHONPATH} /usr/bin/python3 -W ignore:setup.py install is deprecated -W ignore:easy_install command is deprecated setup.py egg_info --egg-base ../../build/roo_libcamera build --build-base /home/roo/roo_ws/build/roo_libcamera/build install --record /home/roo/roo_ws/build/roo_libcamera/install.log --single-version-externally-managed install_data
[3.589s] Level 1:colcon.colcon_core.environment:checking '/home/roo/roo_ws/install/roo_libcamera' for CMake module files
[3.591s] Level 1:colcon.colcon_core.environment:checking '/home/roo/roo_ws/install/roo_libcamera' for CMake config files
[3.593s] Level 1:colcon.colcon_core.environment:checking '/home/roo/roo_ws/install/roo_libcamera/lib'
[3.593s] Level 1:colcon.colcon_core.environment:checking '/home/roo/roo_ws/install/roo_libcamera/bin'
[3.593s] Level 1:colcon.colcon_core.environment:checking '/home/roo/roo_ws/install/roo_libcamera/lib/pkgconfig/roo_libcamera.pc'
[3.594s] Level 1:colcon.colcon_core.environment:checking '/home/roo/roo_ws/install/roo_libcamera/lib/python3.12/site-packages'
[3.595s] Level 1:colcon.colcon_core.shell:create_environment_hook('roo_libcamera', 'pythonpath')
[3.596s] INFO:colcon.colcon_core.shell:Creating environment descriptor '/home/roo/roo_ws/install/roo_libcamera/share/roo_libcamera/hook/pythonpath.dsv'
[3.597s] INFO:colcon.colcon_core.shell:Creating environment hook '/home/roo/roo_ws/install/roo_libcamera/share/roo_libcamera/hook/pythonpath.sh'
[3.600s] Level 1:colcon.colcon_core.environment:checking '/home/roo/roo_ws/install/roo_libcamera/bin'
[3.600s] Level 1:colcon.colcon_core.environment:create_environment_scripts_only(roo_libcamera)
[3.601s] INFO:colcon.colcon_core.shell:Creating package descriptor '/home/roo/roo_ws/install/roo_libcamera/share/roo_libcamera/package.dsv'
[3.603s] INFO:colcon.colcon_core.shell:Creating package script '/home/roo/roo_ws/install/roo_libcamera/share/roo_libcamera/package.sh'
[3.605s] INFO:colcon.colcon_core.shell:Creating package script '/home/roo/roo_ws/install/roo_libcamera/share/roo_libcamera/package.bash'
[3.606s] INFO:colcon.colcon_core.shell:Creating package script '/home/roo/roo_ws/install/roo_libcamera/share/roo_libcamera/package.zsh'
[3.607s] Level 1:colcon.colcon_core.environment:create_file_with_runtime_dependencies(/home/roo/roo_ws/install/roo_libcamera/share/colcon-core/packages/roo_libcamera)
[3.609s] INFO:colcon.colcon_ros.task.ament_python.build:Building ROS package in '/home/roo/roo_ws/src/roo_serial' with build type 'ament_python'
[3.609s] Level 1:colcon.colcon_core.shell:create_environment_hook('roo_serial', 'ament_prefix_path')
[3.610s] INFO:colcon.colcon_core.shell:Creating environment descriptor '/home/roo/roo_ws/install/roo_serial/share/roo_serial/hook/ament_prefix_path.dsv'
[3.611s] INFO:colcon.colcon_core.shell:Creating environment hook '/home/roo/roo_ws/install/roo_serial/share/roo_serial/hook/ament_prefix_path.sh'
[3.612s] DEBUG:colcon.colcon_core.shell:Skip shell extension 'dsv' for command environment
[3.619s] Level 1:colcon.colcon_core.environment:checking '/home/roo/roo_ws/install/roo_protocol' for CMake module files
[3.619s] Level 1:colcon.colcon_core.environment:checking '/home/roo/roo_ws/install/roo_protocol' for CMake config files
[3.620s] Level 1:colcon.colcon_core.environment:checking '/home/roo/roo_ws/install/roo_protocol/lib'
[3.620s] Level 1:colcon.colcon_core.environment:checking '/home/roo/roo_ws/install/roo_protocol/bin'
[3.621s] Level 1:colcon.colcon_core.environment:checking '/home/roo/roo_ws/install/roo_protocol/lib/pkgconfig/roo_protocol.pc'
[3.621s] Level 1:colcon.colcon_core.environment:checking '/home/roo/roo_ws/install/roo_protocol/lib/python3.12/site-packages'
[3.621s] Level 1:colcon.colcon_core.shell:create_environment_hook('roo_protocol', 'pythonpath')
[3.621s] INFO:colcon.colcon_core.shell:Creating environment descriptor '/home/roo/roo_ws/install/roo_protocol/share/roo_protocol/hook/pythonpath.dsv'
[3.622s] DEBUG:colcon.colcon_core.event_handler.log_command:Invoked command in '/home/roo/roo_ws/src/roo_protocol' returned '0': DEBUGINFOD_URLS=https://debuginfod.ubuntu.com PYTHONPATH=/home/roo/roo_ws/build/roo_protocol/prefix_override:/usr/lib/python3/dist-packages/colcon_core/task/python/colcon_distutils_commands:/home/roo/roo_ws/install/roo_protocol/lib/python3.12/site-packages:${PYTHONPATH} /usr/bin/python3 -W ignore:setup.py install is deprecated -W ignore:easy_install command is deprecated setup.py egg_info --egg-base ../../build/roo_protocol build --build-base /home/roo/roo_ws/build/roo_protocol/build install --record /home/roo/roo_ws/build/roo_protocol/install.log --single-version-externally-managed install_data
[3.622s] INFO:colcon.colcon_core.shell:Creating environment hook '/home/roo/roo_ws/install/roo_protocol/share/roo_protocol/hook/pythonpath.sh'
[3.624s] Level 1:colcon.colcon_core.environment:checking '/home/roo/roo_ws/install/roo_protocol/bin'
[3.624s] Level 1:colcon.colcon_core.environment:create_environment_scripts_only(roo_protocol)
[3.624s] INFO:colcon.colcon_core.shell:Creating package descriptor '/home/roo/roo_ws/install/roo_protocol/share/roo_protocol/package.dsv'
[3.626s] INFO:colcon.colcon_core.shell:Creating package script '/home/roo/roo_ws/install/roo_protocol/share/roo_protocol/package.sh'
[3.627s] INFO:colcon.colcon_core.shell:Creating package script '/home/roo/roo_ws/install/roo_protocol/share/roo_protocol/package.bash'
[3.628s] INFO:colcon.colcon_core.shell:Creating package script '/home/roo/roo_ws/install/roo_protocol/share/roo_protocol/package.zsh'
[3.628s] Level 1:colcon.colcon_core.environment:create_file_with_runtime_dependencies(/home/roo/roo_ws/install/roo_protocol/share/colcon-core/packages/roo_protocol)
[3.630s] Level 1:colcon.colcon_core.environment:checking '/home/roo/roo_ws/install/roo_bringup' for CMake module files
[3.631s] Level 1:colcon.colcon_core.environment:checking '/home/roo/roo_ws/install/roo_bringup' for CMake config files
[3.632s] DEBUG:colcon.colcon_core.event_handler.log_command:Invoked command in '/home/roo/roo_ws/src/roo_bringup' returned '0': DEBUGINFOD_URLS=https://debuginfod.ubuntu.com PYTHONPATH=/home/roo/roo_ws/build/roo_bringup/prefix_override:/usr/lib/python3/dist-packages/colcon_core/task/python/colcon_distutils_commands:/home/roo/roo_ws/install/roo_bringup/lib/python3.12/site-packages:${PYTHONPATH} /usr/bin/python3 -W ignore:setup.py install is deprecated -W ignore:easy_install command is deprecated setup.py egg_info --egg-base ../../build/roo_bringup build --build-base /home/roo/roo_ws/build/roo_bringup/build install --record /home/roo/roo_ws/build/roo_bringup/install.log --single-version-externally-managed install_data
[3.632s] Level 1:colcon.colcon_core.environment:checking '/home/roo/roo_ws/install/roo_bringup/lib'
[3.633s] Level 1:colcon.colcon_core.environment:checking '/home/roo/roo_ws/install/roo_bringup/bin'
[3.633s] Level 1:colcon.colcon_core.environment:checking '/home/roo/roo_ws/install/roo_bringup/lib/pkgconfig/roo_bringup.pc'
[3.633s] Level 1:colcon.colcon_core.environment:checking '/home/roo/roo_ws/install/roo_bringup/lib/python3.12/site-packages'
[3.633s] Level 1:colcon.colcon_core.shell:create_environment_hook('roo_bringup', 'pythonpath')
[3.634s] INFO:colcon.colcon_core.shell:Creating environment descriptor '/home/roo/roo_ws/install/roo_bringup/share/roo_bringup/hook/pythonpath.dsv'
[3.634s] INFO:colcon.colcon_core.shell:Creating environment hook '/home/roo/roo_ws/install/roo_bringup/share/roo_bringup/hook/pythonpath.sh'
[3.636s] Level 1:colcon.colcon_core.environment:checking '/home/roo/roo_ws/install/roo_bringup/bin'
[3.636s] Level 1:colcon.colcon_core.environment:create_environment_scripts_only(roo_bringup)
[3.636s] INFO:colcon.colcon_core.shell:Creating package descriptor '/home/roo/roo_ws/install/roo_bringup/share/roo_bringup/package.dsv'
[3.637s] INFO:colcon.colcon_core.shell:Creating package script '/home/roo/roo_ws/install/roo_bringup/share/roo_bringup/package.sh'
[3.640s] INFO:colcon.colcon_core.shell:Creating package script '/home/roo/roo_ws/install/roo_bringup/share/roo_bringup/package.bash'
[3.641s] INFO:colcon.colcon_core.shell:Creating package script '/home/roo/roo_ws/install/roo_bringup/share/roo_bringup/package.zsh'
[3.642s] Level 1:colcon.colcon_core.environment:create_file_with_runtime_dependencies(/home/roo/roo_ws/install/roo_bringup/share/colcon-core/packages/roo_bringup)
[3.644s] INFO:colcon.colcon_ros.task.ament_python.build:Building ROS package in '/home/roo/roo_ws/src/roo_teleop_ps5' with build type 'ament_python'
[3.644s] Level 1:colcon.colcon_core.shell:create_environment_hook('roo_teleop_ps5', 'ament_prefix_path')
[3.645s] INFO:colcon.colcon_core.shell:Creating environment descriptor '/home/roo/roo_ws/install/roo_teleop_ps5/share/roo_teleop_ps5/hook/ament_prefix_path.dsv'
[3.646s] INFO:colcon.colcon_core.shell:Creating environment hook '/home/roo/roo_ws/install/roo_teleop_ps5/share/roo_teleop_ps5/hook/ament_prefix_path.sh'
[3.647s] DEBUG:colcon.colcon_core.shell:Skip shell extension 'dsv' for command environment
[3.652s] INFO:colcon.colcon_ros.task.ament_python.build:Building ROS package in '/home/roo/roo_ws/src/roo_vision' with build type 'ament_python'
[3.652s] Level 1:colcon.colcon_core.shell:create_environment_hook('roo_vision', 'ament_prefix_path')
[3.653s] INFO:colcon.colcon_core.shell:Creating environment descriptor '/home/roo/roo_ws/install/roo_vision/share/roo_vision/hook/ament_prefix_path.dsv'
[3.654s] INFO:colcon.colcon_core.shell:Creating environment hook '/home/roo/roo_ws/install/roo_vision/share/roo_vision/hook/ament_prefix_path.sh'
[3.655s] DEBUG:colcon.colcon_core.shell:Skip shell extension 'dsv' for command environment
[3.970s] INFO:colcon.colcon_core.task.python.build:Building Python package in '/home/roo/roo_ws/src/roo_serial'
[3.970s] DEBUG:colcon.colcon_core.shell:Skip shell extension 'dsv' for command environment
[4.282s] INFO:colcon.colcon_core.task.python.build:Building Python package in '/home/roo/roo_ws/src/roo_teleop_ps5'
[4.282s] DEBUG:colcon.colcon_core.shell:Skip shell extension 'dsv' for command environment
[4.594s] INFO:colcon.colcon_core.task.python.build:Building Python package in '/home/roo/roo_ws/src/roo_vision'
[4.594s] DEBUG:colcon.colcon_core.shell:Skip shell extension 'dsv' for command environment
[4.599s] Level 1:colcon.colcon_core.environment:checking '/home/roo/roo_ws/install/roo_cmd_mux' for CMake module files
[4.600s] DEBUG:colcon.colcon_core.event_handler.log_command:Invoked command in '/home/roo/roo_ws/src/roo_cmd_mux' returned '0': DEBUGINFOD_URLS=https://debuginfod.ubuntu.com PYTHONPATH=/home/roo/roo_ws/build/roo_cmd_mux/prefix_override:/usr/lib/python3/dist-packages/colcon_core/task/python/colcon_distutils_commands:/home/roo/roo_ws/install/roo_cmd_mux/lib/python3.12/site-packages:${PYTHONPATH} /usr/bin/python3 -W ignore:setup.py install is deprecated -W ignore:easy_install command is deprecated setup.py egg_info --egg-base ../../build/roo_cmd_mux build --build-base /home/roo/roo_ws/build/roo_cmd_mux/build install --record /home/roo/roo_ws/build/roo_cmd_mux/install.log --single-version-externally-managed install_data
[4.600s] Level 1:colcon.colcon_core.environment:checking '/home/roo/roo_ws/install/roo_cmd_mux' for CMake config files
[4.601s] Level 1:colcon.colcon_core.environment:checking '/home/roo/roo_ws/install/roo_cmd_mux/lib'
[4.601s] Level 1:colcon.colcon_core.environment:checking '/home/roo/roo_ws/install/roo_cmd_mux/bin'
[4.601s] Level 1:colcon.colcon_core.environment:checking '/home/roo/roo_ws/install/roo_cmd_mux/lib/pkgconfig/roo_cmd_mux.pc'
[4.601s] Level 1:colcon.colcon_core.environment:checking '/home/roo/roo_ws/install/roo_cmd_mux/lib/python3.12/site-packages'
[4.601s] Level 1:colcon.colcon_core.shell:create_environment_hook('roo_cmd_mux', 'pythonpath')
[4.602s] INFO:colcon.colcon_core.shell:Creating environment descriptor '/home/roo/roo_ws/install/roo_cmd_mux/share/roo_cmd_mux/hook/pythonpath.dsv'
[4.602s] INFO:colcon.colcon_core.shell:Creating environment hook '/home/roo/roo_ws/install/roo_cmd_mux/share/roo_cmd_mux/hook/pythonpath.sh'
[4.603s] Level 1:colcon.colcon_core.environment:checking '/home/roo/roo_ws/install/roo_cmd_mux/bin'
[4.604s] Level 1:colcon.colcon_core.environment:create_environment_scripts_only(roo_cmd_mux)
[4.604s] INFO:colcon.colcon_core.shell:Creating package descriptor '/home/roo/roo_ws/install/roo_cmd_mux/share/roo_cmd_mux/package.dsv'
[4.604s] INFO:colcon.colcon_core.shell:Creating package script '/home/roo/roo_ws/install/roo_cmd_mux/share/roo_cmd_mux/package.sh'
[4.605s] INFO:colcon.colcon_core.shell:Creating package script '/home/roo/roo_ws/install/roo_cmd_mux/share/roo_cmd_mux/package.bash'
[4.606s] INFO:colcon.colcon_core.shell:Creating package script '/home/roo/roo_ws/install/roo_cmd_mux/share/roo_cmd_mux/package.zsh'
[4.607s] Level 1:colcon.colcon_core.environment:create_file_with_runtime_dependencies(/home/roo/roo_ws/install/roo_cmd_mux/share/colcon-core/packages/roo_cmd_mux)
[4.609s] INFO:colcon.colcon_ros.task.ament_python.build:Building ROS package in '/home/roo/roo_ws/src/roo_web_bridge' with build type 'ament_python'
[4.609s] Level 1:colcon.colcon_core.shell:create_environment_hook('roo_web_bridge', 'ament_prefix_path')
[4.609s] INFO:colcon.colcon_core.shell:Creating environment descriptor '/home/roo/roo_ws/install/roo_web_bridge/share/roo_web_bridge/hook/ament_prefix_path.dsv'
[4.610s] INFO:colcon.colcon_core.shell:Creating environment hook '/home/roo/roo_ws/install/roo_web_bridge/share/roo_web_bridge/hook/ament_prefix_path.sh'
[4.610s] DEBUG:colcon.colcon_core.shell:Skip shell extension 'dsv' for command environment
[5.038s] INFO:colcon.colcon_core.task.python.build:Building Python package in '/home/roo/roo_ws/src/roo_web_bridge'
[5.038s] DEBUG:colcon.colcon_core.shell:Skip shell extension 'dsv' for command environment
[5.660s] DEBUG:colcon.colcon_core.event_handler.log_command:Invoking command in '/home/roo/roo_ws/src/roo_teleop_ps5': DEBUGINFOD_URLS=https://debuginfod.ubuntu.com PYTHONPATH=/home/roo/roo_ws/build/roo_teleop_ps5/prefix_override:/usr/lib/python3/dist-packages/colcon_core/task/python/colcon_distutils_commands:/home/roo/roo_ws/install/roo_teleop_ps5/lib/python3.12/site-packages:${PYTHONPATH} /usr/bin/python3 -W ignore:setup.py install is deprecated -W ignore:easy_install command is deprecated setup.py egg_info --egg-base ../../build/roo_teleop_ps5 build --build-base /home/roo/roo_ws/build/roo_teleop_ps5/build install --record /home/roo/roo_ws/build/roo_teleop_ps5/install.log --single-version-externally-managed install_data
[5.665s] DEBUG:colcon.colcon_core.event_handler.log_command:Invoking command in '/home/roo/roo_ws/src/roo_vision': DEBUGINFOD_URLS=https://debuginfod.ubuntu.com PYTHONPATH=/home/roo/roo_ws/build/roo_vision/prefix_override:/usr/lib/python3/dist-packages/colcon_core/task/python/colcon_distutils_commands:/home/roo/roo_ws/install/roo_vision/lib/python3.12/site-packages:${PYTHONPATH} /usr/bin/python3 -W ignore:setup.py install is deprecated -W ignore:easy_install command is deprecated setup.py egg_info --egg-base ../../build/roo_vision build --build-base /home/roo/roo_ws/build/roo_vision/build install --record /home/roo/roo_ws/build/roo_vision/install.log --single-version-externally-managed install_data
[5.733s] DEBUG:colcon.colcon_core.event_handler.log_command:Invoking command in '/home/roo/roo_ws/src/roo_serial': DEBUGINFOD_URLS=https://debuginfod.ubuntu.com PYTHONPATH=/home/roo/roo_ws/build/roo_serial/prefix_override:/usr/lib/python3/dist-packages/colcon_core/task/python/colcon_distutils_commands:/home/roo/roo_ws/install/roo_serial/lib/python3.12/site-packages:${PYTHONPATH} /usr/bin/python3 -W ignore:setup.py install is deprecated -W ignore:easy_install command is deprecated setup.py egg_info --egg-base ../../build/roo_serial build --build-base /home/roo/roo_ws/build/roo_serial/build install --record /home/roo/roo_ws/build/roo_serial/install.log --single-version-externally-managed install_data
[6.139s] DEBUG:colcon.colcon_core.event_handler.log_command:Invoking command in '/home/roo/roo_ws/src/roo_web_bridge': DEBUGINFOD_URLS=https://debuginfod.ubuntu.com PYTHONPATH=/home/roo/roo_ws/build/roo_web_bridge/prefix_override:/usr/lib/python3/dist-packages/colcon_core/task/python/colcon_distutils_commands:/home/roo/roo_ws/install/roo_web_bridge/lib/python3.12/site-packages:${PYTHONPATH} /usr/bin/python3 -W ignore:setup.py install is deprecated -W ignore:easy_install command is deprecated setup.py egg_info --egg-base ../../build/roo_web_bridge build --build-base /home/roo/roo_ws/build/roo_web_bridge/build install --record /home/roo/roo_ws/build/roo_web_bridge/install.log --single-version-externally-managed install_data
[6.611s] Level 1:colcon.colcon_core.environment:checking '/home/roo/roo_ws/install/roo_vision' for CMake module files
[6.612s] Level 1:colcon.colcon_core.environment:checking '/home/roo/roo_ws/install/roo_vision' for CMake config files
[6.614s] DEBUG:colcon.colcon_core.event_handler.log_command:Invoked command in '/home/roo/roo_ws/src/roo_vision' returned '0': DEBUGINFOD_URLS=https://debuginfod.ubuntu.com PYTHONPATH=/home/roo/roo_ws/build/roo_vision/prefix_override:/usr/lib/python3/dist-packages/colcon_core/task/python/colcon_distutils_commands:/home/roo/roo_ws/install/roo_vision/lib/python3.12/site-packages:${PYTHONPATH} /usr/bin/python3 -W ignore:setup.py install is deprecated -W ignore:easy_install command is deprecated setup.py egg_info --egg-base ../../build/roo_vision build --build-base /home/roo/roo_ws/build/roo_vision/build install --record /home/roo/roo_ws/build/roo_vision/install.log --single-version-externally-managed install_data
[6.614s] Level 1:colcon.colcon_core.environment:checking '/home/roo/roo_ws/install/roo_vision/lib'
[6.614s] Level 1:colcon.colcon_core.environment:checking '/home/roo/roo_ws/install/roo_vision/bin'
[6.614s] Level 1:colcon.colcon_core.environment:checking '/home/roo/roo_ws/install/roo_vision/lib/pkgconfig/roo_vision.pc'
[6.615s] Level 1:colcon.colcon_core.environment:checking '/home/roo/roo_ws/install/roo_vision/lib/python3.12/site-packages'
[6.615s] Level 1:colcon.colcon_core.shell:create_environment_hook('roo_vision', 'pythonpath')
[6.616s] INFO:colcon.colcon_core.shell:Creating environment descriptor '/home/roo/roo_ws/install/roo_vision/share/roo_vision/hook/pythonpath.dsv'
[6.617s] INFO:colcon.colcon_core.shell:Creating environment hook '/home/roo/roo_ws/install/roo_vision/share/roo_vision/hook/pythonpath.sh'
[6.629s] Level 1:colcon.colcon_core.environment:checking '/home/roo/roo_ws/install/roo_vision/bin'
[6.630s] Level 1:colcon.colcon_core.environment:create_environment_scripts_only(roo_vision)
[6.630s] INFO:colcon.colcon_core.shell:Creating package descriptor '/home/roo/roo_ws/install/roo_vision/share/roo_vision/package.dsv'
[6.632s] INFO:colcon.colcon_core.shell:Creating package script '/home/roo/roo_ws/install/roo_vision/share/roo_vision/package.sh'
[6.633s] INFO:colcon.colcon_core.shell:Creating package script '/home/roo/roo_ws/install/roo_vision/share/roo_vision/package.bash'
[6.633s] INFO:colcon.colcon_core.shell:Creating package script '/home/roo/roo_ws/install/roo_vision/share/roo_vision/package.zsh'
[6.634s] Level 1:colcon.colcon_core.environment:create_file_with_runtime_dependencies(/home/roo/roo_ws/install/roo_vision/share/colcon-core/packages/roo_vision)
[6.646s] Level 1:colcon.colcon_core.environment:checking '/home/roo/roo_ws/install/roo_teleop_ps5' for CMake module files
[6.647s] DEBUG:colcon.colcon_core.event_handler.log_command:Invoked command in '/home/roo/roo_ws/src/roo_teleop_ps5' returned '0': DEBUGINFOD_URLS=https://debuginfod.ubuntu.com PYTHONPATH=/home/roo/roo_ws/build/roo_teleop_ps5/prefix_override:/usr/lib/python3/dist-packages/colcon_core/task/python/colcon_distutils_commands:/home/roo/roo_ws/install/roo_teleop_ps5/lib/python3.12/site-packages:${PYTHONPATH} /usr/bin/python3 -W ignore:setup.py install is deprecated -W ignore:easy_install command is deprecated setup.py egg_info --egg-base ../../build/roo_teleop_ps5 build --build-base /home/roo/roo_ws/build/roo_teleop_ps5/build install --record /home/roo/roo_ws/build/roo_teleop_ps5/install.log --single-version-externally-managed install_data
[6.648s] Level 1:colcon.colcon_core.environment:checking '/home/roo/roo_ws/install/roo_teleop_ps5' for CMake config files
[6.649s] Level 1:colcon.colcon_core.environment:checking '/home/roo/roo_ws/install/roo_teleop_ps5/lib'
[6.649s] Level 1:colcon.colcon_core.environment:checking '/home/roo/roo_ws/install/roo_teleop_ps5/bin'
[6.650s] Level 1:colcon.colcon_core.environment:checking '/home/roo/roo_ws/install/roo_teleop_ps5/lib/pkgconfig/roo_teleop_ps5.pc'
[6.650s] Level 1:colcon.colcon_core.environment:checking '/home/roo/roo_ws/install/roo_teleop_ps5/lib/python3.12/site-packages'
[6.650s] Level 1:colcon.colcon_core.shell:create_environment_hook('roo_teleop_ps5', 'pythonpath')
[6.651s] INFO:colcon.colcon_core.shell:Creating environment descriptor '/home/roo/roo_ws/install/roo_teleop_ps5/share/roo_teleop_ps5/hook/pythonpath.dsv'
[6.651s] INFO:colcon.colcon_core.shell:Creating environment hook '/home/roo/roo_ws/install/roo_teleop_ps5/share/roo_teleop_ps5/hook/pythonpath.sh'
[6.653s] Level 1:colcon.colcon_core.environment:checking '/home/roo/roo_ws/install/roo_teleop_ps5/bin'
[6.653s] Level 1:colcon.colcon_core.environment:create_environment_scripts_only(roo_teleop_ps5)
[6.653s] INFO:colcon.colcon_core.shell:Creating package descriptor '/home/roo/roo_ws/install/roo_teleop_ps5/share/roo_teleop_ps5/package.dsv'
[6.654s] INFO:colcon.colcon_core.shell:Creating package script '/home/roo/roo_ws/install/roo_teleop_ps5/share/roo_teleop_ps5/package.sh'
[6.655s] INFO:colcon.colcon_core.shell:Creating package script '/home/roo/roo_ws/install/roo_teleop_ps5/share/roo_teleop_ps5/package.bash'
[6.655s] INFO:colcon.colcon_core.shell:Creating package script '/home/roo/roo_ws/install/roo_teleop_ps5/share/roo_teleop_ps5/package.zsh'
[6.656s] Level 1:colcon.colcon_core.environment:create_file_with_runtime_dependencies(/home/roo/roo_ws/install/roo_teleop_ps5/share/colcon-core/packages/roo_teleop_ps5)
[6.687s] Level 1:colcon.colcon_core.environment:checking '/home/roo/roo_ws/install/roo_serial' for CMake module files
[6.688s] DEBUG:colcon.colcon_core.event_handler.log_command:Invoked command in '/home/roo/roo_ws/src/roo_serial' returned '0': DEBUGINFOD_URLS=https://debuginfod.ubuntu.com PYTHONPATH=/home/roo/roo_ws/build/roo_serial/prefix_override:/usr/lib/python3/dist-packages/colcon_core/task/python/colcon_distutils_commands:/home/roo/roo_ws/install/roo_serial/lib/python3.12/site-packages:${PYTHONPATH} /usr/bin/python3 -W ignore:setup.py install is deprecated -W ignore:easy_install command is deprecated setup.py egg_info --egg-base ../../build/roo_serial build --build-base /home/roo/roo_ws/build/roo_serial/build install --record /home/roo/roo_ws/build/roo_serial/install.log --single-version-externally-managed install_data
[6.688s] Level 1:colcon.colcon_core.environment:checking '/home/roo/roo_ws/install/roo_serial' for CMake config files
[6.689s] Level 1:colcon.colcon_core.environment:checking '/home/roo/roo_ws/install/roo_serial/lib'
[6.689s] Level 1:colcon.colcon_core.environment:checking '/home/roo/roo_ws/install/roo_serial/bin'
[6.689s] Level 1:colcon.colcon_core.environment:checking '/home/roo/roo_ws/install/roo_serial/lib/pkgconfig/roo_serial.pc'
[6.690s] Level 1:colcon.colcon_core.environment:checking '/home/roo/roo_ws/install/roo_serial/lib/python3.12/site-packages'
[6.690s] Level 1:colcon.colcon_core.shell:create_environment_hook('roo_serial', 'pythonpath')
[6.690s] INFO:colcon.colcon_core.shell:Creating environment descriptor '/home/roo/roo_ws/install/roo_serial/share/roo_serial/hook/pythonpath.dsv'
[6.690s] INFO:colcon.colcon_core.shell:Creating environment hook '/home/roo/roo_ws/install/roo_serial/share/roo_serial/hook/pythonpath.sh'
[6.691s] Level 1:colcon.colcon_core.environment:checking '/home/roo/roo_ws/install/roo_serial/bin'
[6.691s] Level 1:colcon.colcon_core.environment:create_environment_scripts_only(roo_serial)
[6.692s] INFO:colcon.colcon_core.shell:Creating package descriptor '/home/roo/roo_ws/install/roo_serial/share/roo_serial/package.dsv'
[6.692s] INFO:colcon.colcon_core.shell:Creating package script '/home/roo/roo_ws/install/roo_serial/share/roo_serial/package.sh'
[6.693s] INFO:colcon.colcon_core.shell:Creating package script '/home/roo/roo_ws/install/roo_serial/share/roo_serial/package.bash'
[6.693s] INFO:colcon.colcon_core.shell:Creating package script '/home/roo/roo_ws/install/roo_serial/share/roo_serial/package.zsh'
[6.693s] Level 1:colcon.colcon_core.environment:create_file_with_runtime_dependencies(/home/roo/roo_ws/install/roo_serial/share/colcon-core/packages/roo_serial)
[7.017s] Level 1:colcon.colcon_core.environment:checking '/home/roo/roo_ws/install/roo_web_bridge' for CMake module files
[7.018s] DEBUG:colcon.colcon_core.event_handler.log_command:Invoked command in '/home/roo/roo_ws/src/roo_web_bridge' returned '0': DEBUGINFOD_URLS=https://debuginfod.ubuntu.com PYTHONPATH=/home/roo/roo_ws/build/roo_web_bridge/prefix_override:/usr/lib/python3/dist-packages/colcon_core/task/python/colcon_distutils_commands:/home/roo/roo_ws/install/roo_web_bridge/lib/python3.12/site-packages:${PYTHONPATH} /usr/bin/python3 -W ignore:setup.py install is deprecated -W ignore:easy_install command is deprecated setup.py egg_info --egg-base ../../build/roo_web_bridge build --build-base /home/roo/roo_ws/build/roo_web_bridge/build install --record /home/roo/roo_ws/build/roo_web_bridge/install.log --single-version-externally-managed install_data
[7.018s] Level 1:colcon.colcon_core.environment:checking '/home/roo/roo_ws/install/roo_web_bridge' for CMake config files
[7.019s] Level 1:colcon.colcon_core.environment:checking '/home/roo/roo_ws/install/roo_web_bridge/lib'
[7.019s] Level 1:colcon.colcon_core.environment:checking '/home/roo/roo_ws/install/roo_web_bridge/bin'
[7.019s] Level 1:colcon.colcon_core.environment:checking '/home/roo/roo_ws/install/roo_web_bridge/lib/pkgconfig/roo_web_bridge.pc'
[7.020s] Level 1:colcon.colcon_core.environment:checking '/home/roo/roo_ws/install/roo_web_bridge/lib/python3.12/site-packages'
[7.020s] Level 1:colcon.colcon_core.shell:create_environment_hook('roo_web_bridge', 'pythonpath')
[7.020s] INFO:colcon.colcon_core.shell:Creating environment descriptor '/home/roo/roo_ws/install/roo_web_bridge/share/roo_web_bridge/hook/pythonpath.dsv'
[7.020s] INFO:colcon.colcon_core.shell:Creating environment hook '/home/roo/roo_ws/install/roo_web_bridge/share/roo_web_bridge/hook/pythonpath.sh'
[7.022s] Level 1:colcon.colcon_core.environment:checking '/home/roo/roo_ws/install/roo_web_bridge/bin'
[7.022s] Level 1:colcon.colcon_core.environment:create_environment_scripts_only(roo_web_bridge)
[7.023s] INFO:colcon.colcon_core.shell:Creating package descriptor '/home/roo/roo_ws/install/roo_web_bridge/share/roo_web_bridge/package.dsv'
[7.023s] INFO:colcon.colcon_core.shell:Creating package script '/home/roo/roo_ws/install/roo_web_bridge/share/roo_web_bridge/package.sh'
[7.024s] INFO:colcon.colcon_core.shell:Creating package script '/home/roo/roo_ws/install/roo_web_bridge/share/roo_web_bridge/package.bash'
[7.024s] INFO:colcon.colcon_core.shell:Creating package script '/home/roo/roo_ws/install/roo_web_bridge/share/roo_web_bridge/package.zsh'
[7.025s] Level 1:colcon.colcon_core.environment:create_file_with_runtime_dependencies(/home/roo/roo_ws/install/roo_web_bridge/share/colcon-core/packages/roo_web_bridge)
[7.026s] DEBUG:colcon.colcon_parallel_executor.executor.parallel:closing loop
[7.026s] DEBUG:colcon.colcon_parallel_executor.executor.parallel:loop closed
[7.026s] DEBUG:colcon.colcon_parallel_executor.executor.parallel:run_until_complete finished with '0'
[7.026s] DEBUG:colcon.colcon_core.event_reactor:joining thread
[7.035s] INFO:colcon.colcon_core.plugin_system:Skipping extension 'colcon_notification.desktop_notification.terminal_notifier': Not used on non-Darwin systems
[7.036s] INFO:colcon.colcon_core.plugin_system:Skipping extension 'colcon_notification.desktop_notification.win32': Not used on non-Windows systems
[7.036s] INFO:colcon.colcon_notification.desktop_notification:Sending desktop notification using 'notify2'
[7.037s] DEBUG:colcon.colcon_notification.desktop_notification.notify2:Failed to initialize notify2: org.freedesktop.DBus.Error.ServiceUnknown: The name org.freedesktop.Notifications was not provided by any .service files
[7.037s] DEBUG:colcon.colcon_core.event_reactor:joined thread
[7.038s] INFO:colcon.colcon_core.shell:Creating prefix script '/home/roo/roo_ws/install/local_setup.sh'
[7.039s] INFO:colcon.colcon_core.shell:Creating prefix util module '/home/roo/roo_ws/install/_local_setup_util_sh.py'
[7.040s] INFO:colcon.colcon_core.shell:Creating prefix chain script '/home/roo/roo_ws/install/setup.sh'
[7.042s] INFO:colcon.colcon_core.shell:Creating prefix script '/home/roo/roo_ws/install/local_setup.bash'
[7.045s] INFO:colcon.colcon_core.shell:Creating prefix chain script '/home/roo/roo_ws/install/setup.bash'
[7.046s] INFO:colcon.colcon_core.shell:Creating prefix script '/home/roo/roo_ws/install/local_setup.zsh'
[7.047s] INFO:colcon.colcon_core.shell:Creating prefix chain script '/home/roo/roo_ws/install/setup.zsh'
