[4.416s] Invoking command in '/home/roo/roo_ws/src/roo_libcamera': DEBUGINFOD_URLS=https://debuginfod.ubuntu.com PYTHONPATH=/home/roo/roo_ws/build/roo_libcamera/prefix_override:/usr/lib/python3/dist-packages/colcon_core/task/python/colcon_distutils_commands:/home/roo/roo_ws/install/roo_libcamera/lib/python3.12/site-packages:${PYTHONPATH} /usr/bin/python3 -W ignore:setup.py install is deprecated -W ignore:easy_install command is deprecated setup.py egg_info --egg-base ../../build/roo_libcamera build --build-base /home/roo/roo_ws/build/roo_libcamera/build install --record /home/roo/roo_ws/build/roo_libcamera/install.log --single-version-externally-managed install_data
[4.886s] running egg_info
[4.912s] writing ../../build/roo_libcamera/roo_libcamera.egg-info/PKG-INFO
[4.912s] writing dependency_links to ../../build/roo_libcamera/roo_libcamera.egg-info/dependency_links.txt
[4.912s] writing entry points to ../../build/roo_libcamera/roo_libcamera.egg-info/entry_points.txt
[4.912s] writing requirements to ../../build/roo_libcamera/roo_libcamera.egg-info/requires.txt
[4.915s] writing top-level names to ../../build/roo_libcamera/roo_libcamera.egg-info/top_level.txt
[4.972s] reading manifest file '../../build/roo_libcamera/roo_libcamera.egg-info/SOURCES.txt'
[4.972s] writing manifest file '../../build/roo_libcamera/roo_libcamera.egg-info/SOURCES.txt'
[4.973s] running build
[4.973s] running build_py
[4.973s] copying roo_libcamera/libcamera_node.py -> /home/roo/roo_ws/build/roo_libcamera/build/lib/roo_libcamera
[4.973s] running install
[4.987s] running install_lib
[5.015s] copying /home/roo/roo_ws/build/roo_libcamera/build/lib/roo_libcamera/libcamera_node.py -> /home/roo/roo_ws/install/roo_libcamera/lib/python3.12/site-packages/roo_libcamera
[5.019s] byte-compiling /home/roo/roo_ws/install/roo_libcamera/lib/python3.12/site-packages/roo_libcamera/libcamera_node.py to libcamera_node.cpython-312.pyc
[5.020s] running install_data
[5.021s] running install_egg_info
[5.059s] removing '/home/roo/roo_ws/install/roo_libcamera/lib/python3.12/site-packages/roo_libcamera-0.0.0-py3.12.egg-info' (and everything under it)
[5.059s] Copying ../../build/roo_libcamera/roo_libcamera.egg-info to /home/roo/roo_ws/install/roo_libcamera/lib/python3.12/site-packages/roo_libcamera-0.0.0-py3.12.egg-info
[5.063s] running install_scripts
[5.332s] Installing compressed_republisher script to /home/roo/roo_ws/install/roo_libcamera/lib/roo_libcamera
[5.332s] Installing libcamera_node script to /home/roo/roo_ws/install/roo_libcamera/lib/roo_libcamera
[5.334s] writing list of installed files to '/home/roo/roo_ws/build/roo_libcamera/install.log'
[5.628s] Invoked command in '/home/roo/roo_ws/src/roo_libcamera' returned '0': DEBUGINFOD_URLS=https://debuginfod.ubuntu.com PYTHONPATH=/home/roo/roo_ws/build/roo_libcamera/prefix_override:/usr/lib/python3/dist-packages/colcon_core/task/python/colcon_distutils_commands:/home/roo/roo_ws/install/roo_libcamera/lib/python3.12/site-packages:${PYTHONPATH} /usr/bin/python3 -W ignore:setup.py install is deprecated -W ignore:easy_install command is deprecated setup.py egg_info --egg-base ../../build/roo_libcamera build --build-base /home/roo/roo_ws/build/roo_libcamera/build install --record /home/roo/roo_ws/build/roo_libcamera/install.log --single-version-externally-managed install_data
