[2.098s] Invoking command in '/home/roo/roo_ws/src/roo_web_bridge': DEBUGINFOD_URLS=https://debuginfod.ubuntu.com PYTHONPATH=/home/roo/roo_ws/build/roo_web_bridge/prefix_override:/usr/lib/python3/dist-packages/colcon_core/task/python/colcon_distutils_commands:/home/roo/roo_ws/install/roo_web_bridge/lib/python3.12/site-packages:${PYTHONPATH} /usr/bin/python3 -W ignore:setup.py install is deprecated -W ignore:easy_install command is deprecated setup.py egg_info --egg-base ../../build/roo_web_bridge build --build-base /home/roo/roo_ws/build/roo_web_bridge/build install --record /home/roo/roo_ws/build/roo_web_bridge/install.log --single-version-externally-managed install_data
[2.499s] running egg_info
[2.522s] writing ../../build/roo_web_bridge/roo_web_bridge.egg-info/PKG-INFO
[2.523s] writing dependency_links to ../../build/roo_web_bridge/roo_web_bridge.egg-info/dependency_links.txt
[2.524s] writing entry points to ../../build/roo_web_bridge/roo_web_bridge.egg-info/entry_points.txt
[2.525s] writing requirements to ../../build/roo_web_bridge/roo_web_bridge.egg-info/requires.txt
[2.525s] writing top-level names to ../../build/roo_web_bridge/roo_web_bridge.egg-info/top_level.txt
[2.575s] reading manifest file '../../build/roo_web_bridge/roo_web_bridge.egg-info/SOURCES.txt'
[2.576s] writing manifest file '../../build/roo_web_bridge/roo_web_bridge.egg-info/SOURCES.txt'
[2.577s] running build
[2.577s] running build_py
[2.577s] running install
[2.587s] running install_lib
[2.612s] running install_data
[2.613s] running install_egg_info
[2.639s] removing '/home/roo/roo_ws/install/roo_web_bridge/lib/python3.12/site-packages/roo_web_bridge-0.0.0-py3.12.egg-info' (and everything under it)
[2.640s] Copying ../../build/roo_web_bridge/roo_web_bridge.egg-info to /home/roo/roo_ws/install/roo_web_bridge/lib/python3.12/site-packages/roo_web_bridge-0.0.0-py3.12.egg-info
[2.641s] running install_scripts
[2.825s] Installing web_bridge script to /home/roo/roo_ws/install/roo_web_bridge/lib/roo_web_bridge
[2.826s] writing list of installed files to '/home/roo/roo_ws/build/roo_web_bridge/install.log'
[2.953s] Invoked command in '/home/roo/roo_ws/src/roo_web_bridge' returned '0': DEBUGINFOD_URLS=https://debuginfod.ubuntu.com PYTHONPATH=/home/roo/roo_ws/build/roo_web_bridge/prefix_override:/usr/lib/python3/dist-packages/colcon_core/task/python/colcon_distutils_commands:/home/roo/roo_ws/install/roo_web_bridge/lib/python3.12/site-packages:${PYTHONPATH} /usr/bin/python3 -W ignore:setup.py install is deprecated -W ignore:easy_install command is deprecated setup.py egg_info --egg-base ../../build/roo_web_bridge build --build-base /home/roo/roo_ws/build/roo_web_bridge/build install --record /home/roo/roo_ws/build/roo_web_bridge/install.log --single-version-externally-managed install_data
