[1.434s] Invoking command in '/home/roo/roo_ws/src/roo_serial': DEBUGINFOD_URLS=https://debuginfod.ubuntu.com PYTHONPATH=/home/roo/roo_ws/build/roo_serial/prefix_override:/usr/lib/python3/dist-packages/colcon_core/task/python/colcon_distutils_commands:/home/roo/roo_ws/install/roo_serial/lib/python3.12/site-packages:${PYTHONPATH} /usr/bin/python3 -W ignore:setup.py install is deprecated -W ignore:easy_install command is deprecated setup.py egg_info --egg-base ../../build/roo_serial build --build-base /home/roo/roo_ws/build/roo_serial/build install --record /home/roo/roo_ws/build/roo_serial/install.log --single-version-externally-managed install_data
[1.881s] running egg_info
[1.908s] writing ../../build/roo_serial/roo_serial.egg-info/PKG-INFO
[1.908s] writing dependency_links to ../../build/roo_serial/roo_serial.egg-info/dependency_links.txt
[1.909s] writing entry points to ../../build/roo_serial/roo_serial.egg-info/entry_points.txt
[1.910s] writing requirements to ../../build/roo_serial/roo_serial.egg-info/requires.txt
[1.910s] writing top-level names to ../../build/roo_serial/roo_serial.egg-info/top_level.txt
[1.968s] reading manifest file '../../build/roo_serial/roo_serial.egg-info/SOURCES.txt'
[1.968s] writing manifest file '../../build/roo_serial/roo_serial.egg-info/SOURCES.txt'
[1.969s] running build
[1.969s] running build_py
[1.970s] running install
[1.984s] running install_lib
[2.012s] running install_data
[2.012s] running install_egg_info
[2.042s] removing '/home/roo/roo_ws/install/roo_serial/lib/python3.12/site-packages/roo_serial-0.0.0-py3.12.egg-info' (and everything under it)
[2.042s] Copying ../../build/roo_serial/roo_serial.egg-info to /home/roo/roo_ws/install/roo_serial/lib/python3.12/site-packages/roo_serial-0.0.0-py3.12.egg-info
[2.043s] running install_scripts
[2.236s] Installing serial_rx script to /home/roo/roo_ws/install/roo_serial/lib/roo_serial
[2.237s] Installing serial_tx script to /home/roo/roo_ws/install/roo_serial/lib/roo_serial
[2.238s] writing list of installed files to '/home/roo/roo_ws/build/roo_serial/install.log'
[2.384s] Invoked command in '/home/roo/roo_ws/src/roo_serial' returned '0': DEBUGINFOD_URLS=https://debuginfod.ubuntu.com PYTHONPATH=/home/roo/roo_ws/build/roo_serial/prefix_override:/usr/lib/python3/dist-packages/colcon_core/task/python/colcon_distutils_commands:/home/roo/roo_ws/install/roo_serial/lib/python3.12/site-packages:${PYTHONPATH} /usr/bin/python3 -W ignore:setup.py install is deprecated -W ignore:easy_install command is deprecated setup.py egg_info --egg-base ../../build/roo_serial build --build-base /home/roo/roo_ws/build/roo_serial/build install --record /home/roo/roo_ws/build/roo_serial/install.log --single-version-externally-managed install_data
