running develop
Removing /home/roo/roo_ws/install/roo_cmd_mux/lib/python3.12/site-packages/roo-cmd-mux.egg-link (link to .)
running egg_info
writing ../../build/roo_cmd_mux/roo_cmd_mux.egg-info/PKG-INFO
writing dependency_links to ../../build/roo_cmd_mux/roo_cmd_mux.egg-info/dependency_links.txt
writing entry points to ../../build/roo_cmd_mux/roo_cmd_mux.egg-info/entry_points.txt
writing requirements to ../../build/roo_cmd_mux/roo_cmd_mux.egg-info/requires.txt
writing top-level names to ../../build/roo_cmd_mux/roo_cmd_mux.egg-info/top_level.txt
reading manifest file '../../build/roo_cmd_mux/roo_cmd_mux.egg-info/SOURCES.txt'
writing manifest file '../../build/roo_cmd_mux/roo_cmd_mux.egg-info/SOURCES.txt'
running build
running build_py
running install
running install_lib
creating /home/roo/roo_ws/install/roo_cmd_mux/lib/python3.12/site-packages/roo_cmd_mux
copying /home/roo/roo_ws/build/roo_cmd_mux/build/lib/roo_cmd_mux/cmd_mux_node.py -> /home/roo/roo_ws/install/roo_cmd_mux/lib/python3.12/site-packages/roo_cmd_mux
copying /home/roo/roo_ws/build/roo_cmd_mux/build/lib/roo_cmd_mux/__init__.py -> /home/roo/roo_ws/install/roo_cmd_mux/lib/python3.12/site-packages/roo_cmd_mux
byte-compiling /home/roo/roo_ws/install/roo_cmd_mux/lib/python3.12/site-packages/roo_cmd_mux/cmd_mux_node.py to cmd_mux_node.cpython-312.pyc
byte-compiling /home/roo/roo_ws/install/roo_cmd_mux/lib/python3.12/site-packages/roo_cmd_mux/__init__.py to __init__.cpython-312.pyc
running install_data
copying resource/roo_cmd_mux -> /home/roo/roo_ws/install/roo_cmd_mux/share/ament_index/resource_index/packages
copying package.xml -> /home/roo/roo_ws/install/roo_cmd_mux/share/roo_cmd_mux
running install_egg_info
Copying ../../build/roo_cmd_mux/roo_cmd_mux.egg-info to /home/roo/roo_ws/install/roo_cmd_mux/lib/python3.12/site-packages/roo_cmd_mux-0.0.0-py3.12.egg-info
running install_scripts
Installing cmd_mux script to /home/roo/roo_ws/install/roo_cmd_mux/lib/roo_cmd_mux
writing list of installed files to '/home/roo/roo_ws/build/roo_cmd_mux/install.log'
