running develop
Removing /home/roo/roo_ws/install/roo_bringup/lib/python3.12/site-packages/roo-bringup.egg-link (link to .)
running egg_info
writing ../../build/roo_bringup/roo_bringup.egg-info/PKG-INFO
writing dependency_links to ../../build/roo_bringup/roo_bringup.egg-info/dependency_links.txt
writing requirements to ../../build/roo_bringup/roo_bringup.egg-info/requires.txt
writing top-level names to ../../build/roo_bringup/roo_bringup.egg-info/top_level.txt
reading manifest file '../../build/roo_bringup/roo_bringup.egg-info/SOURCES.txt'
writing manifest file '../../build/roo_bringup/roo_bringup.egg-info/SOURCES.txt'
running build
running build_py
running install
running install_lib
creating /home/roo/roo_ws/install/roo_bringup/lib/python3.12/site-packages/roo_bringup
copying /home/roo/roo_ws/build/roo_bringup/build/lib/roo_bringup/__init__.py -> /home/roo/roo_ws/install/roo_bringup/lib/python3.12/site-packages/roo_bringup
byte-compiling /home/roo/roo_ws/install/roo_bringup/lib/python3.12/site-packages/roo_bringup/__init__.py to __init__.cpython-312.pyc
running install_data
copying resource/roo_bringup -> /home/roo/roo_ws/install/roo_bringup/share/ament_index/resource_index/packages
copying package.xml -> /home/roo/roo_ws/install/roo_bringup/share/roo_bringup
copying launch/roo_bringup.launch.py -> /home/roo/roo_ws/install/roo_bringup/share/roo_bringup/launch
running install_egg_info
Copying ../../build/roo_bringup/roo_bringup.egg-info to /home/roo/roo_ws/install/roo_bringup/lib/python3.12/site-packages/roo_bringup-0.0.0-py3.12.egg-info
running install_scripts
writing list of installed files to '/home/roo/roo_ws/build/roo_bringup/install.log'
