[1.454s] Invoking command in '/home/roo/roo_ws/src/roo_libcamera': DEBUGINFOD_URLS=https://debuginfod.ubuntu.com PYTHONPATH=/home/roo/roo_ws/build/roo_libcamera/prefix_override:/usr/lib/python3/dist-packages/colcon_core/task/python/colcon_distutils_commands:/home/roo/roo_ws/install/roo_libcamera/lib/python3.12/site-packages:${PYTHONPATH} /usr/bin/python3 -W ignore:setup.py install is deprecated -W ignore:easy_install command is deprecated setup.py egg_info --egg-base ../../build/roo_libcamera build --build-base /home/roo/roo_ws/build/roo_libcamera/build install --record /home/roo/roo_ws/build/roo_libcamera/install.log --single-version-externally-managed install_data
[1.937s] running egg_info
[1.971s] writing ../../build/roo_libcamera/roo_libcamera.egg-info/PKG-INFO
[1.971s] writing dependency_links to ../../build/roo_libcamera/roo_libcamera.egg-info/dependency_links.txt
[1.971s] writing entry points to ../../build/roo_libcamera/roo_libcamera.egg-info/entry_points.txt
[1.971s] writing requirements to ../../build/roo_libcamera/roo_libcamera.egg-info/requires.txt
[1.972s] writing top-level names to ../../build/roo_libcamera/roo_libcamera.egg-info/top_level.txt
[2.069s] reading manifest file '../../build/roo_libcamera/roo_libcamera.egg-info/SOURCES.txt'
[2.070s] writing manifest file '../../build/roo_libcamera/roo_libcamera.egg-info/SOURCES.txt'
[2.070s] running build
[2.070s] running build_py
[2.070s] copying roo_libcamera/libcamera_node.py -> /home/roo/roo_ws/build/roo_libcamera/build/lib/roo_libcamera
[2.070s] running install
[2.091s] running install_lib
[2.181s] copying /home/roo/roo_ws/build/roo_libcamera/build/lib/roo_libcamera/libcamera_node.py -> /home/roo/roo_ws/install/roo_libcamera/lib/python3.12/site-packages/roo_libcamera
[2.182s] byte-compiling /home/roo/roo_ws/install/roo_libcamera/lib/python3.12/site-packages/roo_libcamera/libcamera_node.py to libcamera_node.cpython-312.pyc
[2.187s] running install_data
[2.187s] running install_egg_info
[2.254s] removing '/home/roo/roo_ws/install/roo_libcamera/lib/python3.12/site-packages/roo_libcamera-0.0.0-py3.12.egg-info' (and everything under it)
[2.256s] Copying ../../build/roo_libcamera/roo_libcamera.egg-info to /home/roo/roo_ws/install/roo_libcamera/lib/python3.12/site-packages/roo_libcamera-0.0.0-py3.12.egg-info
[2.259s] running install_scripts
[2.646s] Installing compressed_republisher script to /home/roo/roo_ws/install/roo_libcamera/lib/roo_libcamera
[2.707s] Installing libcamera_node script to /home/roo/roo_ws/install/roo_libcamera/lib/roo_libcamera
[2.711s] writing list of installed files to '/home/roo/roo_ws/build/roo_libcamera/install.log'
[2.943s] Invoked command in '/home/roo/roo_ws/src/roo_libcamera' returned '0': DEBUGINFOD_URLS=https://debuginfod.ubuntu.com PYTHONPATH=/home/roo/roo_ws/build/roo_libcamera/prefix_override:/usr/lib/python3/dist-packages/colcon_core/task/python/colcon_distutils_commands:/home/roo/roo_ws/install/roo_libcamera/lib/python3.12/site-packages:${PYTHONPATH} /usr/bin/python3 -W ignore:setup.py install is deprecated -W ignore:easy_install command is deprecated setup.py egg_info --egg-base ../../build/roo_libcamera build --build-base /home/roo/roo_ws/build/roo_libcamera/build install --record /home/roo/roo_ws/build/roo_libcamera/install.log --single-version-externally-managed install_data
