[3.743s] Invoking command in '/home/roo/roo_ws/src/roo_web_bridge': DEBUGINFOD_URLS=https://debuginfod.ubuntu.com PYTHONPATH=/home/roo/roo_ws/build/roo_web_bridge/prefix_override:/usr/lib/python3/dist-packages/colcon_core/task/python/colcon_distutils_commands:/home/roo/roo_ws/install/roo_web_bridge/lib/python3.12/site-packages:${PYTHONPATH} /usr/bin/python3 -W ignore:setup.py install is deprecated -W ignore:easy_install command is deprecated setup.py egg_info --egg-base ../../build/roo_web_bridge build --build-base /home/roo/roo_ws/build/roo_web_bridge/build install --record /home/roo/roo_ws/build/roo_web_bridge/install.log --single-version-externally-managed install_data
[4.180s] running egg_info
[4.203s] writing ../../build/roo_web_bridge/roo_web_bridge.egg-info/PKG-INFO
[4.204s] writing dependency_links to ../../build/roo_web_bridge/roo_web_bridge.egg-info/dependency_links.txt
[4.206s] writing entry points to ../../build/roo_web_bridge/roo_web_bridge.egg-info/entry_points.txt
[4.206s] writing requirements to ../../build/roo_web_bridge/roo_web_bridge.egg-info/requires.txt
[4.207s] writing top-level names to ../../build/roo_web_bridge/roo_web_bridge.egg-info/top_level.txt
[4.257s] reading manifest file '../../build/roo_web_bridge/roo_web_bridge.egg-info/SOURCES.txt'
[4.259s] writing manifest file '../../build/roo_web_bridge/roo_web_bridge.egg-info/SOURCES.txt'
[4.259s] running build
[4.259s] running build_py
[4.261s] running install
[4.271s] running install_lib
[4.298s] running install_data
[4.298s] running install_egg_info
[4.324s] removing '/home/roo/roo_ws/install/roo_web_bridge/lib/python3.12/site-packages/roo_web_bridge-0.0.0-py3.12.egg-info' (and everything under it)
[4.325s] Copying ../../build/roo_web_bridge/roo_web_bridge.egg-info to /home/roo/roo_ws/install/roo_web_bridge/lib/python3.12/site-packages/roo_web_bridge-0.0.0-py3.12.egg-info
[4.327s] running install_scripts
[4.509s] Installing web_bridge script to /home/roo/roo_ws/install/roo_web_bridge/lib/roo_web_bridge
[4.510s] writing list of installed files to '/home/roo/roo_ws/build/roo_web_bridge/install.log'
[4.626s] Invoked command in '/home/roo/roo_ws/src/roo_web_bridge' returned '0': DEBUGINFOD_URLS=https://debuginfod.ubuntu.com PYTHONPATH=/home/roo/roo_ws/build/roo_web_bridge/prefix_override:/usr/lib/python3/dist-packages/colcon_core/task/python/colcon_distutils_commands:/home/roo/roo_ws/install/roo_web_bridge/lib/python3.12/site-packages:${PYTHONPATH} /usr/bin/python3 -W ignore:setup.py install is deprecated -W ignore:easy_install command is deprecated setup.py egg_info --egg-base ../../build/roo_web_bridge build --build-base /home/roo/roo_ws/build/roo_web_bridge/build install --record /home/roo/roo_ws/build/roo_web_bridge/install.log --single-version-externally-managed install_data
