running egg_info
writing ../../build/roo_libcamera/roo_libcamera.egg-info/PKG-INFO
writing dependency_links to ../../build/roo_libcamera/roo_libcamera.egg-info/dependency_links.txt
writing entry points to ../../build/roo_libcamera/roo_libcamera.egg-info/entry_points.txt
writing requirements to ../../build/roo_libcamera/roo_libcamera.egg-info/requires.txt
writing top-level names to ../../build/roo_libcamera/roo_libcamera.egg-info/top_level.txt
reading manifest file '../../build/roo_libcamera/roo_libcamera.egg-info/SOURCES.txt'
writing manifest file '../../build/roo_libcamera/roo_libcamera.egg-info/SOURCES.txt'
running build
running build_py
copying roo_libcamera/compressed_republisher.py -> /home/roo/roo_ws/build/roo_libcamera/build/lib/roo_libcamera
copying roo_libcamera/libcamera_node.py -> /home/roo/roo_ws/build/roo_libcamera/build/lib/roo_libcamera
running install
running install_lib
copying /home/roo/roo_ws/build/roo_libcamera/build/lib/roo_libcamera/compressed_republisher.py -> /home/roo/roo_ws/install/roo_libcamera/lib/python3.12/site-packages/roo_libcamera
copying /home/roo/roo_ws/build/roo_libcamera/build/lib/roo_libcamera/libcamera_node.py -> /home/roo/roo_ws/install/roo_libcamera/lib/python3.12/site-packages/roo_libcamera
byte-compiling /home/roo/roo_ws/install/roo_libcamera/lib/python3.12/site-packages/roo_libcamera/compressed_republisher.py to compressed_republisher.cpython-312.pyc
byte-compiling /home/roo/roo_ws/install/roo_libcamera/lib/python3.12/site-packages/roo_libcamera/libcamera_node.py to libcamera_node.cpython-312.pyc
running install_data
copying package.xml -> /home/roo/roo_ws/install/roo_libcamera/share/roo_libcamera
running install_egg_info
removing '/home/roo/roo_ws/install/roo_libcamera/lib/python3.12/site-packages/roo_libcamera-0.0.0-py3.12.egg-info' (and everything under it)
Copying ../../build/roo_libcamera/roo_libcamera.egg-info to /home/roo/roo_ws/install/roo_libcamera/lib/python3.12/site-packages/roo_libcamera-0.0.0-py3.12.egg-info
running install_scripts
Installing compressed_republisher script to /home/roo/roo_ws/install/roo_libcamera/lib/roo_libcamera
Installing libcamera_node script to /home/roo/roo_ws/install/roo_libcamera/lib/roo_libcamera
writing list of installed files to '/home/roo/roo_ws/build/roo_libcamera/install.log'
