[0.144s] DEBUG:colcon:Command line arguments: ['/usr/bin/colcon', 'build']
[0.144s] DEBUG:colcon:Parsed command line arguments: Namespace(log_base=None, log_level=None, verb_name='build', build_base='build', install_base='install', merge_install=False, symlink_install=False, test_result_base=None, continue_on_error=False, executor='parallel', parallel_workers=4, event_handlers=None, ignore_user_meta=False, metas=['./colcon.meta'], base_paths=['.'], packages_ignore=None, packages_ignore_regex=None, paths=None, packages_up_to=None, packages_up_to_regex=None, packages_above=None, packages_above_and_dependencies=None, packages_above_depth=None, packages_select_by_dep=None, packages_skip_by_dep=None, packages_skip_up_to=None, packages_select_build_failed=False, packages_skip_build_finished=False, packages_select_test_failures=False, packages_skip_test_passed=False, packages_select=None, packages_skip=None, packages_select_regex=None, packages_skip_regex=None, packages_start=None, packages_end=None, cmake_args=None, cmake_target=None, cmake_target_skip_unavailable=False, cmake_clean_cache=False, cmake_clean_first=False, cmake_force_configure=False, ament_cmake_args=None, catkin_cmake_args=None, catkin_skip_building_tests=False, verb_parser=<colcon_defaults.argument_parser.defaults.DefaultArgumentsDecorator object at 0xffffbb12dbe0>, verb_extension=<colcon_core.verb.build.BuildVerb object at 0xffffbb31dbe0>, main=<bound method BuildVerb.main of <colcon_core.verb.build.BuildVerb object at 0xffffbb31dbe0>>)
[0.202s] Level 1:colcon.colcon_core.package_discovery:discover_packages(colcon_meta) check parameters
[0.203s] Level 1:colcon.colcon_core.package_discovery:discover_packages(recursive) check parameters
[0.203s] Level 1:colcon.colcon_core.package_discovery:discover_packages(ignore) check parameters
[0.203s] Level 1:colcon.colcon_core.package_discovery:discover_packages(path) check parameters
[0.203s] Level 1:colcon.colcon_core.package_discovery:discover_packages(colcon_meta) discover
[0.203s] Level 1:colcon.colcon_core.package_discovery:discover_packages(recursive) discover
[0.203s] INFO:colcon.colcon_core.package_discovery:Crawling recursively for packages in '/home/roo/roo_ws'
[0.203s] Level 1:colcon.colcon_core.package_identification:_identify(.) by extensions ['ignore', 'ignore_ament_install']
[0.203s] Level 1:colcon.colcon_core.package_identification:_identify(.) by extension 'ignore'
[0.203s] Level 1:colcon.colcon_core.package_identification:_identify(.) by extension 'ignore_ament_install'
[0.203s] Level 1:colcon.colcon_core.package_identification:_identify(.) by extensions ['colcon_pkg']
[0.203s] Level 1:colcon.colcon_core.package_identification:_identify(.) by extension 'colcon_pkg'
[0.203s] Level 1:colcon.colcon_core.package_identification:_identify(.) by extensions ['colcon_meta']
[0.203s] Level 1:colcon.colcon_core.package_identification:_identify(.) by extension 'colcon_meta'
[0.203s] Level 1:colcon.colcon_core.package_identification:_identify(.) by extensions ['ros']
[0.203s] Level 1:colcon.colcon_core.package_identification:_identify(.) by extension 'ros'
[0.241s] Level 1:colcon.colcon_core.package_identification:_identify(.) by extensions ['cmake', 'python']
[0.241s] Level 1:colcon.colcon_core.package_identification:_identify(.) by extension 'cmake'
[0.241s] Level 1:colcon.colcon_core.package_identification:_identify(.) by extension 'python'
[0.241s] Level 1:colcon.colcon_core.package_identification:_identify(.) by extensions ['python_setup_py']
[0.241s] Level 1:colcon.colcon_core.package_identification:_identify(.) by extension 'python_setup_py'
[0.242s] Level 1:colcon.colcon_core.package_identification:_identify(build) by extensions ['ignore', 'ignore_ament_install']
[0.242s] Level 1:colcon.colcon_core.package_identification:_identify(build) by extension 'ignore'
[0.242s] Level 1:colcon.colcon_core.package_identification:_identify(build) ignored
[0.242s] Level 1:colcon.colcon_core.package_identification:_identify(install) by extensions ['ignore', 'ignore_ament_install']
[0.242s] Level 1:colcon.colcon_core.package_identification:_identify(install) by extension 'ignore'
[0.242s] Level 1:colcon.colcon_core.package_identification:_identify(install) ignored
[0.242s] Level 1:colcon.colcon_core.package_identification:_identify(log) by extensions ['ignore', 'ignore_ament_install']
[0.242s] Level 1:colcon.colcon_core.package_identification:_identify(log) by extension 'ignore'
[0.242s] Level 1:colcon.colcon_core.package_identification:_identify(log) ignored
[0.242s] Level 1:colcon.colcon_core.package_identification:_identify(src) by extensions ['ignore', 'ignore_ament_install']
[0.242s] Level 1:colcon.colcon_core.package_identification:_identify(src) by extension 'ignore'
[0.243s] Level 1:colcon.colcon_core.package_identification:_identify(src) by extension 'ignore_ament_install'
[0.243s] Level 1:colcon.colcon_core.package_identification:_identify(src) by extensions ['colcon_pkg']
[0.243s] Level 1:colcon.colcon_core.package_identification:_identify(src) by extension 'colcon_pkg'
[0.243s] Level 1:colcon.colcon_core.package_identification:_identify(src) by extensions ['colcon_meta']
[0.243s] Level 1:colcon.colcon_core.package_identification:_identify(src) by extension 'colcon_meta'
[0.243s] Level 1:colcon.colcon_core.package_identification:_identify(src) by extensions ['ros']
[0.243s] Level 1:colcon.colcon_core.package_identification:_identify(src) by extension 'ros'
[0.243s] Level 1:colcon.colcon_core.package_identification:_identify(src) by extensions ['cmake', 'python']
[0.243s] Level 1:colcon.colcon_core.package_identification:_identify(src) by extension 'cmake'
[0.243s] Level 1:colcon.colcon_core.package_identification:_identify(src) by extension 'python'
[0.243s] Level 1:colcon.colcon_core.package_identification:_identify(src) by extensions ['python_setup_py']
[0.243s] Level 1:colcon.colcon_core.package_identification:_identify(src) by extension 'python_setup_py'
[0.243s] Level 1:colcon.colcon_core.package_identification:_identify(src/roo_bringup) by extensions ['ignore', 'ignore_ament_install']
[0.243s] Level 1:colcon.colcon_core.package_identification:_identify(src/roo_bringup) by extension 'ignore'
[0.243s] Level 1:colcon.colcon_core.package_identification:_identify(src/roo_bringup) by extension 'ignore_ament_install'
[0.243s] Level 1:colcon.colcon_core.package_identification:_identify(src/roo_bringup) by extensions ['colcon_pkg']
[0.243s] Level 1:colcon.colcon_core.package_identification:_identify(src/roo_bringup) by extension 'colcon_pkg'
[0.243s] Level 1:colcon.colcon_core.package_identification:_identify(src/roo_bringup) by extensions ['colcon_meta']
[0.243s] Level 1:colcon.colcon_core.package_identification:_identify(src/roo_bringup) by extension 'colcon_meta'
[0.243s] Level 1:colcon.colcon_core.package_identification:_identify(src/roo_bringup) by extensions ['ros']
[0.243s] Level 1:colcon.colcon_core.package_identification:_identify(src/roo_bringup) by extension 'ros'
[0.247s] DEBUG:colcon.colcon_core.package_identification:Package 'src/roo_bringup' with type 'ros.ament_python' and name 'roo_bringup'
[0.247s] Level 1:colcon.colcon_core.package_identification:_identify(src/roo_cmd_mux) by extensions ['ignore', 'ignore_ament_install']
[0.247s] Level 1:colcon.colcon_core.package_identification:_identify(src/roo_cmd_mux) by extension 'ignore'
[0.247s] Level 1:colcon.colcon_core.package_identification:_identify(src/roo_cmd_mux) by extension 'ignore_ament_install'
[0.247s] Level 1:colcon.colcon_core.package_identification:_identify(src/roo_cmd_mux) by extensions ['colcon_pkg']
[0.247s] Level 1:colcon.colcon_core.package_identification:_identify(src/roo_cmd_mux) by extension 'colcon_pkg'
[0.247s] Level 1:colcon.colcon_core.package_identification:_identify(src/roo_cmd_mux) by extensions ['colcon_meta']
[0.247s] Level 1:colcon.colcon_core.package_identification:_identify(src/roo_cmd_mux) by extension 'colcon_meta'
[0.247s] Level 1:colcon.colcon_core.package_identification:_identify(src/roo_cmd_mux) by extensions ['ros']
[0.247s] Level 1:colcon.colcon_core.package_identification:_identify(src/roo_cmd_mux) by extension 'ros'
[0.248s] DEBUG:colcon.colcon_core.package_identification:Package 'src/roo_cmd_mux' with type 'ros.ament_python' and name 'roo_cmd_mux'
[0.248s] Level 1:colcon.colcon_core.package_identification:_identify(src/roo_libcamera) by extensions ['ignore', 'ignore_ament_install']
[0.248s] Level 1:colcon.colcon_core.package_identification:_identify(src/roo_libcamera) by extension 'ignore'
[0.248s] Level 1:colcon.colcon_core.package_identification:_identify(src/roo_libcamera) by extension 'ignore_ament_install'
[0.249s] Level 1:colcon.colcon_core.package_identification:_identify(src/roo_libcamera) by extensions ['colcon_pkg']
[0.249s] Level 1:colcon.colcon_core.package_identification:_identify(src/roo_libcamera) by extension 'colcon_pkg'
[0.249s] Level 1:colcon.colcon_core.package_identification:_identify(src/roo_libcamera) by extensions ['colcon_meta']
[0.249s] Level 1:colcon.colcon_core.package_identification:_identify(src/roo_libcamera) by extension 'colcon_meta'
[0.249s] Level 1:colcon.colcon_core.package_identification:_identify(src/roo_libcamera) by extensions ['ros']
[0.249s] Level 1:colcon.colcon_core.package_identification:_identify(src/roo_libcamera) by extension 'ros'
[0.249s] DEBUG:colcon.colcon_core.package_identification:Package 'src/roo_libcamera' with type 'ros.ament_python' and name 'roo_libcamera'
[0.250s] Level 1:colcon.colcon_core.package_identification:_identify(src/roo_protocol) by extensions ['ignore', 'ignore_ament_install']
[0.250s] Level 1:colcon.colcon_core.package_identification:_identify(src/roo_protocol) by extension 'ignore'
[0.250s] Level 1:colcon.colcon_core.package_identification:_identify(src/roo_protocol) by extension 'ignore_ament_install'
[0.250s] Level 1:colcon.colcon_core.package_identification:_identify(src/roo_protocol) by extensions ['colcon_pkg']
[0.250s] Level 1:colcon.colcon_core.package_identification:_identify(src/roo_protocol) by extension 'colcon_pkg'
[0.250s] Level 1:colcon.colcon_core.package_identification:_identify(src/roo_protocol) by extensions ['colcon_meta']
[0.250s] Level 1:colcon.colcon_core.package_identification:_identify(src/roo_protocol) by extension 'colcon_meta'
[0.250s] Level 1:colcon.colcon_core.package_identification:_identify(src/roo_protocol) by extensions ['ros']
[0.250s] Level 1:colcon.colcon_core.package_identification:_identify(src/roo_protocol) by extension 'ros'
[0.252s] DEBUG:colcon.colcon_core.package_identification:Package 'src/roo_protocol' with type 'ros.ament_python' and name 'roo_protocol'
[0.253s] Level 1:colcon.colcon_core.package_identification:_identify(src/roo_serial) by extensions ['ignore', 'ignore_ament_install']
[0.253s] Level 1:colcon.colcon_core.package_identification:_identify(src/roo_serial) by extension 'ignore'
[0.253s] Level 1:colcon.colcon_core.package_identification:_identify(src/roo_serial) by extension 'ignore_ament_install'
[0.253s] Level 1:colcon.colcon_core.package_identification:_identify(src/roo_serial) by extensions ['colcon_pkg']
[0.253s] Level 1:colcon.colcon_core.package_identification:_identify(src/roo_serial) by extension 'colcon_pkg'
[0.253s] Level 1:colcon.colcon_core.package_identification:_identify(src/roo_serial) by extensions ['colcon_meta']
[0.253s] Level 1:colcon.colcon_core.package_identification:_identify(src/roo_serial) by extension 'colcon_meta'
[0.253s] Level 1:colcon.colcon_core.package_identification:_identify(src/roo_serial) by extensions ['ros']
[0.253s] Level 1:colcon.colcon_core.package_identification:_identify(src/roo_serial) by extension 'ros'
[0.254s] DEBUG:colcon.colcon_core.package_identification:Package 'src/roo_serial' with type 'ros.ament_python' and name 'roo_serial'
[0.254s] Level 1:colcon.colcon_core.package_identification:_identify(src/roo_teleop_ps5) by extensions ['ignore', 'ignore_ament_install']
[0.254s] Level 1:colcon.colcon_core.package_identification:_identify(src/roo_teleop_ps5) by extension 'ignore'
[0.254s] Level 1:colcon.colcon_core.package_identification:_identify(src/roo_teleop_ps5) by extension 'ignore_ament_install'
[0.254s] Level 1:colcon.colcon_core.package_identification:_identify(src/roo_teleop_ps5) by extensions ['colcon_pkg']
[0.254s] Level 1:colcon.colcon_core.package_identification:_identify(src/roo_teleop_ps5) by extension 'colcon_pkg'
[0.254s] Level 1:colcon.colcon_core.package_identification:_identify(src/roo_teleop_ps5) by extensions ['colcon_meta']
[0.254s] Level 1:colcon.colcon_core.package_identification:_identify(src/roo_teleop_ps5) by extension 'colcon_meta'
[0.254s] Level 1:colcon.colcon_core.package_identification:_identify(src/roo_teleop_ps5) by extensions ['ros']
[0.254s] Level 1:colcon.colcon_core.package_identification:_identify(src/roo_teleop_ps5) by extension 'ros'
[0.255s] DEBUG:colcon.colcon_core.package_identification:Package 'src/roo_teleop_ps5' with type 'ros.ament_python' and name 'roo_teleop_ps5'
[0.255s] Level 1:colcon.colcon_core.package_identification:_identify(src/roo_vision) by extensions ['ignore', 'ignore_ament_install']
[0.255s] Level 1:colcon.colcon_core.package_identification:_identify(src/roo_vision) by extension 'ignore'
[0.255s] Level 1:colcon.colcon_core.package_identification:_identify(src/roo_vision) by extension 'ignore_ament_install'
[0.255s] Level 1:colcon.colcon_core.package_identification:_identify(src/roo_vision) by extensions ['colcon_pkg']
[0.255s] Level 1:colcon.colcon_core.package_identification:_identify(src/roo_vision) by extension 'colcon_pkg'
[0.255s] Level 1:colcon.colcon_core.package_identification:_identify(src/roo_vision) by extensions ['colcon_meta']
[0.255s] Level 1:colcon.colcon_core.package_identification:_identify(src/roo_vision) by extension 'colcon_meta'
[0.256s] Level 1:colcon.colcon_core.package_identification:_identify(src/roo_vision) by extensions ['ros']
[0.256s] Level 1:colcon.colcon_core.package_identification:_identify(src/roo_vision) by extension 'ros'
[0.256s] DEBUG:colcon.colcon_core.package_identification:Package 'src/roo_vision' with type 'ros.ament_python' and name 'roo_vision'
[0.256s] Level 1:colcon.colcon_core.package_identification:_identify(src/roo_web_bridge) by extensions ['ignore', 'ignore_ament_install']
[0.256s] Level 1:colcon.colcon_core.package_identification:_identify(src/roo_web_bridge) by extension 'ignore'
[0.256s] Level 1:colcon.colcon_core.package_identification:_identify(src/roo_web_bridge) by extension 'ignore_ament_install'
[0.256s] Level 1:colcon.colcon_core.package_identification:_identify(src/roo_web_bridge) by extensions ['colcon_pkg']
[0.257s] Level 1:colcon.colcon_core.package_identification:_identify(src/roo_web_bridge) by extension 'colcon_pkg'
[0.257s] Level 1:colcon.colcon_core.package_identification:_identify(src/roo_web_bridge) by extensions ['colcon_meta']
[0.257s] Level 1:colcon.colcon_core.package_identification:_identify(src/roo_web_bridge) by extension 'colcon_meta'
[0.257s] Level 1:colcon.colcon_core.package_identification:_identify(src/roo_web_bridge) by extensions ['ros']
[0.257s] Level 1:colcon.colcon_core.package_identification:_identify(src/roo_web_bridge) by extension 'ros'
[0.257s] DEBUG:colcon.colcon_core.package_identification:Package 'src/roo_web_bridge' with type 'ros.ament_python' and name 'roo_web_bridge'
[0.257s] Level 1:colcon.colcon_core.package_identification:_identify(web_dashboard) by extensions ['ignore', 'ignore_ament_install']
[0.257s] Level 1:colcon.colcon_core.package_identification:_identify(web_dashboard) by extension 'ignore'
[0.257s] Level 1:colcon.colcon_core.package_identification:_identify(web_dashboard) by extension 'ignore_ament_install'
[0.258s] Level 1:colcon.colcon_core.package_identification:_identify(web_dashboard) by extensions ['colcon_pkg']
[0.258s] Level 1:colcon.colcon_core.package_identification:_identify(web_dashboard) by extension 'colcon_pkg'
[0.258s] Level 1:colcon.colcon_core.package_identification:_identify(web_dashboard) by extensions ['colcon_meta']
[0.258s] Level 1:colcon.colcon_core.package_identification:_identify(web_dashboard) by extension 'colcon_meta'
[0.258s] Level 1:colcon.colcon_core.package_identification:_identify(web_dashboard) by extensions ['ros']
[0.258s] Level 1:colcon.colcon_core.package_identification:_identify(web_dashboard) by extension 'ros'
[0.258s] Level 1:colcon.colcon_core.package_identification:_identify(web_dashboard) by extensions ['cmake', 'python']
[0.258s] Level 1:colcon.colcon_core.package_identification:_identify(web_dashboard) by extension 'cmake'
[0.258s] Level 1:colcon.colcon_core.package_identification:_identify(web_dashboard) by extension 'python'
[0.258s] Level 1:colcon.colcon_core.package_identification:_identify(web_dashboard) by extensions ['python_setup_py']
[0.258s] Level 1:colcon.colcon_core.package_identification:_identify(web_dashboard) by extension 'python_setup_py'
[0.258s] Level 1:colcon.colcon_core.package_discovery:discover_packages(recursive) using defaults
[0.258s] Level 1:colcon.colcon_core.package_discovery:discover_packages(ignore) discover
[0.258s] Level 1:colcon.colcon_core.package_discovery:discover_packages(ignore) using defaults
[0.258s] Level 1:colcon.colcon_core.package_discovery:discover_packages(path) discover
[0.258s] Level 1:colcon.colcon_core.package_discovery:discover_packages(path) using defaults
[0.285s] Level 5:colcon.colcon_core.verb:set package 'roo_bringup' build argument 'cmake_args' from command line to 'None'
[0.285s] Level 5:colcon.colcon_core.verb:set package 'roo_bringup' build argument 'cmake_target' from command line to 'None'
[0.285s] Level 5:colcon.colcon_core.verb:set package 'roo_bringup' build argument 'cmake_target_skip_unavailable' from command line to 'False'
[0.285s] Level 5:colcon.colcon_core.verb:set package 'roo_bringup' build argument 'cmake_clean_cache' from command line to 'False'
[0.285s] Level 5:colcon.colcon_core.verb:set package 'roo_bringup' build argument 'cmake_clean_first' from command line to 'False'
[0.285s] Level 5:colcon.colcon_core.verb:set package 'roo_bringup' build argument 'cmake_force_configure' from command line to 'False'
[0.285s] Level 5:colcon.colcon_core.verb:set package 'roo_bringup' build argument 'ament_cmake_args' from command line to 'None'
[0.285s] Level 5:colcon.colcon_core.verb:set package 'roo_bringup' build argument 'catkin_cmake_args' from command line to 'None'
[0.285s] Level 5:colcon.colcon_core.verb:set package 'roo_bringup' build argument 'catkin_skip_building_tests' from command line to 'False'
[0.285s] DEBUG:colcon.colcon_core.verb:Building package 'roo_bringup' with the following arguments: {'ament_cmake_args': None, 'build_base': '/home/roo/roo_ws/build/roo_bringup', 'catkin_cmake_args': None, 'catkin_skip_building_tests': False, 'cmake_args': None, 'cmake_clean_cache': False, 'cmake_clean_first': False, 'cmake_force_configure': False, 'cmake_target': None, 'cmake_target_skip_unavailable': False, 'install_base': '/home/roo/roo_ws/install/roo_bringup', 'merge_install': False, 'path': '/home/roo/roo_ws/src/roo_bringup', 'symlink_install': False, 'test_result_base': None}
[0.286s] Level 5:colcon.colcon_core.verb:set package 'roo_cmd_mux' build argument 'cmake_args' from command line to 'None'
[0.286s] Level 5:colcon.colcon_core.verb:set package 'roo_cmd_mux' build argument 'cmake_target' from command line to 'None'
[0.286s] Level 5:colcon.colcon_core.verb:set package 'roo_cmd_mux' build argument 'cmake_target_skip_unavailable' from command line to 'False'
[0.286s] Level 5:colcon.colcon_core.verb:set package 'roo_cmd_mux' build argument 'cmake_clean_cache' from command line to 'False'
[0.286s] Level 5:colcon.colcon_core.verb:set package 'roo_cmd_mux' build argument 'cmake_clean_first' from command line to 'False'
[0.286s] Level 5:colcon.colcon_core.verb:set package 'roo_cmd_mux' build argument 'cmake_force_configure' from command line to 'False'
[0.286s] Level 5:colcon.colcon_core.verb:set package 'roo_cmd_mux' build argument 'ament_cmake_args' from command line to 'None'
[0.286s] Level 5:colcon.colcon_core.verb:set package 'roo_cmd_mux' build argument 'catkin_cmake_args' from command line to 'None'
[0.286s] Level 5:colcon.colcon_core.verb:set package 'roo_cmd_mux' build argument 'catkin_skip_building_tests' from command line to 'False'
[0.286s] DEBUG:colcon.colcon_core.verb:Building package 'roo_cmd_mux' with the following arguments: {'ament_cmake_args': None, 'build_base': '/home/roo/roo_ws/build/roo_cmd_mux', 'catkin_cmake_args': None, 'catkin_skip_building_tests': False, 'cmake_args': None, 'cmake_clean_cache': False, 'cmake_clean_first': False, 'cmake_force_configure': False, 'cmake_target': None, 'cmake_target_skip_unavailable': False, 'install_base': '/home/roo/roo_ws/install/roo_cmd_mux', 'merge_install': False, 'path': '/home/roo/roo_ws/src/roo_cmd_mux', 'symlink_install': False, 'test_result_base': None}
[0.286s] Level 5:colcon.colcon_core.verb:set package 'roo_libcamera' build argument 'cmake_args' from command line to 'None'
[0.286s] Level 5:colcon.colcon_core.verb:set package 'roo_libcamera' build argument 'cmake_target' from command line to 'None'
[0.286s] Level 5:colcon.colcon_core.verb:set package 'roo_libcamera' build argument 'cmake_target_skip_unavailable' from command line to 'False'
[0.286s] Level 5:colcon.colcon_core.verb:set package 'roo_libcamera' build argument 'cmake_clean_cache' from command line to 'False'
[0.286s] Level 5:colcon.colcon_core.verb:set package 'roo_libcamera' build argument 'cmake_clean_first' from command line to 'False'
[0.286s] Level 5:colcon.colcon_core.verb:set package 'roo_libcamera' build argument 'cmake_force_configure' from command line to 'False'
[0.286s] Level 5:colcon.colcon_core.verb:set package 'roo_libcamera' build argument 'ament_cmake_args' from command line to 'None'
[0.286s] Level 5:colcon.colcon_core.verb:set package 'roo_libcamera' build argument 'catkin_cmake_args' from command line to 'None'
[0.286s] Level 5:colcon.colcon_core.verb:set package 'roo_libcamera' build argument 'catkin_skip_building_tests' from command line to 'False'
[0.286s] DEBUG:colcon.colcon_core.verb:Building package 'roo_libcamera' with the following arguments: {'ament_cmake_args': None, 'build_base': '/home/roo/roo_ws/build/roo_libcamera', 'catkin_cmake_args': None, 'catkin_skip_building_tests': False, 'cmake_args': None, 'cmake_clean_cache': False, 'cmake_clean_first': False, 'cmake_force_configure': False, 'cmake_target': None, 'cmake_target_skip_unavailable': False, 'install_base': '/home/roo/roo_ws/install/roo_libcamera', 'merge_install': False, 'path': '/home/roo/roo_ws/src/roo_libcamera', 'symlink_install': False, 'test_result_base': None}
[0.287s] Level 5:colcon.colcon_core.verb:set package 'roo_protocol' build argument 'cmake_args' from command line to 'None'
[0.287s] Level 5:colcon.colcon_core.verb:set package 'roo_protocol' build argument 'cmake_target' from command line to 'None'
[0.287s] Level 5:colcon.colcon_core.verb:set package 'roo_protocol' build argument 'cmake_target_skip_unavailable' from command line to 'False'
[0.287s] Level 5:colcon.colcon_core.verb:set package 'roo_protocol' build argument 'cmake_clean_cache' from command line to 'False'
[0.287s] Level 5:colcon.colcon_core.verb:set package 'roo_protocol' build argument 'cmake_clean_first' from command line to 'False'
[0.287s] Level 5:colcon.colcon_core.verb:set package 'roo_protocol' build argument 'cmake_force_configure' from command line to 'False'
[0.287s] Level 5:colcon.colcon_core.verb:set package 'roo_protocol' build argument 'ament_cmake_args' from command line to 'None'
[0.287s] Level 5:colcon.colcon_core.verb:set package 'roo_protocol' build argument 'catkin_cmake_args' from command line to 'None'
[0.287s] Level 5:colcon.colcon_core.verb:set package 'roo_protocol' build argument 'catkin_skip_building_tests' from command line to 'False'
[0.287s] DEBUG:colcon.colcon_core.verb:Building package 'roo_protocol' with the following arguments: {'ament_cmake_args': None, 'build_base': '/home/roo/roo_ws/build/roo_protocol', 'catkin_cmake_args': None, 'catkin_skip_building_tests': False, 'cmake_args': None, 'cmake_clean_cache': False, 'cmake_clean_first': False, 'cmake_force_configure': False, 'cmake_target': None, 'cmake_target_skip_unavailable': False, 'install_base': '/home/roo/roo_ws/install/roo_protocol', 'merge_install': False, 'path': '/home/roo/roo_ws/src/roo_protocol', 'symlink_install': False, 'test_result_base': None}
[0.287s] Level 5:colcon.colcon_core.verb:set package 'roo_serial' build argument 'cmake_args' from command line to 'None'
[0.287s] Level 5:colcon.colcon_core.verb:set package 'roo_serial' build argument 'cmake_target' from command line to 'None'
[0.287s] Level 5:colcon.colcon_core.verb:set package 'roo_serial' build argument 'cmake_target_skip_unavailable' from command line to 'False'
[0.287s] Level 5:colcon.colcon_core.verb:set package 'roo_serial' build argument 'cmake_clean_cache' from command line to 'False'
[0.287s] Level 5:colcon.colcon_core.verb:set package 'roo_serial' build argument 'cmake_clean_first' from command line to 'False'
[0.287s] Level 5:colcon.colcon_core.verb:set package 'roo_serial' build argument 'cmake_force_configure' from command line to 'False'
[0.287s] Level 5:colcon.colcon_core.verb:set package 'roo_serial' build argument 'ament_cmake_args' from command line to 'None'
[0.287s] Level 5:colcon.colcon_core.verb:set package 'roo_serial' build argument 'catkin_cmake_args' from command line to 'None'
[0.287s] Level 5:colcon.colcon_core.verb:set package 'roo_serial' build argument 'catkin_skip_building_tests' from command line to 'False'
[0.287s] DEBUG:colcon.colcon_core.verb:Building package 'roo_serial' with the following arguments: {'ament_cmake_args': None, 'build_base': '/home/roo/roo_ws/build/roo_serial', 'catkin_cmake_args': None, 'catkin_skip_building_tests': False, 'cmake_args': None, 'cmake_clean_cache': False, 'cmake_clean_first': False, 'cmake_force_configure': False, 'cmake_target': None, 'cmake_target_skip_unavailable': False, 'install_base': '/home/roo/roo_ws/install/roo_serial', 'merge_install': False, 'path': '/home/roo/roo_ws/src/roo_serial', 'symlink_install': False, 'test_result_base': None}
[0.288s] Level 5:colcon.colcon_core.verb:set package 'roo_teleop_ps5' build argument 'cmake_args' from command line to 'None'
[0.288s] Level 5:colcon.colcon_core.verb:set package 'roo_teleop_ps5' build argument 'cmake_target' from command line to 'None'
[0.288s] Level 5:colcon.colcon_core.verb:set package 'roo_teleop_ps5' build argument 'cmake_target_skip_unavailable' from command line to 'False'
[0.288s] Level 5:colcon.colcon_core.verb:set package 'roo_teleop_ps5' build argument 'cmake_clean_cache' from command line to 'False'
[0.288s] Level 5:colcon.colcon_core.verb:set package 'roo_teleop_ps5' build argument 'cmake_clean_first' from command line to 'False'
[0.288s] Level 5:colcon.colcon_core.verb:set package 'roo_teleop_ps5' build argument 'cmake_force_configure' from command line to 'False'
[0.288s] Level 5:colcon.colcon_core.verb:set package 'roo_teleop_ps5' build argument 'ament_cmake_args' from command line to 'None'
[0.288s] Level 5:colcon.colcon_core.verb:set package 'roo_teleop_ps5' build argument 'catkin_cmake_args' from command line to 'None'
[0.288s] Level 5:colcon.colcon_core.verb:set package 'roo_teleop_ps5' build argument 'catkin_skip_building_tests' from command line to 'False'
[0.288s] DEBUG:colcon.colcon_core.verb:Building package 'roo_teleop_ps5' with the following arguments: {'ament_cmake_args': None, 'build_base': '/home/roo/roo_ws/build/roo_teleop_ps5', 'catkin_cmake_args': None, 'catkin_skip_building_tests': False, 'cmake_args': None, 'cmake_clean_cache': False, 'cmake_clean_first': False, 'cmake_force_configure': False, 'cmake_target': None, 'cmake_target_skip_unavailable': False, 'install_base': '/home/roo/roo_ws/install/roo_teleop_ps5', 'merge_install': False, 'path': '/home/roo/roo_ws/src/roo_teleop_ps5', 'symlink_install': False, 'test_result_base': None}
[0.288s] Level 5:colcon.colcon_core.verb:set package 'roo_vision' build argument 'cmake_args' from command line to 'None'
[0.288s] Level 5:colcon.colcon_core.verb:set package 'roo_vision' build argument 'cmake_target' from command line to 'None'
[0.288s] Level 5:colcon.colcon_core.verb:set package 'roo_vision' build argument 'cmake_target_skip_unavailable' from command line to 'False'
[0.288s] Level 5:colcon.colcon_core.verb:set package 'roo_vision' build argument 'cmake_clean_cache' from command line to 'False'
[0.288s] Level 5:colcon.colcon_core.verb:set package 'roo_vision' build argument 'cmake_clean_first' from command line to 'False'
[0.288s] Level 5:colcon.colcon_core.verb:set package 'roo_vision' build argument 'cmake_force_configure' from command line to 'False'
[0.288s] Level 5:colcon.colcon_core.verb:set package 'roo_vision' build argument 'ament_cmake_args' from command line to 'None'
[0.288s] Level 5:colcon.colcon_core.verb:set package 'roo_vision' build argument 'catkin_cmake_args' from command line to 'None'
[0.288s] Level 5:colcon.colcon_core.verb:set package 'roo_vision' build argument 'catkin_skip_building_tests' from command line to 'False'
[0.288s] DEBUG:colcon.colcon_core.verb:Building package 'roo_vision' with the following arguments: {'ament_cmake_args': None, 'build_base': '/home/roo/roo_ws/build/roo_vision', 'catkin_cmake_args': None, 'catkin_skip_building_tests': False, 'cmake_args': None, 'cmake_clean_cache': False, 'cmake_clean_first': False, 'cmake_force_configure': False, 'cmake_target': None, 'cmake_target_skip_unavailable': False, 'install_base': '/home/roo/roo_ws/install/roo_vision', 'merge_install': False, 'path': '/home/roo/roo_ws/src/roo_vision', 'symlink_install': False, 'test_result_base': None}
[0.289s] Level 5:colcon.colcon_core.verb:set package 'roo_web_bridge' build argument 'cmake_args' from command line to 'None'
[0.289s] Level 5:colcon.colcon_core.verb:set package 'roo_web_bridge' build argument 'cmake_target' from command line to 'None'
[0.289s] Level 5:colcon.colcon_core.verb:set package 'roo_web_bridge' build argument 'cmake_target_skip_unavailable' from command line to 'False'
[0.289s] Level 5:colcon.colcon_core.verb:set package 'roo_web_bridge' build argument 'cmake_clean_cache' from command line to 'False'
[0.289s] Level 5:colcon.colcon_core.verb:set package 'roo_web_bridge' build argument 'cmake_clean_first' from command line to 'False'
[0.289s] Level 5:colcon.colcon_core.verb:set package 'roo_web_bridge' build argument 'cmake_force_configure' from command line to 'False'
[0.289s] Level 5:colcon.colcon_core.verb:set package 'roo_web_bridge' build argument 'ament_cmake_args' from command line to 'None'
[0.289s] Level 5:colcon.colcon_core.verb:set package 'roo_web_bridge' build argument 'catkin_cmake_args' from command line to 'None'
[0.289s] Level 5:colcon.colcon_core.verb:set package 'roo_web_bridge' build argument 'catkin_skip_building_tests' from command line to 'False'
[0.289s] DEBUG:colcon.colcon_core.verb:Building package 'roo_web_bridge' with the following arguments: {'ament_cmake_args': None, 'build_base': '/home/roo/roo_ws/build/roo_web_bridge', 'catkin_cmake_args': None, 'catkin_skip_building_tests': False, 'cmake_args': None, 'cmake_clean_cache': False, 'cmake_clean_first': False, 'cmake_force_configure': False, 'cmake_target': None, 'cmake_target_skip_unavailable': False, 'install_base': '/home/roo/roo_ws/install/roo_web_bridge', 'merge_install': False, 'path': '/home/roo/roo_ws/src/roo_web_bridge', 'symlink_install': False, 'test_result_base': None}
[0.289s] INFO:colcon.colcon_core.executor:Executing jobs using 'parallel' executor
[0.290s] DEBUG:colcon.colcon_parallel_executor.executor.parallel:run_until_complete
[0.291s] INFO:colcon.colcon_ros.task.ament_python.build:Building ROS package in '/home/roo/roo_ws/src/roo_bringup' with build type 'ament_python'
[0.291s] Level 1:colcon.colcon_core.shell:create_environment_hook('roo_bringup', 'ament_prefix_path')
[0.294s] INFO:colcon.colcon_core.plugin_system:Skipping extension 'colcon_core.shell.bat': Not used on non-Windows systems
[0.294s] INFO:colcon.colcon_core.shell:Creating environment descriptor '/home/roo/roo_ws/install/roo_bringup/share/roo_bringup/hook/ament_prefix_path.dsv'
[0.342s] INFO:colcon.colcon_core.shell:Creating environment hook '/home/roo/roo_ws/install/roo_bringup/share/roo_bringup/hook/ament_prefix_path.sh'
[0.344s] DEBUG:colcon.colcon_core.shell:Skip shell extension 'dsv' for command environment
[0.350s] INFO:colcon.colcon_ros.task.ament_python.build:Building ROS package in '/home/roo/roo_ws/src/roo_cmd_mux' with build type 'ament_python'
[0.351s] Level 1:colcon.colcon_core.shell:create_environment_hook('roo_cmd_mux', 'ament_prefix_path')
[0.351s] INFO:colcon.colcon_core.shell:Creating environment descriptor '/home/roo/roo_ws/install/roo_cmd_mux/share/roo_cmd_mux/hook/ament_prefix_path.dsv'
[0.352s] INFO:colcon.colcon_core.shell:Creating environment hook '/home/roo/roo_ws/install/roo_cmd_mux/share/roo_cmd_mux/hook/ament_prefix_path.sh'
[0.353s] DEBUG:colcon.colcon_core.shell:Skip shell extension 'dsv' for command environment
[0.357s] INFO:colcon.colcon_ros.task.ament_python.build:Building ROS package in '/home/roo/roo_ws/src/roo_libcamera' with build type 'ament_python'
[0.358s] Level 1:colcon.colcon_core.shell:create_environment_hook('roo_libcamera', 'ament_prefix_path')
[0.358s] INFO:colcon.colcon_core.shell:Creating environment descriptor '/home/roo/roo_ws/install/roo_libcamera/share/roo_libcamera/hook/ament_prefix_path.dsv'
[0.359s] INFO:colcon.colcon_core.shell:Creating environment hook '/home/roo/roo_ws/install/roo_libcamera/share/roo_libcamera/hook/ament_prefix_path.sh'
[0.361s] DEBUG:colcon.colcon_core.shell:Skip shell extension 'dsv' for command environment
[0.366s] INFO:colcon.colcon_ros.task.ament_python.build:Building ROS package in '/home/roo/roo_ws/src/roo_protocol' with build type 'ament_python'
[0.367s] Level 1:colcon.colcon_core.shell:create_environment_hook('roo_protocol', 'ament_prefix_path')
[0.367s] INFO:colcon.colcon_core.shell:Creating environment descriptor '/home/roo/roo_ws/install/roo_protocol/share/roo_protocol/hook/ament_prefix_path.dsv'
[0.368s] INFO:colcon.colcon_core.shell:Creating environment hook '/home/roo/roo_ws/install/roo_protocol/share/roo_protocol/hook/ament_prefix_path.sh'
[0.369s] DEBUG:colcon.colcon_core.shell:Skip shell extension 'dsv' for command environment
[0.713s] INFO:colcon.colcon_core.task.python.build:Building Python package in '/home/roo/roo_ws/src/roo_bringup'
[0.713s] DEBUG:colcon.colcon_core.shell:Skip shell extension 'dsv' for command environment
[1.035s] INFO:colcon.colcon_core.task.python.build:Building Python package in '/home/roo/roo_ws/src/roo_cmd_mux'
[1.035s] DEBUG:colcon.colcon_core.shell:Skip shell extension 'dsv' for command environment
[1.380s] INFO:colcon.colcon_core.task.python.build:Building Python package in '/home/roo/roo_ws/src/roo_libcamera'
[1.380s] DEBUG:colcon.colcon_core.shell:Skip shell extension 'dsv' for command environment
[1.706s] INFO:colcon.colcon_core.task.python.build:Building Python package in '/home/roo/roo_ws/src/roo_protocol'
[1.707s] DEBUG:colcon.colcon_core.shell:Skip shell extension 'dsv' for command environment
[2.801s] DEBUG:colcon.colcon_core.event_handler.log_command:Invoking command in '/home/roo/roo_ws/build/roo_bringup': DEBUGINFOD_URLS=https://debuginfod.ubuntu.com PYTHONPATH=/home/roo/roo_ws/build/roo_bringup/prefix_override:/usr/lib/python3/dist-packages/colcon_core/task/python/colcon_distutils_commands:/home/roo/roo_ws/install/roo_bringup/lib/python3.12/site-packages:${PYTHONPATH} /usr/bin/python3 -W ignore:setup.py install is deprecated -W ignore:easy_install command is deprecated setup.py develop --uninstall --editable --build-directory /home/roo/roo_ws/build/roo_bringup/build
[2.819s] DEBUG:colcon.colcon_core.event_handler.log_command:Invoking command in '/home/roo/roo_ws/build/roo_cmd_mux': DEBUGINFOD_URLS=https://debuginfod.ubuntu.com PYTHONPATH=/home/roo/roo_ws/build/roo_cmd_mux/prefix_override:/usr/lib/python3/dist-packages/colcon_core/task/python/colcon_distutils_commands:/home/roo/roo_ws/install/roo_cmd_mux/lib/python3.12/site-packages:${PYTHONPATH} /usr/bin/python3 -W ignore:setup.py install is deprecated -W ignore:easy_install command is deprecated setup.py develop --uninstall --editable --build-directory /home/roo/roo_ws/build/roo_cmd_mux/build
[2.969s] DEBUG:colcon.colcon_core.event_handler.log_command:Invoking command in '/home/roo/roo_ws/build/roo_protocol': DEBUGINFOD_URLS=https://debuginfod.ubuntu.com PYTHONPATH=/home/roo/roo_ws/build/roo_protocol/prefix_override:/usr/lib/python3/dist-packages/colcon_core/task/python/colcon_distutils_commands:/home/roo/roo_ws/install/roo_protocol/lib/python3.12/site-packages:${PYTHONPATH} /usr/bin/python3 -W ignore:setup.py install is deprecated -W ignore:easy_install command is deprecated setup.py develop --uninstall --editable --build-directory /home/roo/roo_ws/build/roo_protocol/build
[3.083s] DEBUG:colcon.colcon_core.event_handler.log_command:Invoking command in '/home/roo/roo_ws/build/roo_libcamera': DEBUGINFOD_URLS=https://debuginfod.ubuntu.com PYTHONPATH=/home/roo/roo_ws/build/roo_libcamera/prefix_override:/usr/lib/python3/dist-packages/colcon_core/task/python/colcon_distutils_commands:/home/roo/roo_ws/install/roo_libcamera/lib/python3.12/site-packages:${PYTHONPATH} /usr/bin/python3 -W ignore:setup.py install is deprecated -W ignore:easy_install command is deprecated setup.py develop --uninstall --editable --build-directory /home/roo/roo_ws/build/roo_libcamera/build
[3.893s] DEBUG:colcon.colcon_core.event_handler.log_command:Invoked command in '/home/roo/roo_ws/build/roo_bringup' returned '0': DEBUGINFOD_URLS=https://debuginfod.ubuntu.com PYTHONPATH=/home/roo/roo_ws/build/roo_bringup/prefix_override:/usr/lib/python3/dist-packages/colcon_core/task/python/colcon_distutils_commands:/home/roo/roo_ws/install/roo_bringup/lib/python3.12/site-packages:${PYTHONPATH} /usr/bin/python3 -W ignore:setup.py install is deprecated -W ignore:easy_install command is deprecated setup.py develop --uninstall --editable --build-directory /home/roo/roo_ws/build/roo_bringup/build
[3.893s] DEBUG:colcon.colcon_core.event_handler.log_command:Invoking command in '/home/roo/roo_ws/src/roo_bringup': DEBUGINFOD_URLS=https://debuginfod.ubuntu.com PYTHONPATH=/home/roo/roo_ws/build/roo_bringup/prefix_override:/usr/lib/python3/dist-packages/colcon_core/task/python/colcon_distutils_commands:/home/roo/roo_ws/install/roo_bringup/lib/python3.12/site-packages:${PYTHONPATH} /usr/bin/python3 -W ignore:setup.py install is deprecated -W ignore:easy_install command is deprecated setup.py egg_info --egg-base ../../build/roo_bringup build --build-base /home/roo/roo_ws/build/roo_bringup/build install --record /home/roo/roo_ws/build/roo_bringup/install.log --single-version-externally-managed install_data --force
[4.009s] DEBUG:colcon.colcon_core.event_handler.log_command:Invoked command in '/home/roo/roo_ws/build/roo_protocol' returned '0': DEBUGINFOD_URLS=https://debuginfod.ubuntu.com PYTHONPATH=/home/roo/roo_ws/build/roo_protocol/prefix_override:/usr/lib/python3/dist-packages/colcon_core/task/python/colcon_distutils_commands:/home/roo/roo_ws/install/roo_protocol/lib/python3.12/site-packages:${PYTHONPATH} /usr/bin/python3 -W ignore:setup.py install is deprecated -W ignore:easy_install command is deprecated setup.py develop --uninstall --editable --build-directory /home/roo/roo_ws/build/roo_protocol/build
[4.010s] DEBUG:colcon.colcon_core.event_handler.log_command:Invoking command in '/home/roo/roo_ws/src/roo_protocol': DEBUGINFOD_URLS=https://debuginfod.ubuntu.com PYTHONPATH=/home/roo/roo_ws/build/roo_protocol/prefix_override:/usr/lib/python3/dist-packages/colcon_core/task/python/colcon_distutils_commands:/home/roo/roo_ws/install/roo_protocol/lib/python3.12/site-packages:${PYTHONPATH} /usr/bin/python3 -W ignore:setup.py install is deprecated -W ignore:easy_install command is deprecated setup.py egg_info --egg-base ../../build/roo_protocol build --build-base /home/roo/roo_ws/build/roo_protocol/build install --record /home/roo/roo_ws/build/roo_protocol/install.log --single-version-externally-managed install_data --force
[4.057s] DEBUG:colcon.colcon_core.event_handler.log_command:Invoked command in '/home/roo/roo_ws/build/roo_libcamera' returned '0': DEBUGINFOD_URLS=https://debuginfod.ubuntu.com PYTHONPATH=/home/roo/roo_ws/build/roo_libcamera/prefix_override:/usr/lib/python3/dist-packages/colcon_core/task/python/colcon_distutils_commands:/home/roo/roo_ws/install/roo_libcamera/lib/python3.12/site-packages:${PYTHONPATH} /usr/bin/python3 -W ignore:setup.py install is deprecated -W ignore:easy_install command is deprecated setup.py develop --uninstall --editable --build-directory /home/roo/roo_ws/build/roo_libcamera/build
[4.057s] DEBUG:colcon.colcon_core.event_handler.log_command:Invoking command in '/home/roo/roo_ws/src/roo_libcamera': DEBUGINFOD_URLS=https://debuginfod.ubuntu.com PYTHONPATH=/home/roo/roo_ws/build/roo_libcamera/prefix_override:/usr/lib/python3/dist-packages/colcon_core/task/python/colcon_distutils_commands:/home/roo/roo_ws/install/roo_libcamera/lib/python3.12/site-packages:${PYTHONPATH} /usr/bin/python3 -W ignore:setup.py install is deprecated -W ignore:easy_install command is deprecated setup.py egg_info --egg-base ../../build/roo_libcamera build --build-base /home/roo/roo_ws/build/roo_libcamera/build install --record /home/roo/roo_ws/build/roo_libcamera/install.log --single-version-externally-managed install_data --force
[4.283s] DEBUG:colcon.colcon_core.event_handler.log_command:Invoked command in '/home/roo/roo_ws/build/roo_cmd_mux' returned '0': DEBUGINFOD_URLS=https://debuginfod.ubuntu.com PYTHONPATH=/home/roo/roo_ws/build/roo_cmd_mux/prefix_override:/usr/lib/python3/dist-packages/colcon_core/task/python/colcon_distutils_commands:/home/roo/roo_ws/install/roo_cmd_mux/lib/python3.12/site-packages:${PYTHONPATH} /usr/bin/python3 -W ignore:setup.py install is deprecated -W ignore:easy_install command is deprecated setup.py develop --uninstall --editable --build-directory /home/roo/roo_ws/build/roo_cmd_mux/build
[4.284s] DEBUG:colcon.colcon_core.event_handler.log_command:Invoking command in '/home/roo/roo_ws/src/roo_cmd_mux': DEBUGINFOD_URLS=https://debuginfod.ubuntu.com PYTHONPATH=/home/roo/roo_ws/build/roo_cmd_mux/prefix_override:/usr/lib/python3/dist-packages/colcon_core/task/python/colcon_distutils_commands:/home/roo/roo_ws/install/roo_cmd_mux/lib/python3.12/site-packages:${PYTHONPATH} /usr/bin/python3 -W ignore:setup.py install is deprecated -W ignore:easy_install command is deprecated setup.py egg_info --egg-base ../../build/roo_cmd_mux build --build-base /home/roo/roo_ws/build/roo_cmd_mux/build install --record /home/roo/roo_ws/build/roo_cmd_mux/install.log --single-version-externally-managed install_data --force
[5.041s] DEBUG:colcon.colcon_core.event_handler.log_command:Invoked command in '/home/roo/roo_ws/src/roo_bringup' returned '0': DEBUGINFOD_URLS=https://debuginfod.ubuntu.com PYTHONPATH=/home/roo/roo_ws/build/roo_bringup/prefix_override:/usr/lib/python3/dist-packages/colcon_core/task/python/colcon_distutils_commands:/home/roo/roo_ws/install/roo_bringup/lib/python3.12/site-packages:${PYTHONPATH} /usr/bin/python3 -W ignore:setup.py install is deprecated -W ignore:easy_install command is deprecated setup.py egg_info --egg-base ../../build/roo_bringup build --build-base /home/roo/roo_ws/build/roo_bringup/build install --record /home/roo/roo_ws/build/roo_bringup/install.log --single-version-externally-managed install_data --force
[5.046s] Level 1:colcon.colcon_core.environment:checking '/home/roo/roo_ws/install/roo_bringup' for CMake module files
[5.047s] Level 1:colcon.colcon_core.environment:checking '/home/roo/roo_ws/install/roo_bringup' for CMake config files
[5.049s] Level 1:colcon.colcon_core.environment:checking '/home/roo/roo_ws/install/roo_bringup/lib'
[5.049s] Level 1:colcon.colcon_core.environment:checking '/home/roo/roo_ws/install/roo_bringup/bin'
[5.049s] Level 1:colcon.colcon_core.environment:checking '/home/roo/roo_ws/install/roo_bringup/lib/pkgconfig/roo_bringup.pc'
[5.050s] Level 1:colcon.colcon_core.environment:checking '/home/roo/roo_ws/install/roo_bringup/lib/python3.12/site-packages'
[5.050s] Level 1:colcon.colcon_core.shell:create_environment_hook('roo_bringup', 'pythonpath')
[5.051s] INFO:colcon.colcon_core.shell:Creating environment descriptor '/home/roo/roo_ws/install/roo_bringup/share/roo_bringup/hook/pythonpath.dsv'
[5.052s] INFO:colcon.colcon_core.shell:Creating environment hook '/home/roo/roo_ws/install/roo_bringup/share/roo_bringup/hook/pythonpath.sh'
[5.054s] Level 1:colcon.colcon_core.environment:checking '/home/roo/roo_ws/install/roo_bringup/bin'
[5.055s] Level 1:colcon.colcon_core.environment:create_environment_scripts_only(roo_bringup)
[5.055s] INFO:colcon.colcon_core.shell:Creating package descriptor '/home/roo/roo_ws/install/roo_bringup/share/roo_bringup/package.dsv'
[5.057s] INFO:colcon.colcon_core.shell:Creating package script '/home/roo/roo_ws/install/roo_bringup/share/roo_bringup/package.sh'
[5.058s] INFO:colcon.colcon_core.shell:Creating package script '/home/roo/roo_ws/install/roo_bringup/share/roo_bringup/package.bash'
[5.060s] INFO:colcon.colcon_core.shell:Creating package script '/home/roo/roo_ws/install/roo_bringup/share/roo_bringup/package.zsh'
[5.061s] Level 1:colcon.colcon_core.environment:create_file_with_runtime_dependencies(/home/roo/roo_ws/install/roo_bringup/share/colcon-core/packages/roo_bringup)
[5.070s] INFO:colcon.colcon_ros.task.ament_python.build:Building ROS package in '/home/roo/roo_ws/src/roo_serial' with build type 'ament_python'
[5.070s] Level 1:colcon.colcon_core.shell:create_environment_hook('roo_serial', 'ament_prefix_path')
[5.071s] INFO:colcon.colcon_core.shell:Creating environment descriptor '/home/roo/roo_ws/install/roo_serial/share/roo_serial/hook/ament_prefix_path.dsv'
[5.073s] INFO:colcon.colcon_core.shell:Creating environment hook '/home/roo/roo_ws/install/roo_serial/share/roo_serial/hook/ament_prefix_path.sh'
[5.074s] DEBUG:colcon.colcon_core.shell:Skip shell extension 'dsv' for command environment
[5.470s] INFO:colcon.colcon_core.task.python.build:Building Python package in '/home/roo/roo_ws/src/roo_serial'
[5.471s] DEBUG:colcon.colcon_core.shell:Skip shell extension 'dsv' for command environment
[5.477s] Level 1:colcon.colcon_core.environment:checking '/home/roo/roo_ws/install/roo_protocol' for CMake module files
[5.478s] DEBUG:colcon.colcon_core.event_handler.log_command:Invoked command in '/home/roo/roo_ws/src/roo_protocol' returned '0': DEBUGINFOD_URLS=https://debuginfod.ubuntu.com PYTHONPATH=/home/roo/roo_ws/build/roo_protocol/prefix_override:/usr/lib/python3/dist-packages/colcon_core/task/python/colcon_distutils_commands:/home/roo/roo_ws/install/roo_protocol/lib/python3.12/site-packages:${PYTHONPATH} /usr/bin/python3 -W ignore:setup.py install is deprecated -W ignore:easy_install command is deprecated setup.py egg_info --egg-base ../../build/roo_protocol build --build-base /home/roo/roo_ws/build/roo_protocol/build install --record /home/roo/roo_ws/build/roo_protocol/install.log --single-version-externally-managed install_data --force
[5.478s] Level 1:colcon.colcon_core.environment:checking '/home/roo/roo_ws/install/roo_protocol' for CMake config files
[5.479s] Level 1:colcon.colcon_core.environment:checking '/home/roo/roo_ws/install/roo_protocol/lib'
[5.479s] Level 1:colcon.colcon_core.environment:checking '/home/roo/roo_ws/install/roo_protocol/bin'
[5.479s] Level 1:colcon.colcon_core.environment:checking '/home/roo/roo_ws/install/roo_protocol/lib/pkgconfig/roo_protocol.pc'
[5.480s] Level 1:colcon.colcon_core.environment:checking '/home/roo/roo_ws/install/roo_protocol/lib/python3.12/site-packages'
[5.480s] Level 1:colcon.colcon_core.shell:create_environment_hook('roo_protocol', 'pythonpath')
[5.480s] INFO:colcon.colcon_core.shell:Creating environment descriptor '/home/roo/roo_ws/install/roo_protocol/share/roo_protocol/hook/pythonpath.dsv'
[5.481s] INFO:colcon.colcon_core.shell:Creating environment hook '/home/roo/roo_ws/install/roo_protocol/share/roo_protocol/hook/pythonpath.sh'
[5.483s] Level 1:colcon.colcon_core.environment:checking '/home/roo/roo_ws/install/roo_protocol/bin'
[5.483s] Level 1:colcon.colcon_core.environment:create_environment_scripts_only(roo_protocol)
[5.483s] INFO:colcon.colcon_core.shell:Creating package descriptor '/home/roo/roo_ws/install/roo_protocol/share/roo_protocol/package.dsv'
[5.484s] INFO:colcon.colcon_core.shell:Creating package script '/home/roo/roo_ws/install/roo_protocol/share/roo_protocol/package.sh'
[5.485s] INFO:colcon.colcon_core.shell:Creating package script '/home/roo/roo_ws/install/roo_protocol/share/roo_protocol/package.bash'
[5.486s] INFO:colcon.colcon_core.shell:Creating package script '/home/roo/roo_ws/install/roo_protocol/share/roo_protocol/package.zsh'
[5.486s] Level 1:colcon.colcon_core.environment:create_file_with_runtime_dependencies(/home/roo/roo_ws/install/roo_protocol/share/colcon-core/packages/roo_protocol)
[5.488s] Level 1:colcon.colcon_core.environment:checking '/home/roo/roo_ws/install/roo_libcamera' for CMake module files
[5.489s] Level 1:colcon.colcon_core.environment:checking '/home/roo/roo_ws/install/roo_libcamera' for CMake config files
[5.489s] DEBUG:colcon.colcon_core.event_handler.log_command:Invoked command in '/home/roo/roo_ws/src/roo_libcamera' returned '0': DEBUGINFOD_URLS=https://debuginfod.ubuntu.com PYTHONPATH=/home/roo/roo_ws/build/roo_libcamera/prefix_override:/usr/lib/python3/dist-packages/colcon_core/task/python/colcon_distutils_commands:/home/roo/roo_ws/install/roo_libcamera/lib/python3.12/site-packages:${PYTHONPATH} /usr/bin/python3 -W ignore:setup.py install is deprecated -W ignore:easy_install command is deprecated setup.py egg_info --egg-base ../../build/roo_libcamera build --build-base /home/roo/roo_ws/build/roo_libcamera/build install --record /home/roo/roo_ws/build/roo_libcamera/install.log --single-version-externally-managed install_data --force
[5.490s] Level 1:colcon.colcon_core.environment:checking '/home/roo/roo_ws/install/roo_libcamera/lib'
[5.490s] Level 1:colcon.colcon_core.environment:checking '/home/roo/roo_ws/install/roo_libcamera/bin'
[5.490s] Level 1:colcon.colcon_core.environment:checking '/home/roo/roo_ws/install/roo_libcamera/lib/pkgconfig/roo_libcamera.pc'
[5.491s] Level 1:colcon.colcon_core.environment:checking '/home/roo/roo_ws/install/roo_libcamera/lib/python3.12/site-packages'
[5.491s] Level 1:colcon.colcon_core.shell:create_environment_hook('roo_libcamera', 'pythonpath')
[5.491s] INFO:colcon.colcon_core.shell:Creating environment descriptor '/home/roo/roo_ws/install/roo_libcamera/share/roo_libcamera/hook/pythonpath.dsv'
[5.492s] INFO:colcon.colcon_core.shell:Creating environment hook '/home/roo/roo_ws/install/roo_libcamera/share/roo_libcamera/hook/pythonpath.sh'
[5.493s] Level 1:colcon.colcon_core.environment:checking '/home/roo/roo_ws/install/roo_libcamera/bin'
[5.493s] Level 1:colcon.colcon_core.environment:create_environment_scripts_only(roo_libcamera)
[5.493s] INFO:colcon.colcon_core.shell:Creating package descriptor '/home/roo/roo_ws/install/roo_libcamera/share/roo_libcamera/package.dsv'
[5.494s] INFO:colcon.colcon_core.shell:Creating package script '/home/roo/roo_ws/install/roo_libcamera/share/roo_libcamera/package.sh'
[5.495s] INFO:colcon.colcon_core.shell:Creating package script '/home/roo/roo_ws/install/roo_libcamera/share/roo_libcamera/package.bash'
[5.496s] INFO:colcon.colcon_core.shell:Creating package script '/home/roo/roo_ws/install/roo_libcamera/share/roo_libcamera/package.zsh'
[5.496s] Level 1:colcon.colcon_core.environment:create_file_with_runtime_dependencies(/home/roo/roo_ws/install/roo_libcamera/share/colcon-core/packages/roo_libcamera)
[5.498s] Level 1:colcon.colcon_core.environment:checking '/home/roo/roo_ws/install/roo_cmd_mux' for CMake module files
[5.499s] Level 1:colcon.colcon_core.environment:checking '/home/roo/roo_ws/install/roo_cmd_mux' for CMake config files
[5.500s] DEBUG:colcon.colcon_core.event_handler.log_command:Invoked command in '/home/roo/roo_ws/src/roo_cmd_mux' returned '0': DEBUGINFOD_URLS=https://debuginfod.ubuntu.com PYTHONPATH=/home/roo/roo_ws/build/roo_cmd_mux/prefix_override:/usr/lib/python3/dist-packages/colcon_core/task/python/colcon_distutils_commands:/home/roo/roo_ws/install/roo_cmd_mux/lib/python3.12/site-packages:${PYTHONPATH} /usr/bin/python3 -W ignore:setup.py install is deprecated -W ignore:easy_install command is deprecated setup.py egg_info --egg-base ../../build/roo_cmd_mux build --build-base /home/roo/roo_ws/build/roo_cmd_mux/build install --record /home/roo/roo_ws/build/roo_cmd_mux/install.log --single-version-externally-managed install_data --force
[5.500s] Level 1:colcon.colcon_core.environment:checking '/home/roo/roo_ws/install/roo_cmd_mux/lib'
[5.500s] Level 1:colcon.colcon_core.environment:checking '/home/roo/roo_ws/install/roo_cmd_mux/bin'
[5.501s] Level 1:colcon.colcon_core.environment:checking '/home/roo/roo_ws/install/roo_cmd_mux/lib/pkgconfig/roo_cmd_mux.pc'
[5.501s] Level 1:colcon.colcon_core.environment:checking '/home/roo/roo_ws/install/roo_cmd_mux/lib/python3.12/site-packages'
[5.501s] Level 1:colcon.colcon_core.shell:create_environment_hook('roo_cmd_mux', 'pythonpath')
[5.501s] INFO:colcon.colcon_core.shell:Creating environment descriptor '/home/roo/roo_ws/install/roo_cmd_mux/share/roo_cmd_mux/hook/pythonpath.dsv'
[5.502s] INFO:colcon.colcon_core.shell:Creating environment hook '/home/roo/roo_ws/install/roo_cmd_mux/share/roo_cmd_mux/hook/pythonpath.sh'
[5.503s] Level 1:colcon.colcon_core.environment:checking '/home/roo/roo_ws/install/roo_cmd_mux/bin'
[5.503s] Level 1:colcon.colcon_core.environment:create_environment_scripts_only(roo_cmd_mux)
[5.504s] INFO:colcon.colcon_core.shell:Creating package descriptor '/home/roo/roo_ws/install/roo_cmd_mux/share/roo_cmd_mux/package.dsv'
[5.504s] INFO:colcon.colcon_core.shell:Creating package script '/home/roo/roo_ws/install/roo_cmd_mux/share/roo_cmd_mux/package.sh'
[5.505s] INFO:colcon.colcon_core.shell:Creating package script '/home/roo/roo_ws/install/roo_cmd_mux/share/roo_cmd_mux/package.bash'
[5.506s] INFO:colcon.colcon_core.shell:Creating package script '/home/roo/roo_ws/install/roo_cmd_mux/share/roo_cmd_mux/package.zsh'
[5.507s] Level 1:colcon.colcon_core.environment:create_file_with_runtime_dependencies(/home/roo/roo_ws/install/roo_cmd_mux/share/colcon-core/packages/roo_cmd_mux)
[5.509s] INFO:colcon.colcon_ros.task.ament_python.build:Building ROS package in '/home/roo/roo_ws/src/roo_teleop_ps5' with build type 'ament_python'
[5.509s] Level 1:colcon.colcon_core.shell:create_environment_hook('roo_teleop_ps5', 'ament_prefix_path')
[5.509s] INFO:colcon.colcon_core.shell:Creating environment descriptor '/home/roo/roo_ws/install/roo_teleop_ps5/share/roo_teleop_ps5/hook/ament_prefix_path.dsv'
[5.511s] INFO:colcon.colcon_core.shell:Creating environment hook '/home/roo/roo_ws/install/roo_teleop_ps5/share/roo_teleop_ps5/hook/ament_prefix_path.sh'
[5.512s] DEBUG:colcon.colcon_core.shell:Skip shell extension 'dsv' for command environment
[5.517s] INFO:colcon.colcon_ros.task.ament_python.build:Building ROS package in '/home/roo/roo_ws/src/roo_vision' with build type 'ament_python'
[5.517s] Level 1:colcon.colcon_core.shell:create_environment_hook('roo_vision', 'ament_prefix_path')
[5.518s] INFO:colcon.colcon_core.shell:Creating environment descriptor '/home/roo/roo_ws/install/roo_vision/share/roo_vision/hook/ament_prefix_path.dsv'
[5.518s] INFO:colcon.colcon_core.shell:Creating environment hook '/home/roo/roo_ws/install/roo_vision/share/roo_vision/hook/ament_prefix_path.sh'
[5.521s] DEBUG:colcon.colcon_core.shell:Skip shell extension 'dsv' for command environment
[5.527s] INFO:colcon.colcon_ros.task.ament_python.build:Building ROS package in '/home/roo/roo_ws/src/roo_web_bridge' with build type 'ament_python'
[5.527s] Level 1:colcon.colcon_core.shell:create_environment_hook('roo_web_bridge', 'ament_prefix_path')
[5.527s] INFO:colcon.colcon_core.shell:Creating environment descriptor '/home/roo/roo_ws/install/roo_web_bridge/share/roo_web_bridge/hook/ament_prefix_path.dsv'
[5.528s] INFO:colcon.colcon_core.shell:Creating environment hook '/home/roo/roo_ws/install/roo_web_bridge/share/roo_web_bridge/hook/ament_prefix_path.sh'
[5.529s] DEBUG:colcon.colcon_core.shell:Skip shell extension 'dsv' for command environment
[5.912s] INFO:colcon.colcon_core.task.python.build:Building Python package in '/home/roo/roo_ws/src/roo_teleop_ps5'
[5.912s] DEBUG:colcon.colcon_core.shell:Skip shell extension 'dsv' for command environment
[6.263s] INFO:colcon.colcon_core.task.python.build:Building Python package in '/home/roo/roo_ws/src/roo_vision'
[6.264s] DEBUG:colcon.colcon_core.shell:Skip shell extension 'dsv' for command environment
[6.623s] INFO:colcon.colcon_core.task.python.build:Building Python package in '/home/roo/roo_ws/src/roo_web_bridge'
[6.624s] DEBUG:colcon.colcon_core.shell:Skip shell extension 'dsv' for command environment
[6.640s] DEBUG:colcon.colcon_core.event_handler.log_command:Invoking command in '/home/roo/roo_ws/build/roo_serial': DEBUGINFOD_URLS=https://debuginfod.ubuntu.com PYTHONPATH=/home/roo/roo_ws/build/roo_serial/prefix_override:/usr/lib/python3/dist-packages/colcon_core/task/python/colcon_distutils_commands:/home/roo/roo_ws/install/roo_serial/lib/python3.12/site-packages:${PYTHONPATH} /usr/bin/python3 -W ignore:setup.py install is deprecated -W ignore:easy_install command is deprecated setup.py develop --uninstall --editable --build-directory /home/roo/roo_ws/build/roo_serial/build
[7.767s] DEBUG:colcon.colcon_core.event_handler.log_command:Invoking command in '/home/roo/roo_ws/build/roo_teleop_ps5': DEBUGINFOD_URLS=https://debuginfod.ubuntu.com PYTHONPATH=/home/roo/roo_ws/build/roo_teleop_ps5/prefix_override:/usr/lib/python3/dist-packages/colcon_core/task/python/colcon_distutils_commands:/home/roo/roo_ws/install/roo_teleop_ps5/lib/python3.12/site-packages:${PYTHONPATH} /usr/bin/python3 -W ignore:setup.py install is deprecated -W ignore:easy_install command is deprecated setup.py develop --uninstall --editable --build-directory /home/roo/roo_ws/build/roo_teleop_ps5/build
[7.810s] DEBUG:colcon.colcon_core.event_handler.log_command:Invoking command in '/home/roo/roo_ws/build/roo_vision': DEBUGINFOD_URLS=https://debuginfod.ubuntu.com PYTHONPATH=/home/roo/roo_ws/build/roo_vision/prefix_override:/usr/lib/python3/dist-packages/colcon_core/task/python/colcon_distutils_commands:/home/roo/roo_ws/install/roo_vision/lib/python3.12/site-packages:${PYTHONPATH} /usr/bin/python3 -W ignore:setup.py install is deprecated -W ignore:easy_install command is deprecated setup.py develop --uninstall --editable --build-directory /home/roo/roo_ws/build/roo_vision/build
[7.839s] DEBUG:colcon.colcon_core.event_handler.log_command:Invoked command in '/home/roo/roo_ws/build/roo_serial' returned '0': DEBUGINFOD_URLS=https://debuginfod.ubuntu.com PYTHONPATH=/home/roo/roo_ws/build/roo_serial/prefix_override:/usr/lib/python3/dist-packages/colcon_core/task/python/colcon_distutils_commands:/home/roo/roo_ws/install/roo_serial/lib/python3.12/site-packages:${PYTHONPATH} /usr/bin/python3 -W ignore:setup.py install is deprecated -W ignore:easy_install command is deprecated setup.py develop --uninstall --editable --build-directory /home/roo/roo_ws/build/roo_serial/build
[7.841s] DEBUG:colcon.colcon_core.event_handler.log_command:Invoking command in '/home/roo/roo_ws/src/roo_serial': DEBUGINFOD_URLS=https://debuginfod.ubuntu.com PYTHONPATH=/home/roo/roo_ws/build/roo_serial/prefix_override:/usr/lib/python3/dist-packages/colcon_core/task/python/colcon_distutils_commands:/home/roo/roo_ws/install/roo_serial/lib/python3.12/site-packages:${PYTHONPATH} /usr/bin/python3 -W ignore:setup.py install is deprecated -W ignore:easy_install command is deprecated setup.py egg_info --egg-base ../../build/roo_serial build --build-base /home/roo/roo_ws/build/roo_serial/build install --record /home/roo/roo_ws/build/roo_serial/install.log --single-version-externally-managed install_data --force
[8.028s] DEBUG:colcon.colcon_core.event_handler.log_command:Invoking command in '/home/roo/roo_ws/build/roo_web_bridge': DEBUGINFOD_URLS=https://debuginfod.ubuntu.com PYTHONPATH=/home/roo/roo_ws/build/roo_web_bridge/prefix_override:/usr/lib/python3/dist-packages/colcon_core/task/python/colcon_distutils_commands:/home/roo/roo_ws/install/roo_web_bridge/lib/python3.12/site-packages:${PYTHONPATH} /usr/bin/python3 -W ignore:setup.py install is deprecated -W ignore:easy_install command is deprecated setup.py develop --uninstall --editable --build-directory /home/roo/roo_ws/build/roo_web_bridge/build
[8.997s] DEBUG:colcon.colcon_core.event_handler.log_command:Invoked command in '/home/roo/roo_ws/build/roo_teleop_ps5' returned '0': DEBUGINFOD_URLS=https://debuginfod.ubuntu.com PYTHONPATH=/home/roo/roo_ws/build/roo_teleop_ps5/prefix_override:/usr/lib/python3/dist-packages/colcon_core/task/python/colcon_distutils_commands:/home/roo/roo_ws/install/roo_teleop_ps5/lib/python3.12/site-packages:${PYTHONPATH} /usr/bin/python3 -W ignore:setup.py install is deprecated -W ignore:easy_install command is deprecated setup.py develop --uninstall --editable --build-directory /home/roo/roo_ws/build/roo_teleop_ps5/build
[8.997s] DEBUG:colcon.colcon_core.event_handler.log_command:Invoking command in '/home/roo/roo_ws/src/roo_teleop_ps5': DEBUGINFOD_URLS=https://debuginfod.ubuntu.com PYTHONPATH=/home/roo/roo_ws/build/roo_teleop_ps5/prefix_override:/usr/lib/python3/dist-packages/colcon_core/task/python/colcon_distutils_commands:/home/roo/roo_ws/install/roo_teleop_ps5/lib/python3.12/site-packages:${PYTHONPATH} /usr/bin/python3 -W ignore:setup.py install is deprecated -W ignore:easy_install command is deprecated setup.py egg_info --egg-base ../../build/roo_teleop_ps5 build --build-base /home/roo/roo_ws/build/roo_teleop_ps5/build install --record /home/roo/roo_ws/build/roo_teleop_ps5/install.log --single-version-externally-managed install_data --force
[9.022s] Level 1:colcon.colcon_core.environment:checking '/home/roo/roo_ws/install/roo_serial' for CMake module files
[9.024s] Level 1:colcon.colcon_core.environment:checking '/home/roo/roo_ws/install/roo_serial' for CMake config files
[9.025s] DEBUG:colcon.colcon_core.event_handler.log_command:Invoked command in '/home/roo/roo_ws/src/roo_serial' returned '0': DEBUGINFOD_URLS=https://debuginfod.ubuntu.com PYTHONPATH=/home/roo/roo_ws/build/roo_serial/prefix_override:/usr/lib/python3/dist-packages/colcon_core/task/python/colcon_distutils_commands:/home/roo/roo_ws/install/roo_serial/lib/python3.12/site-packages:${PYTHONPATH} /usr/bin/python3 -W ignore:setup.py install is deprecated -W ignore:easy_install command is deprecated setup.py egg_info --egg-base ../../build/roo_serial build --build-base /home/roo/roo_ws/build/roo_serial/build install --record /home/roo/roo_ws/build/roo_serial/install.log --single-version-externally-managed install_data --force
[9.026s] Level 1:colcon.colcon_core.environment:checking '/home/roo/roo_ws/install/roo_serial/lib'
[9.026s] Level 1:colcon.colcon_core.environment:checking '/home/roo/roo_ws/install/roo_serial/bin'
[9.026s] Level 1:colcon.colcon_core.environment:checking '/home/roo/roo_ws/install/roo_serial/lib/pkgconfig/roo_serial.pc'
[9.027s] Level 1:colcon.colcon_core.environment:checking '/home/roo/roo_ws/install/roo_serial/lib/python3.12/site-packages'
[9.027s] Level 1:colcon.colcon_core.shell:create_environment_hook('roo_serial', 'pythonpath')
[9.028s] INFO:colcon.colcon_core.shell:Creating environment descriptor '/home/roo/roo_ws/install/roo_serial/share/roo_serial/hook/pythonpath.dsv'
[9.029s] INFO:colcon.colcon_core.shell:Creating environment hook '/home/roo/roo_ws/install/roo_serial/share/roo_serial/hook/pythonpath.sh'
[9.032s] Level 1:colcon.colcon_core.environment:checking '/home/roo/roo_ws/install/roo_serial/bin'
[9.032s] Level 1:colcon.colcon_core.environment:create_environment_scripts_only(roo_serial)
[9.033s] INFO:colcon.colcon_core.shell:Creating package descriptor '/home/roo/roo_ws/install/roo_serial/share/roo_serial/package.dsv'
[9.035s] INFO:colcon.colcon_core.shell:Creating package script '/home/roo/roo_ws/install/roo_serial/share/roo_serial/package.sh'
[9.037s] INFO:colcon.colcon_core.shell:Creating package script '/home/roo/roo_ws/install/roo_serial/share/roo_serial/package.bash'
[9.038s] INFO:colcon.colcon_core.shell:Creating package script '/home/roo/roo_ws/install/roo_serial/share/roo_serial/package.zsh'
[9.039s] Level 1:colcon.colcon_core.environment:create_file_with_runtime_dependencies(/home/roo/roo_ws/install/roo_serial/share/colcon-core/packages/roo_serial)
[9.099s] DEBUG:colcon.colcon_core.event_handler.log_command:Invoked command in '/home/roo/roo_ws/build/roo_web_bridge' returned '0': DEBUGINFOD_URLS=https://debuginfod.ubuntu.com PYTHONPATH=/home/roo/roo_ws/build/roo_web_bridge/prefix_override:/usr/lib/python3/dist-packages/colcon_core/task/python/colcon_distutils_commands:/home/roo/roo_ws/install/roo_web_bridge/lib/python3.12/site-packages:${PYTHONPATH} /usr/bin/python3 -W ignore:setup.py install is deprecated -W ignore:easy_install command is deprecated setup.py develop --uninstall --editable --build-directory /home/roo/roo_ws/build/roo_web_bridge/build
[9.102s] DEBUG:colcon.colcon_core.event_handler.log_command:Invoking command in '/home/roo/roo_ws/src/roo_web_bridge': DEBUGINFOD_URLS=https://debuginfod.ubuntu.com PYTHONPATH=/home/roo/roo_ws/build/roo_web_bridge/prefix_override:/usr/lib/python3/dist-packages/colcon_core/task/python/colcon_distutils_commands:/home/roo/roo_ws/install/roo_web_bridge/lib/python3.12/site-packages:${PYTHONPATH} /usr/bin/python3 -W ignore:setup.py install is deprecated -W ignore:easy_install command is deprecated setup.py egg_info --egg-base ../../build/roo_web_bridge build --build-base /home/roo/roo_ws/build/roo_web_bridge/build install --record /home/roo/roo_ws/build/roo_web_bridge/install.log --single-version-externally-managed install_data --force
[9.109s] DEBUG:colcon.colcon_core.event_handler.log_command:Invoked command in '/home/roo/roo_ws/build/roo_vision' returned '0': DEBUGINFOD_URLS=https://debuginfod.ubuntu.com PYTHONPATH=/home/roo/roo_ws/build/roo_vision/prefix_override:/usr/lib/python3/dist-packages/colcon_core/task/python/colcon_distutils_commands:/home/roo/roo_ws/install/roo_vision/lib/python3.12/site-packages:${PYTHONPATH} /usr/bin/python3 -W ignore:setup.py install is deprecated -W ignore:easy_install command is deprecated setup.py develop --uninstall --editable --build-directory /home/roo/roo_ws/build/roo_vision/build
[9.110s] DEBUG:colcon.colcon_core.event_handler.log_command:Invoking command in '/home/roo/roo_ws/src/roo_vision': DEBUGINFOD_URLS=https://debuginfod.ubuntu.com PYTHONPATH=/home/roo/roo_ws/build/roo_vision/prefix_override:/usr/lib/python3/dist-packages/colcon_core/task/python/colcon_distutils_commands:/home/roo/roo_ws/install/roo_vision/lib/python3.12/site-packages:${PYTHONPATH} /usr/bin/python3 -W ignore:setup.py install is deprecated -W ignore:easy_install command is deprecated setup.py egg_info --egg-base ../../build/roo_vision build --build-base /home/roo/roo_ws/build/roo_vision/build install --record /home/roo/roo_ws/build/roo_vision/install.log --single-version-externally-managed install_data --force
[9.891s] Level 1:colcon.colcon_core.environment:checking '/home/roo/roo_ws/install/roo_teleop_ps5' for CMake module files
[9.892s] Level 1:colcon.colcon_core.environment:checking '/home/roo/roo_ws/install/roo_teleop_ps5' for CMake config files
[9.893s] DEBUG:colcon.colcon_core.event_handler.log_command:Invoked command in '/home/roo/roo_ws/src/roo_teleop_ps5' returned '0': DEBUGINFOD_URLS=https://debuginfod.ubuntu.com PYTHONPATH=/home/roo/roo_ws/build/roo_teleop_ps5/prefix_override:/usr/lib/python3/dist-packages/colcon_core/task/python/colcon_distutils_commands:/home/roo/roo_ws/install/roo_teleop_ps5/lib/python3.12/site-packages:${PYTHONPATH} /usr/bin/python3 -W ignore:setup.py install is deprecated -W ignore:easy_install command is deprecated setup.py egg_info --egg-base ../../build/roo_teleop_ps5 build --build-base /home/roo/roo_ws/build/roo_teleop_ps5/build install --record /home/roo/roo_ws/build/roo_teleop_ps5/install.log --single-version-externally-managed install_data --force
[9.894s] Level 1:colcon.colcon_core.environment:checking '/home/roo/roo_ws/install/roo_teleop_ps5/lib'
[9.895s] Level 1:colcon.colcon_core.environment:checking '/home/roo/roo_ws/install/roo_teleop_ps5/bin'
[9.895s] Level 1:colcon.colcon_core.environment:checking '/home/roo/roo_ws/install/roo_teleop_ps5/lib/pkgconfig/roo_teleop_ps5.pc'
[9.895s] Level 1:colcon.colcon_core.environment:checking '/home/roo/roo_ws/install/roo_teleop_ps5/lib/python3.12/site-packages'
[9.896s] Level 1:colcon.colcon_core.shell:create_environment_hook('roo_teleop_ps5', 'pythonpath')
[9.896s] INFO:colcon.colcon_core.shell:Creating environment descriptor '/home/roo/roo_ws/install/roo_teleop_ps5/share/roo_teleop_ps5/hook/pythonpath.dsv'
[9.897s] INFO:colcon.colcon_core.shell:Creating environment hook '/home/roo/roo_ws/install/roo_teleop_ps5/share/roo_teleop_ps5/hook/pythonpath.sh'
[9.899s] Level 1:colcon.colcon_core.environment:checking '/home/roo/roo_ws/install/roo_teleop_ps5/bin'
[9.899s] Level 1:colcon.colcon_core.environment:create_environment_scripts_only(roo_teleop_ps5)
[9.900s] INFO:colcon.colcon_core.shell:Creating package descriptor '/home/roo/roo_ws/install/roo_teleop_ps5/share/roo_teleop_ps5/package.dsv'
[9.901s] INFO:colcon.colcon_core.shell:Creating package script '/home/roo/roo_ws/install/roo_teleop_ps5/share/roo_teleop_ps5/package.sh'
[9.902s] INFO:colcon.colcon_core.shell:Creating package script '/home/roo/roo_ws/install/roo_teleop_ps5/share/roo_teleop_ps5/package.bash'
[9.903s] INFO:colcon.colcon_core.shell:Creating package script '/home/roo/roo_ws/install/roo_teleop_ps5/share/roo_teleop_ps5/package.zsh'
[9.904s] Level 1:colcon.colcon_core.environment:create_file_with_runtime_dependencies(/home/roo/roo_ws/install/roo_teleop_ps5/share/colcon-core/packages/roo_teleop_ps5)
[9.965s] Level 1:colcon.colcon_core.environment:checking '/home/roo/roo_ws/install/roo_vision' for CMake module files
[9.966s] DEBUG:colcon.colcon_core.event_handler.log_command:Invoked command in '/home/roo/roo_ws/src/roo_vision' returned '0': DEBUGINFOD_URLS=https://debuginfod.ubuntu.com PYTHONPATH=/home/roo/roo_ws/build/roo_vision/prefix_override:/usr/lib/python3/dist-packages/colcon_core/task/python/colcon_distutils_commands:/home/roo/roo_ws/install/roo_vision/lib/python3.12/site-packages:${PYTHONPATH} /usr/bin/python3 -W ignore:setup.py install is deprecated -W ignore:easy_install command is deprecated setup.py egg_info --egg-base ../../build/roo_vision build --build-base /home/roo/roo_ws/build/roo_vision/build install --record /home/roo/roo_ws/build/roo_vision/install.log --single-version-externally-managed install_data --force
[9.967s] Level 1:colcon.colcon_core.environment:checking '/home/roo/roo_ws/install/roo_vision' for CMake config files
[9.967s] Level 1:colcon.colcon_core.environment:checking '/home/roo/roo_ws/install/roo_vision/lib'
[9.967s] Level 1:colcon.colcon_core.environment:checking '/home/roo/roo_ws/install/roo_vision/bin'
[9.968s] Level 1:colcon.colcon_core.environment:checking '/home/roo/roo_ws/install/roo_vision/lib/pkgconfig/roo_vision.pc'
[9.968s] Level 1:colcon.colcon_core.environment:checking '/home/roo/roo_ws/install/roo_vision/lib/python3.12/site-packages'
[9.968s] Level 1:colcon.colcon_core.shell:create_environment_hook('roo_vision', 'pythonpath')
[9.968s] INFO:colcon.colcon_core.shell:Creating environment descriptor '/home/roo/roo_ws/install/roo_vision/share/roo_vision/hook/pythonpath.dsv'
[9.969s] INFO:colcon.colcon_core.shell:Creating environment hook '/home/roo/roo_ws/install/roo_vision/share/roo_vision/hook/pythonpath.sh'
[9.971s] Level 1:colcon.colcon_core.environment:checking '/home/roo/roo_ws/install/roo_vision/bin'
[9.971s] Level 1:colcon.colcon_core.environment:create_environment_scripts_only(roo_vision)
[9.971s] INFO:colcon.colcon_core.shell:Creating package descriptor '/home/roo/roo_ws/install/roo_vision/share/roo_vision/package.dsv'
[9.972s] INFO:colcon.colcon_core.shell:Creating package script '/home/roo/roo_ws/install/roo_vision/share/roo_vision/package.sh'
[9.973s] INFO:colcon.colcon_core.shell:Creating package script '/home/roo/roo_ws/install/roo_vision/share/roo_vision/package.bash'
[9.973s] INFO:colcon.colcon_core.shell:Creating package script '/home/roo/roo_ws/install/roo_vision/share/roo_vision/package.zsh'
[9.974s] Level 1:colcon.colcon_core.environment:create_file_with_runtime_dependencies(/home/roo/roo_ws/install/roo_vision/share/colcon-core/packages/roo_vision)
[9.979s] Level 1:colcon.colcon_core.environment:checking '/home/roo/roo_ws/install/roo_web_bridge' for CMake module files
[9.980s] DEBUG:colcon.colcon_core.event_handler.log_command:Invoked command in '/home/roo/roo_ws/src/roo_web_bridge' returned '0': DEBUGINFOD_URLS=https://debuginfod.ubuntu.com PYTHONPATH=/home/roo/roo_ws/build/roo_web_bridge/prefix_override:/usr/lib/python3/dist-packages/colcon_core/task/python/colcon_distutils_commands:/home/roo/roo_ws/install/roo_web_bridge/lib/python3.12/site-packages:${PYTHONPATH} /usr/bin/python3 -W ignore:setup.py install is deprecated -W ignore:easy_install command is deprecated setup.py egg_info --egg-base ../../build/roo_web_bridge build --build-base /home/roo/roo_ws/build/roo_web_bridge/build install --record /home/roo/roo_ws/build/roo_web_bridge/install.log --single-version-externally-managed install_data --force
[9.980s] Level 1:colcon.colcon_core.environment:checking '/home/roo/roo_ws/install/roo_web_bridge' for CMake config files
[9.981s] Level 1:colcon.colcon_core.environment:checking '/home/roo/roo_ws/install/roo_web_bridge/lib'
[9.981s] Level 1:colcon.colcon_core.environment:checking '/home/roo/roo_ws/install/roo_web_bridge/bin'
[9.981s] Level 1:colcon.colcon_core.environment:checking '/home/roo/roo_ws/install/roo_web_bridge/lib/pkgconfig/roo_web_bridge.pc'
[9.982s] Level 1:colcon.colcon_core.environment:checking '/home/roo/roo_ws/install/roo_web_bridge/lib/python3.12/site-packages'
[9.982s] Level 1:colcon.colcon_core.shell:create_environment_hook('roo_web_bridge', 'pythonpath')
[9.982s] INFO:colcon.colcon_core.shell:Creating environment descriptor '/home/roo/roo_ws/install/roo_web_bridge/share/roo_web_bridge/hook/pythonpath.dsv'
[9.983s] INFO:colcon.colcon_core.shell:Creating environment hook '/home/roo/roo_ws/install/roo_web_bridge/share/roo_web_bridge/hook/pythonpath.sh'
[9.984s] Level 1:colcon.colcon_core.environment:checking '/home/roo/roo_ws/install/roo_web_bridge/bin'
[9.984s] Level 1:colcon.colcon_core.environment:create_environment_scripts_only(roo_web_bridge)
[9.984s] INFO:colcon.colcon_core.shell:Creating package descriptor '/home/roo/roo_ws/install/roo_web_bridge/share/roo_web_bridge/package.dsv'
[9.985s] INFO:colcon.colcon_core.shell:Creating package script '/home/roo/roo_ws/install/roo_web_bridge/share/roo_web_bridge/package.sh'
[9.985s] INFO:colcon.colcon_core.shell:Creating package script '/home/roo/roo_ws/install/roo_web_bridge/share/roo_web_bridge/package.bash'
[9.986s] INFO:colcon.colcon_core.shell:Creating package script '/home/roo/roo_ws/install/roo_web_bridge/share/roo_web_bridge/package.zsh'
[9.986s] Level 1:colcon.colcon_core.environment:create_file_with_runtime_dependencies(/home/roo/roo_ws/install/roo_web_bridge/share/colcon-core/packages/roo_web_bridge)
[9.987s] DEBUG:colcon.colcon_parallel_executor.executor.parallel:closing loop
[9.988s] DEBUG:colcon.colcon_parallel_executor.executor.parallel:loop closed
[9.988s] DEBUG:colcon.colcon_parallel_executor.executor.parallel:run_until_complete finished with '0'
[9.988s] DEBUG:colcon.colcon_core.event_reactor:joining thread
[9.996s] INFO:colcon.colcon_core.plugin_system:Skipping extension 'colcon_notification.desktop_notification.terminal_notifier': Not used on non-Darwin systems
[9.997s] INFO:colcon.colcon_core.plugin_system:Skipping extension 'colcon_notification.desktop_notification.win32': Not used on non-Windows systems
[9.997s] INFO:colcon.colcon_notification.desktop_notification:Sending desktop notification using 'notify2'
[9.998s] DEBUG:colcon.colcon_notification.desktop_notification.notify2:Failed to initialize notify2: org.freedesktop.DBus.Error.ServiceUnknown: The name org.freedesktop.Notifications was not provided by any .service files
[9.998s] DEBUG:colcon.colcon_core.event_reactor:joined thread
[9.999s] INFO:colcon.colcon_core.shell:Creating prefix script '/home/roo/roo_ws/install/local_setup.sh'
[10.000s] INFO:colcon.colcon_core.shell:Creating prefix util module '/home/roo/roo_ws/install/_local_setup_util_sh.py'
[10.001s] INFO:colcon.colcon_core.shell:Creating prefix chain script '/home/roo/roo_ws/install/setup.sh'
[10.003s] INFO:colcon.colcon_core.shell:Creating prefix script '/home/roo/roo_ws/install/local_setup.bash'
[10.003s] INFO:colcon.colcon_core.shell:Creating prefix chain script '/home/roo/roo_ws/install/setup.bash'
[10.005s] INFO:colcon.colcon_core.shell:Creating prefix script '/home/roo/roo_ws/install/local_setup.zsh'
[10.005s] INFO:colcon.colcon_core.shell:Creating prefix chain script '/home/roo/roo_ws/install/setup.zsh'
