[3.011s] Invoking command in '/home/roo/roo_ws/build/roo_serial': DEBUGINFOD_URLS=https://debuginfod.ubuntu.com PYTHONPATH=/home/roo/roo_ws/build/roo_serial/prefix_override:/usr/lib/python3/dist-packages/colcon_core/task/python/colcon_distutils_commands:/home/roo/roo_ws/install/roo_serial/lib/python3.12/site-packages:${PYTHONPATH} /usr/bin/python3 -W ignore:setup.py install is deprecated -W ignore:easy_install command is deprecated setup.py develop --editable --build-directory /home/roo/roo_ws/build/roo_serial/build --no-deps symlink_data --force
[4.683s] running develop
[5.516s] running egg_info
[5.636s] writing roo_serial.egg-info/PKG-INFO
[5.638s] writing dependency_links to roo_serial.egg-info/dependency_links.txt
[5.640s] writing entry points to roo_serial.egg-info/entry_points.txt
[5.641s] writing requirements to roo_serial.egg-info/requires.txt
[5.646s] writing top-level names to roo_serial.egg-info/top_level.txt
[5.922s] reading manifest file 'roo_serial.egg-info/SOURCES.txt'
[5.935s] writing manifest file 'roo_serial.egg-info/SOURCES.txt'
[6.053s] running build_ext
[6.053s] Creating /home/roo/roo_ws/install/roo_serial/lib/python3.12/site-packages/roo-serial.egg-link (link to .)
[6.058s] Installing serial_rx script to /home/roo/roo_ws/install/roo_serial/lib/roo_serial
[6.060s] Installing serial_tx script to /home/roo/roo_ws/install/roo_serial/lib/roo_serial
[6.061s] 
[6.061s] Installed /home/roo/roo_ws/build/roo_serial
[6.062s] running symlink_data
[6.063s] symbolically linking /home/roo/roo_ws/build/roo_serial/resource/roo_serial -> /home/roo/roo_ws/install/roo_serial/share/ament_index/resource_index/packages
[6.063s] symbolically linking /home/roo/roo_ws/build/roo_serial/package.xml -> /home/roo/roo_ws/install/roo_serial/share/roo_serial
[6.302s] Invoked command in '/home/roo/roo_ws/build/roo_serial' returned '0': DEBUGINFOD_URLS=https://debuginfod.ubuntu.com PYTHONPATH=/home/roo/roo_ws/build/roo_serial/prefix_override:/usr/lib/python3/dist-packages/colcon_core/task/python/colcon_distutils_commands:/home/roo/roo_ws/install/roo_serial/lib/python3.12/site-packages:${PYTHONPATH} /usr/bin/python3 -W ignore:setup.py install is deprecated -W ignore:easy_install command is deprecated setup.py develop --editable --build-directory /home/roo/roo_ws/build/roo_serial/build --no-deps symlink_data --force
