running egg_info
writing ../../build/roo_protocol/roo_protocol.egg-info/PKG-INFO
writing dependency_links to ../../build/roo_protocol/roo_protocol.egg-info/dependency_links.txt
writing entry points to ../../build/roo_protocol/roo_protocol.egg-info/entry_points.txt
writing requirements to ../../build/roo_protocol/roo_protocol.egg-info/requires.txt
writing top-level names to ../../build/roo_protocol/roo_protocol.egg-info/top_level.txt
reading manifest file '../../build/roo_protocol/roo_protocol.egg-info/SOURCES.txt'
writing manifest file '../../build/roo_protocol/roo_protocol.egg-info/SOURCES.txt'
running build
running build_py
running install
running install_lib
running install_data
running install_egg_info
removing '/home/roo/roo_ws/install/roo_protocol/lib/python3.12/site-packages/roo_protocol-0.0.0-py3.12.egg-info' (and everything under it)
Copying ../../build/roo_protocol/roo_protocol.egg-info to /home/roo/roo_ws/install/roo_protocol/lib/python3.12/site-packages/roo_protocol-0.0.0-py3.12.egg-info
running install_scripts
Installing rx_decode script to /home/roo/roo_ws/install/roo_protocol/lib/roo_protocol
Installing tx_encode script to /home/roo/roo_ws/install/roo_protocol/lib/roo_protocol
writing list of installed files to '/home/roo/roo_ws/build/roo_protocol/install.log'
