[2.204s] Invoking command in '/home/roo/roo_ws/src/roo_teleop_ps5': DEBUGINFOD_URLS=https://debuginfod.ubuntu.com PYTHONPATH=/home/roo/roo_ws/build/roo_teleop_ps5/prefix_override:/usr/lib/python3/dist-packages/colcon_core/task/python/colcon_distutils_commands:/home/roo/roo_ws/install/roo_teleop_ps5/lib/python3.12/site-packages:${PYTHONPATH} /usr/bin/python3 -W ignore:setup.py install is deprecated -W ignore:easy_install command is deprecated setup.py egg_info --egg-base ../../build/roo_teleop_ps5 build --build-base /home/roo/roo_ws/build/roo_teleop_ps5/build install --record /home/roo/roo_ws/build/roo_teleop_ps5/install.log --single-version-externally-managed install_data
[2.589s] running egg_info
[2.613s] writing ../../build/roo_teleop_ps5/roo_teleop_ps5.egg-info/PKG-INFO
[2.613s] writing dependency_links to ../../build/roo_teleop_ps5/roo_teleop_ps5.egg-info/dependency_links.txt
[2.614s] writing entry points to ../../build/roo_teleop_ps5/roo_teleop_ps5.egg-info/entry_points.txt
[2.615s] writing requirements to ../../build/roo_teleop_ps5/roo_teleop_ps5.egg-info/requires.txt
[2.615s] writing top-level names to ../../build/roo_teleop_ps5/roo_teleop_ps5.egg-info/top_level.txt
[2.666s] reading manifest file '../../build/roo_teleop_ps5/roo_teleop_ps5.egg-info/SOURCES.txt'
[2.667s] writing manifest file '../../build/roo_teleop_ps5/roo_teleop_ps5.egg-info/SOURCES.txt'
[2.667s] running build
[2.667s] running build_py
[2.667s] running install
[2.677s] running install_lib
[2.702s] running install_data
[2.703s] running install_egg_info
[2.730s] removing '/home/roo/roo_ws/install/roo_teleop_ps5/lib/python3.12/site-packages/roo_teleop_ps5-0.0.0-py3.12.egg-info' (and everything under it)
[2.730s] Copying ../../build/roo_teleop_ps5/roo_teleop_ps5.egg-info to /home/roo/roo_ws/install/roo_teleop_ps5/lib/python3.12/site-packages/roo_teleop_ps5-0.0.0-py3.12.egg-info
[2.731s] running install_scripts
[2.928s] Installing teleop script to /home/roo/roo_ws/install/roo_teleop_ps5/lib/roo_teleop_ps5
[2.929s] writing list of installed files to '/home/roo/roo_ws/build/roo_teleop_ps5/install.log'
[3.055s] Invoked command in '/home/roo/roo_ws/src/roo_teleop_ps5' returned '0': DEBUGINFOD_URLS=https://debuginfod.ubuntu.com PYTHONPATH=/home/roo/roo_ws/build/roo_teleop_ps5/prefix_override:/usr/lib/python3/dist-packages/colcon_core/task/python/colcon_distutils_commands:/home/roo/roo_ws/install/roo_teleop_ps5/lib/python3.12/site-packages:${PYTHONPATH} /usr/bin/python3 -W ignore:setup.py install is deprecated -W ignore:easy_install command is deprecated setup.py egg_info --egg-base ../../build/roo_teleop_ps5 build --build-base /home/roo/roo_ws/build/roo_teleop_ps5/build install --record /home/roo/roo_ws/build/roo_teleop_ps5/install.log --single-version-externally-managed install_data
