[2.400s] Invoking command in '/home/roo/roo_ws/src/roo_libcamera': DEBUGINFOD_URLS=https://debuginfod.ubuntu.com PYTHONPATH=/home/roo/roo_ws/build/roo_libcamera/prefix_override:/usr/lib/python3/dist-packages/colcon_core/task/python/colcon_distutils_commands:/home/roo/roo_ws/install/roo_libcamera/lib/python3.12/site-packages:${PYTHONPATH} /usr/bin/python3 -W ignore:setup.py install is deprecated -W ignore:easy_install command is deprecated setup.py egg_info --egg-base ../../build/roo_libcamera build --build-base /home/roo/roo_ws/build/roo_libcamera/build install --record /home/roo/roo_ws/build/roo_libcamera/install.log --single-version-externally-managed install_data
[2.837s] running egg_info
[2.863s] writing ../../build/roo_libcamera/roo_libcamera.egg-info/PKG-INFO
[2.863s] writing dependency_links to ../../build/roo_libcamera/roo_libcamera.egg-info/dependency_links.txt
[2.864s] writing entry points to ../../build/roo_libcamera/roo_libcamera.egg-info/entry_points.txt
[2.866s] writing requirements to ../../build/roo_libcamera/roo_libcamera.egg-info/requires.txt
[2.866s] writing top-level names to ../../build/roo_libcamera/roo_libcamera.egg-info/top_level.txt
[2.926s] reading manifest file '../../build/roo_libcamera/roo_libcamera.egg-info/SOURCES.txt'
[2.926s] writing manifest file '../../build/roo_libcamera/roo_libcamera.egg-info/SOURCES.txt'
[2.926s] running build
[2.926s] running build_py
[2.927s] copying roo_libcamera/libcamera_node.py -> /home/roo/roo_ws/build/roo_libcamera/build/lib/roo_libcamera
[2.927s] running install
[2.937s] running install_lib
[2.965s] copying /home/roo/roo_ws/build/roo_libcamera/build/lib/roo_libcamera/libcamera_node.py -> /home/roo/roo_ws/install/roo_libcamera/lib/python3.12/site-packages/roo_libcamera
[2.968s] byte-compiling /home/roo/roo_ws/install/roo_libcamera/lib/python3.12/site-packages/roo_libcamera/libcamera_node.py to libcamera_node.cpython-312.pyc
[2.969s] running install_data
[2.970s] running install_egg_info
[3.002s] removing '/home/roo/roo_ws/install/roo_libcamera/lib/python3.12/site-packages/roo_libcamera-0.0.0-py3.12.egg-info' (and everything under it)
[3.003s] Copying ../../build/roo_libcamera/roo_libcamera.egg-info to /home/roo/roo_ws/install/roo_libcamera/lib/python3.12/site-packages/roo_libcamera-0.0.0-py3.12.egg-info
[3.004s] running install_scripts
[3.280s] Installing compressed_republisher script to /home/roo/roo_ws/install/roo_libcamera/lib/roo_libcamera
[3.283s] Installing libcamera_node script to /home/roo/roo_ws/install/roo_libcamera/lib/roo_libcamera
[3.284s] writing list of installed files to '/home/roo/roo_ws/build/roo_libcamera/install.log'
[3.995s] Invoked command in '/home/roo/roo_ws/src/roo_libcamera' returned '0': DEBUGINFOD_URLS=https://debuginfod.ubuntu.com PYTHONPATH=/home/roo/roo_ws/build/roo_libcamera/prefix_override:/usr/lib/python3/dist-packages/colcon_core/task/python/colcon_distutils_commands:/home/roo/roo_ws/install/roo_libcamera/lib/python3.12/site-packages:${PYTHONPATH} /usr/bin/python3 -W ignore:setup.py install is deprecated -W ignore:easy_install command is deprecated setup.py egg_info --egg-base ../../build/roo_libcamera build --build-base /home/roo/roo_ws/build/roo_libcamera/build install --record /home/roo/roo_ws/build/roo_libcamera/install.log --single-version-externally-managed install_data
