running develop
Removing /home/roo/roo_ws/install/roo_web_bridge/lib/python3.12/site-packages/roo-web-bridge.egg-link (link to .)
running egg_info
writing ../../build/roo_web_bridge/roo_web_bridge.egg-info/PKG-INFO
writing dependency_links to ../../build/roo_web_bridge/roo_web_bridge.egg-info/dependency_links.txt
writing entry points to ../../build/roo_web_bridge/roo_web_bridge.egg-info/entry_points.txt
writing requirements to ../../build/roo_web_bridge/roo_web_bridge.egg-info/requires.txt
writing top-level names to ../../build/roo_web_bridge/roo_web_bridge.egg-info/top_level.txt
reading manifest file '../../build/roo_web_bridge/roo_web_bridge.egg-info/SOURCES.txt'
writing manifest file '../../build/roo_web_bridge/roo_web_bridge.egg-info/SOURCES.txt'
running build
running build_py
creating /home/roo/roo_ws/build/roo_web_bridge/build
creating /home/roo/roo_ws/build/roo_web_bridge/build/lib
creating /home/roo/roo_ws/build/roo_web_bridge/build/lib/roo_web_bridge
copying roo_web_bridge/__init__.py -> /home/roo/roo_ws/build/roo_web_bridge/build/lib/roo_web_bridge
copying roo_web_bridge/web_bridge_node.py -> /home/roo/roo_ws/build/roo_web_bridge/build/lib/roo_web_bridge
running install
running install_lib
creating /home/roo/roo_ws/install/roo_web_bridge/lib/python3.12/site-packages/roo_web_bridge
copying /home/roo/roo_ws/build/roo_web_bridge/build/lib/roo_web_bridge/__init__.py -> /home/roo/roo_ws/install/roo_web_bridge/lib/python3.12/site-packages/roo_web_bridge
copying /home/roo/roo_ws/build/roo_web_bridge/build/lib/roo_web_bridge/web_bridge_node.py -> /home/roo/roo_ws/install/roo_web_bridge/lib/python3.12/site-packages/roo_web_bridge
byte-compiling /home/roo/roo_ws/install/roo_web_bridge/lib/python3.12/site-packages/roo_web_bridge/__init__.py to __init__.cpython-312.pyc
byte-compiling /home/roo/roo_ws/install/roo_web_bridge/lib/python3.12/site-packages/roo_web_bridge/web_bridge_node.py to web_bridge_node.cpython-312.pyc
running install_data
copying resource/roo_web_bridge -> /home/roo/roo_ws/install/roo_web_bridge/share/ament_index/resource_index/packages
copying package.xml -> /home/roo/roo_ws/install/roo_web_bridge/share/roo_web_bridge
running install_egg_info
Copying ../../build/roo_web_bridge/roo_web_bridge.egg-info to /home/roo/roo_ws/install/roo_web_bridge/lib/python3.12/site-packages/roo_web_bridge-0.0.0-py3.12.egg-info
running install_scripts
Installing web_bridge script to /home/roo/roo_ws/install/roo_web_bridge/lib/roo_web_bridge
writing list of installed files to '/home/roo/roo_ws/build/roo_web_bridge/install.log'
