[2.737s] Invoking command in '/home/roo/roo_ws/src/roo_cmd_mux': DEBUGINFOD_URLS=https://debuginfod.ubuntu.com PYTHONPATH=/home/roo/roo_ws/build/roo_cmd_mux/prefix_override:/usr/lib/python3/dist-packages/colcon_core/task/python/colcon_distutils_commands:/home/roo/roo_ws/install/roo_cmd_mux/lib/python3.12/site-packages:${PYTHONPATH} /usr/bin/python3 -W ignore:setup.py install is deprecated -W ignore:easy_install command is deprecated setup.py egg_info --egg-base ../../build/roo_cmd_mux build --build-base /home/roo/roo_ws/build/roo_cmd_mux/build install --record /home/roo/roo_ws/build/roo_cmd_mux/install.log --single-version-externally-managed install_data
[3.171s] running egg_info
[3.197s] writing ../../build/roo_cmd_mux/roo_cmd_mux.egg-info/PKG-INFO
[3.200s] writing dependency_links to ../../build/roo_cmd_mux/roo_cmd_mux.egg-info/dependency_links.txt
[3.200s] writing entry points to ../../build/roo_cmd_mux/roo_cmd_mux.egg-info/entry_points.txt
[3.200s] writing requirements to ../../build/roo_cmd_mux/roo_cmd_mux.egg-info/requires.txt
[3.200s] writing top-level names to ../../build/roo_cmd_mux/roo_cmd_mux.egg-info/top_level.txt
[3.251s] reading manifest file '../../build/roo_cmd_mux/roo_cmd_mux.egg-info/SOURCES.txt'
[3.253s] writing manifest file '../../build/roo_cmd_mux/roo_cmd_mux.egg-info/SOURCES.txt'
[3.253s] running build
[3.254s] running build_py
[3.259s] running install
[3.269s] running install_lib
[3.296s] running install_data
[3.297s] running install_egg_info
[3.327s] removing '/home/roo/roo_ws/install/roo_cmd_mux/lib/python3.12/site-packages/roo_cmd_mux-0.0.0-py3.12.egg-info' (and everything under it)
[3.327s] Copying ../../build/roo_cmd_mux/roo_cmd_mux.egg-info to /home/roo/roo_ws/install/roo_cmd_mux/lib/python3.12/site-packages/roo_cmd_mux-0.0.0-py3.12.egg-info
[3.327s] running install_scripts
[3.535s] Installing cmd_mux script to /home/roo/roo_ws/install/roo_cmd_mux/lib/roo_cmd_mux
[3.536s] writing list of installed files to '/home/roo/roo_ws/build/roo_cmd_mux/install.log'
[3.755s] Invoked command in '/home/roo/roo_ws/src/roo_cmd_mux' returned '0': DEBUGINFOD_URLS=https://debuginfod.ubuntu.com PYTHONPATH=/home/roo/roo_ws/build/roo_cmd_mux/prefix_override:/usr/lib/python3/dist-packages/colcon_core/task/python/colcon_distutils_commands:/home/roo/roo_ws/install/roo_cmd_mux/lib/python3.12/site-packages:${PYTHONPATH} /usr/bin/python3 -W ignore:setup.py install is deprecated -W ignore:easy_install command is deprecated setup.py egg_info --egg-base ../../build/roo_cmd_mux build --build-base /home/roo/roo_ws/build/roo_cmd_mux/build install --record /home/roo/roo_ws/build/roo_cmd_mux/install.log --single-version-externally-managed install_data
