[1.238s] Invoking command in '/home/roo/roo_ws/src/roo_bringup': DEBUGINFOD_URLS=https://debuginfod.ubuntu.com PYTHONPATH=/home/roo/roo_ws/build/roo_bringup/prefix_override:/usr/lib/python3/dist-packages/colcon_core/task/python/colcon_distutils_commands:/home/roo/roo_ws/install/roo_bringup/lib/python3.12/site-packages:${PYTHONPATH} /usr/bin/python3 -W ignore:setup.py install is deprecated -W ignore:easy_install command is deprecated setup.py egg_info --egg-base ../../build/roo_bringup build --build-base /home/roo/roo_ws/build/roo_bringup/build install --record /home/roo/roo_ws/build/roo_bringup/install.log --single-version-externally-managed install_data
[1.615s] running egg_info
[1.639s] writing ../../build/roo_bringup/roo_bringup.egg-info/PKG-INFO
[1.639s] writing dependency_links to ../../build/roo_bringup/roo_bringup.egg-info/dependency_links.txt
[1.640s] writing requirements to ../../build/roo_bringup/roo_bringup.egg-info/requires.txt
[1.641s] writing top-level names to ../../build/roo_bringup/roo_bringup.egg-info/top_level.txt
[1.691s] reading manifest file '../../build/roo_bringup/roo_bringup.egg-info/SOURCES.txt'
[1.692s] writing manifest file '../../build/roo_bringup/roo_bringup.egg-info/SOURCES.txt'
[1.692s] running build
[1.692s] running build_py
[1.692s] running install
[1.702s] running install_lib
[1.731s] running install_data
[1.732s] copying launch/roo_bringup.launch.py -> /home/roo/roo_ws/install/roo_bringup/share/roo_bringup/launch
[1.732s] running install_egg_info
[1.758s] removing '/home/roo/roo_ws/install/roo_bringup/lib/python3.12/site-packages/roo_bringup-0.0.0-py3.12.egg-info' (and everything under it)
[1.758s] Copying ../../build/roo_bringup/roo_bringup.egg-info to /home/roo/roo_ws/install/roo_bringup/lib/python3.12/site-packages/roo_bringup-0.0.0-py3.12.egg-info
[1.759s] running install_scripts
[1.944s] writing list of installed files to '/home/roo/roo_ws/build/roo_bringup/install.log'
[2.028s] Invoked command in '/home/roo/roo_ws/src/roo_bringup' returned '0': DEBUGINFOD_URLS=https://debuginfod.ubuntu.com PYTHONPATH=/home/roo/roo_ws/build/roo_bringup/prefix_override:/usr/lib/python3/dist-packages/colcon_core/task/python/colcon_distutils_commands:/home/roo/roo_ws/install/roo_bringup/lib/python3.12/site-packages:${PYTHONPATH} /usr/bin/python3 -W ignore:setup.py install is deprecated -W ignore:easy_install command is deprecated setup.py egg_info --egg-base ../../build/roo_bringup build --build-base /home/roo/roo_ws/build/roo_bringup/build install --record /home/roo/roo_ws/build/roo_bringup/install.log --single-version-externally-managed install_data
