[2.808s] Invoking command in '/home/roo/roo_ws/build/roo_protocol': DEBUGINFOD_URLS=https://debuginfod.ubuntu.com PYTHONPATH=/home/roo/roo_ws/build/roo_protocol/prefix_override:/usr/lib/python3/dist-packages/colcon_core/task/python/colcon_distutils_commands:/home/roo/roo_ws/install/roo_protocol/lib/python3.12/site-packages:${PYTHONPATH} /usr/bin/python3 -W ignore:setup.py install is deprecated -W ignore:easy_install command is deprecated setup.py develop --editable --build-directory /home/roo/roo_ws/build/roo_protocol/build --no-deps symlink_data
[3.433s] running develop
[3.740s] running egg_info
[3.740s] creating roo_protocol.egg-info
[3.767s] writing roo_protocol.egg-info/PKG-INFO
[3.768s] writing dependency_links to roo_protocol.egg-info/dependency_links.txt
[3.769s] writing entry points to roo_protocol.egg-info/entry_points.txt
[3.769s] writing requirements to roo_protocol.egg-info/requires.txt
[3.770s] writing top-level names to roo_protocol.egg-info/top_level.txt
[3.770s] writing manifest file 'roo_protocol.egg-info/SOURCES.txt'
[3.834s] reading manifest file 'roo_protocol.egg-info/SOURCES.txt'
[3.835s] writing manifest file 'roo_protocol.egg-info/SOURCES.txt'
[3.871s] running build_ext
[3.872s] Creating /home/roo/roo_ws/install/roo_protocol/lib/python3.12/site-packages/roo-protocol.egg-link (link to .)
[3.872s] Installing rx_decode script to /home/roo/roo_ws/install/roo_protocol/lib/roo_protocol
[3.872s] Installing tx_encode script to /home/roo/roo_ws/install/roo_protocol/lib/roo_protocol
[3.872s] 
[3.872s] Installed /home/roo/roo_ws/build/roo_protocol
[3.872s] running symlink_data
[3.872s] creating /home/roo/roo_ws/install/roo_protocol/share/ament_index
[3.873s] creating /home/roo/roo_ws/install/roo_protocol/share/ament_index/resource_index
[3.873s] creating /home/roo/roo_ws/install/roo_protocol/share/ament_index/resource_index/packages
[3.873s] symbolically linking /home/roo/roo_ws/build/roo_protocol/resource/roo_protocol -> /home/roo/roo_ws/install/roo_protocol/share/ament_index/resource_index/packages
[3.873s] symbolically linking /home/roo/roo_ws/build/roo_protocol/package.xml -> /home/roo/roo_ws/install/roo_protocol/share/roo_protocol
[4.062s] Invoked command in '/home/roo/roo_ws/build/roo_protocol' returned '0': DEBUGINFOD_URLS=https://debuginfod.ubuntu.com PYTHONPATH=/home/roo/roo_ws/build/roo_protocol/prefix_override:/usr/lib/python3/dist-packages/colcon_core/task/python/colcon_distutils_commands:/home/roo/roo_ws/install/roo_protocol/lib/python3.12/site-packages:${PYTHONPATH} /usr/bin/python3 -W ignore:setup.py install is deprecated -W ignore:easy_install command is deprecated setup.py develop --editable --build-directory /home/roo/roo_ws/build/roo_protocol/build --no-deps symlink_data
