running develop
Removing /home/roo/roo_ws/install/roo_vision/lib/python3.12/site-packages/roo-vision.egg-link (link to .)
running egg_info
writing ../../build/roo_vision/roo_vision.egg-info/PKG-INFO
writing dependency_links to ../../build/roo_vision/roo_vision.egg-info/dependency_links.txt
writing requirements to ../../build/roo_vision/roo_vision.egg-info/requires.txt
writing top-level names to ../../build/roo_vision/roo_vision.egg-info/top_level.txt
reading manifest file '../../build/roo_vision/roo_vision.egg-info/SOURCES.txt'
writing manifest file '../../build/roo_vision/roo_vision.egg-info/SOURCES.txt'
running build
running build_py
running install
running install_lib
creating /home/roo/roo_ws/install/roo_vision/lib/python3.12/site-packages/roo_vision
copying /home/roo/roo_ws/build/roo_vision/build/lib/roo_vision/__init__.py -> /home/roo/roo_ws/install/roo_vision/lib/python3.12/site-packages/roo_vision
byte-compiling /home/roo/roo_ws/install/roo_vision/lib/python3.12/site-packages/roo_vision/__init__.py to __init__.cpython-312.pyc
running install_data
copying resource/roo_vision -> /home/roo/roo_ws/install/roo_vision/share/ament_index/resource_index/packages
copying package.xml -> /home/roo/roo_ws/install/roo_vision/share/roo_vision
running install_egg_info
Copying ../../build/roo_vision/roo_vision.egg-info to /home/roo/roo_ws/install/roo_vision/lib/python3.12/site-packages/roo_vision-0.0.0-py3.12.egg-info
running install_scripts
writing list of installed files to '/home/roo/roo_ws/build/roo_vision/install.log'
