running egg_info
creating ../../build/roo_libcamera/roo_libcamera.egg-info
writing ../../build/roo_libcamera/roo_libcamera.egg-info/PKG-INFO
writing dependency_links to ../../build/roo_libcamera/roo_libcamera.egg-info/dependency_links.txt
writing entry points to ../../build/roo_libcamera/roo_libcamera.egg-info/entry_points.txt
writing requirements to ../../build/roo_libcamera/roo_libcamera.egg-info/requires.txt
writing top-level names to ../../build/roo_libcamera/roo_libcamera.egg-info/top_level.txt
writing manifest file '../../build/roo_libcamera/roo_libcamera.egg-info/SOURCES.txt'
reading manifest file '../../build/roo_libcamera/roo_libcamera.egg-info/SOURCES.txt'
writing manifest file '../../build/roo_libcamera/roo_libcamera.egg-info/SOURCES.txt'
running build
running build_py
creating /home/roo/roo_ws/build/roo_libcamera/build
creating /home/roo/roo_ws/build/roo_libcamera/build/lib
creating /home/roo/roo_ws/build/roo_libcamera/build/lib/roo_libcamera
copying roo_libcamera/__init__.py -> /home/roo/roo_ws/build/roo_libcamera/build/lib/roo_libcamera
copying roo_libcamera/libcamera_node.py -> /home/roo/roo_ws/build/roo_libcamera/build/lib/roo_libcamera
running install
running install_lib
creating /home/roo/roo_ws/install/roo_libcamera/lib/python3.12/site-packages/roo_libcamera
copying /home/roo/roo_ws/build/roo_libcamera/build/lib/roo_libcamera/__init__.py -> /home/roo/roo_ws/install/roo_libcamera/lib/python3.12/site-packages/roo_libcamera
copying /home/roo/roo_ws/build/roo_libcamera/build/lib/roo_libcamera/libcamera_node.py -> /home/roo/roo_ws/install/roo_libcamera/lib/python3.12/site-packages/roo_libcamera
byte-compiling /home/roo/roo_ws/install/roo_libcamera/lib/python3.12/site-packages/roo_libcamera/__init__.py to __init__.cpython-312.pyc
byte-compiling /home/roo/roo_ws/install/roo_libcamera/lib/python3.12/site-packages/roo_libcamera/libcamera_node.py to libcamera_node.cpython-312.pyc
running install_data
creating /home/roo/roo_ws/install/roo_libcamera/share/ament_index
creating /home/roo/roo_ws/install/roo_libcamera/share/ament_index/resource_index
creating /home/roo/roo_ws/install/roo_libcamera/share/ament_index/resource_index/packages
copying resource/roo_libcamera -> /home/roo/roo_ws/install/roo_libcamera/share/ament_index/resource_index/packages
copying package.xml -> /home/roo/roo_ws/install/roo_libcamera/share/roo_libcamera
running install_egg_info
Copying ../../build/roo_libcamera/roo_libcamera.egg-info to /home/roo/roo_ws/install/roo_libcamera/lib/python3.12/site-packages/roo_libcamera-0.0.0-py3.12.egg-info
running install_scripts
Installing libcamera_node script to /home/roo/roo_ws/install/roo_libcamera/lib/roo_libcamera
writing list of installed files to '/home/roo/roo_ws/build/roo_libcamera/install.log'
