[2.734s] Invoking command in '/home/roo/roo_ws/src/roo_bringup': DEBUGINFOD_URLS=https://debuginfod.ubuntu.com PYTHONPATH=/home/roo/roo_ws/build/roo_bringup/prefix_override:/usr/lib/python3/dist-packages/colcon_core/task/python/colcon_distutils_commands:/home/roo/roo_ws/install/roo_bringup/lib/python3.12/site-packages:${PYTHONPATH} /usr/bin/python3 -W ignore:setup.py install is deprecated -W ignore:easy_install command is deprecated setup.py egg_info --egg-base ../../build/roo_bringup build --build-base /home/roo/roo_ws/build/roo_bringup/build install --record /home/roo/roo_ws/build/roo_bringup/install.log --single-version-externally-managed install_data
[3.104s] running egg_info
[3.145s] writing ../../build/roo_bringup/roo_bringup.egg-info/PKG-INFO
[3.145s] writing dependency_links to ../../build/roo_bringup/roo_bringup.egg-info/dependency_links.txt
[3.151s] writing requirements to ../../build/roo_bringup/roo_bringup.egg-info/requires.txt
[3.152s] writing top-level names to ../../build/roo_bringup/roo_bringup.egg-info/top_level.txt
[3.224s] reading manifest file '../../build/roo_bringup/roo_bringup.egg-info/SOURCES.txt'
[3.225s] writing manifest file '../../build/roo_bringup/roo_bringup.egg-info/SOURCES.txt'
[3.225s] running build
[3.225s] running build_py
[3.225s] running install
[3.236s] running install_lib
[3.262s] running install_data
[3.263s] copying launch/roo_bringup.launch.py -> /home/roo/roo_ws/install/roo_bringup/share/roo_bringup/launch
[3.263s] running install_egg_info
[3.301s] removing '/home/roo/roo_ws/install/roo_bringup/lib/python3.12/site-packages/roo_bringup-0.0.0-py3.12.egg-info' (and everything under it)
[3.301s] Copying ../../build/roo_bringup/roo_bringup.egg-info to /home/roo/roo_ws/install/roo_bringup/lib/python3.12/site-packages/roo_bringup-0.0.0-py3.12.egg-info
[3.303s] running install_scripts
[3.478s] writing list of installed files to '/home/roo/roo_ws/build/roo_bringup/install.log'
[3.558s] Invoked command in '/home/roo/roo_ws/src/roo_bringup' returned '0': DEBUGINFOD_URLS=https://debuginfod.ubuntu.com PYTHONPATH=/home/roo/roo_ws/build/roo_bringup/prefix_override:/usr/lib/python3/dist-packages/colcon_core/task/python/colcon_distutils_commands:/home/roo/roo_ws/install/roo_bringup/lib/python3.12/site-packages:${PYTHONPATH} /usr/bin/python3 -W ignore:setup.py install is deprecated -W ignore:easy_install command is deprecated setup.py egg_info --egg-base ../../build/roo_bringup build --build-base /home/roo/roo_ws/build/roo_bringup/build install --record /home/roo/roo_ws/build/roo_bringup/install.log --single-version-externally-managed install_data
