[1.839s] Invoking command in '/home/roo/roo_ws/src/roo_web_bridge': DEBUGINFOD_URLS=https://debuginfod.ubuntu.com PYTHONPATH=/home/roo/roo_ws/build/roo_web_bridge/prefix_override:/usr/lib/python3/dist-packages/colcon_core/task/python/colcon_distutils_commands:/home/roo/roo_ws/install/roo_web_bridge/lib/python3.12/site-packages:${PYTHONPATH} /usr/bin/python3 -W ignore:setup.py install is deprecated -W ignore:easy_install command is deprecated setup.py egg_info --egg-base ../../build/roo_web_bridge build --build-base /home/roo/roo_ws/build/roo_web_bridge/build install --record /home/roo/roo_ws/build/roo_web_bridge/install.log --single-version-externally-managed install_data
[2.244s] running egg_info
[2.271s] writing ../../build/roo_web_bridge/roo_web_bridge.egg-info/PKG-INFO
[2.271s] writing dependency_links to ../../build/roo_web_bridge/roo_web_bridge.egg-info/dependency_links.txt
[2.272s] writing entry points to ../../build/roo_web_bridge/roo_web_bridge.egg-info/entry_points.txt
[2.273s] writing requirements to ../../build/roo_web_bridge/roo_web_bridge.egg-info/requires.txt
[2.274s] writing top-level names to ../../build/roo_web_bridge/roo_web_bridge.egg-info/top_level.txt
[2.325s] reading manifest file '../../build/roo_web_bridge/roo_web_bridge.egg-info/SOURCES.txt'
[2.326s] writing manifest file '../../build/roo_web_bridge/roo_web_bridge.egg-info/SOURCES.txt'
[2.327s] running build
[2.327s] running build_py
[2.327s] copying roo_web_bridge/web_bridge_node.py -> /home/roo/roo_ws/build/roo_web_bridge/build/lib/roo_web_bridge
[2.327s] running install
[2.337s] running install_lib
[2.361s] copying /home/roo/roo_ws/build/roo_web_bridge/build/lib/roo_web_bridge/web_bridge_node.py -> /home/roo/roo_ws/install/roo_web_bridge/lib/python3.12/site-packages/roo_web_bridge
[2.362s] byte-compiling /home/roo/roo_ws/install/roo_web_bridge/lib/python3.12/site-packages/roo_web_bridge/web_bridge_node.py to web_bridge_node.cpython-312.pyc
[2.366s]   File "/home/roo/roo_ws/install/roo_web_bridge/lib/python3.12/site-packages/roo_web_bridge/web_bridge_node.py", line 164
[2.366s]     finally:
[2.366s]     ^^^^^^^
[2.366s] SyntaxError: invalid syntax
[2.366s] 
[2.366s] running install_data
[2.366s] running install_egg_info
[2.392s] removing '/home/roo/roo_ws/install/roo_web_bridge/lib/python3.12/site-packages/roo_web_bridge-0.0.0-py3.12.egg-info' (and everything under it)
[2.393s] Copying ../../build/roo_web_bridge/roo_web_bridge.egg-info to /home/roo/roo_ws/install/roo_web_bridge/lib/python3.12/site-packages/roo_web_bridge-0.0.0-py3.12.egg-info
[2.394s] running install_scripts
[2.575s] Installing web_bridge script to /home/roo/roo_ws/install/roo_web_bridge/lib/roo_web_bridge
[2.575s] writing list of installed files to '/home/roo/roo_ws/build/roo_web_bridge/install.log'
[2.667s] Invoked command in '/home/roo/roo_ws/src/roo_web_bridge' returned '0': DEBUGINFOD_URLS=https://debuginfod.ubuntu.com PYTHONPATH=/home/roo/roo_ws/build/roo_web_bridge/prefix_override:/usr/lib/python3/dist-packages/colcon_core/task/python/colcon_distutils_commands:/home/roo/roo_ws/install/roo_web_bridge/lib/python3.12/site-packages:${PYTHONPATH} /usr/bin/python3 -W ignore:setup.py install is deprecated -W ignore:easy_install command is deprecated setup.py egg_info --egg-base ../../build/roo_web_bridge build --build-base /home/roo/roo_ws/build/roo_web_bridge/build install --record /home/roo/roo_ws/build/roo_web_bridge/install.log --single-version-externally-managed install_data
