[2.500s] Invoking command in '/home/roo/roo_ws/build/roo_web_bridge': DEBUGINFOD_URLS=https://debuginfod.ubuntu.com PYTHONPATH=/home/roo/roo_ws/build/roo_web_bridge/prefix_override:/usr/lib/python3/dist-packages/colcon_core/task/python/colcon_distutils_commands:/home/roo/roo_ws/install/roo_web_bridge/lib/python3.12/site-packages:${PYTHONPATH} /usr/bin/python3 -W ignore:setup.py install is deprecated -W ignore:easy_install command is deprecated setup.py develop --uninstall --editable --build-directory /home/roo/roo_ws/build/roo_web_bridge/build
[3.101s] running develop
[3.406s] Removing /home/roo/roo_ws/install/roo_web_bridge/lib/python3.12/site-packages/roo-web-bridge.egg-link (link to .)
[3.571s] Invoked command in '/home/roo/roo_ws/build/roo_web_bridge' returned '0': DEBUGINFOD_URLS=https://debuginfod.ubuntu.com PYTHONPATH=/home/roo/roo_ws/build/roo_web_bridge/prefix_override:/usr/lib/python3/dist-packages/colcon_core/task/python/colcon_distutils_commands:/home/roo/roo_ws/install/roo_web_bridge/lib/python3.12/site-packages:${PYTHONPATH} /usr/bin/python3 -W ignore:setup.py install is deprecated -W ignore:easy_install command is deprecated setup.py develop --uninstall --editable --build-directory /home/roo/roo_ws/build/roo_web_bridge/build
[3.574s] Invoking command in '/home/roo/roo_ws/src/roo_web_bridge': DEBUGINFOD_URLS=https://debuginfod.ubuntu.com PYTHONPATH=/home/roo/roo_ws/build/roo_web_bridge/prefix_override:/usr/lib/python3/dist-packages/colcon_core/task/python/colcon_distutils_commands:/home/roo/roo_ws/install/roo_web_bridge/lib/python3.12/site-packages:${PYTHONPATH} /usr/bin/python3 -W ignore:setup.py install is deprecated -W ignore:easy_install command is deprecated setup.py egg_info --egg-base ../../build/roo_web_bridge build --build-base /home/roo/roo_ws/build/roo_web_bridge/build install --record /home/roo/roo_ws/build/roo_web_bridge/install.log --single-version-externally-managed install_data --force
[3.969s] running egg_info
[3.993s] writing ../../build/roo_web_bridge/roo_web_bridge.egg-info/PKG-INFO
[3.994s] writing dependency_links to ../../build/roo_web_bridge/roo_web_bridge.egg-info/dependency_links.txt
[3.996s] writing entry points to ../../build/roo_web_bridge/roo_web_bridge.egg-info/entry_points.txt
[3.997s] writing requirements to ../../build/roo_web_bridge/roo_web_bridge.egg-info/requires.txt
[3.998s] writing top-level names to ../../build/roo_web_bridge/roo_web_bridge.egg-info/top_level.txt
[4.049s] reading manifest file '../../build/roo_web_bridge/roo_web_bridge.egg-info/SOURCES.txt'
[4.050s] writing manifest file '../../build/roo_web_bridge/roo_web_bridge.egg-info/SOURCES.txt'
[4.050s] running build
[4.050s] running build_py
[4.053s] running install
[4.063s] running install_lib
[4.088s] creating /home/roo/roo_ws/install/roo_web_bridge/lib/python3.12/site-packages/roo_web_bridge
[4.088s] copying /home/roo/roo_ws/build/roo_web_bridge/build/lib/roo_web_bridge/__init__.py -> /home/roo/roo_ws/install/roo_web_bridge/lib/python3.12/site-packages/roo_web_bridge
[4.088s] copying /home/roo/roo_ws/build/roo_web_bridge/build/lib/roo_web_bridge/web_bridge_node.py -> /home/roo/roo_ws/install/roo_web_bridge/lib/python3.12/site-packages/roo_web_bridge
[4.090s] byte-compiling /home/roo/roo_ws/install/roo_web_bridge/lib/python3.12/site-packages/roo_web_bridge/__init__.py to __init__.cpython-312.pyc
[4.090s] byte-compiling /home/roo/roo_ws/install/roo_web_bridge/lib/python3.12/site-packages/roo_web_bridge/web_bridge_node.py to web_bridge_node.cpython-312.pyc
[4.093s] running install_data
[4.094s] copying resource/roo_web_bridge -> /home/roo/roo_ws/install/roo_web_bridge/share/ament_index/resource_index/packages
[4.094s] copying package.xml -> /home/roo/roo_ws/install/roo_web_bridge/share/roo_web_bridge
[4.094s] running install_egg_info
[4.122s] Copying ../../build/roo_web_bridge/roo_web_bridge.egg-info to /home/roo/roo_ws/install/roo_web_bridge/lib/python3.12/site-packages/roo_web_bridge-0.0.0-py3.12.egg-info
[4.124s] running install_scripts
[4.331s] Installing web_bridge script to /home/roo/roo_ws/install/roo_web_bridge/lib/roo_web_bridge
[4.332s] writing list of installed files to '/home/roo/roo_ws/build/roo_web_bridge/install.log'
[4.453s] Invoked command in '/home/roo/roo_ws/src/roo_web_bridge' returned '0': DEBUGINFOD_URLS=https://debuginfod.ubuntu.com PYTHONPATH=/home/roo/roo_ws/build/roo_web_bridge/prefix_override:/usr/lib/python3/dist-packages/colcon_core/task/python/colcon_distutils_commands:/home/roo/roo_ws/install/roo_web_bridge/lib/python3.12/site-packages:${PYTHONPATH} /usr/bin/python3 -W ignore:setup.py install is deprecated -W ignore:easy_install command is deprecated setup.py egg_info --egg-base ../../build/roo_web_bridge build --build-base /home/roo/roo_ws/build/roo_web_bridge/build install --record /home/roo/roo_ws/build/roo_web_bridge/install.log --single-version-externally-managed install_data --force
