running develop
running egg_info
creating roo_teleop_ps5.egg-info
writing roo_teleop_ps5.egg-info/PKG-INFO
writing dependency_links to roo_teleop_ps5.egg-info/dependency_links.txt
writing entry points to roo_teleop_ps5.egg-info/entry_points.txt
writing requirements to roo_teleop_ps5.egg-info/requires.txt
writing top-level names to roo_teleop_ps5.egg-info/top_level.txt
writing manifest file 'roo_teleop_ps5.egg-info/SOURCES.txt'
reading manifest file 'roo_teleop_ps5.egg-info/SOURCES.txt'
writing manifest file 'roo_teleop_ps5.egg-info/SOURCES.txt'
running build_ext
Creating /home/roo/roo_ws/install/roo_teleop_ps5/lib/python3.12/site-packages/roo-teleop-ps5.egg-link (link to .)
Installing teleop script to /home/roo/roo_ws/install/roo_teleop_ps5/lib/roo_teleop_ps5

Installed /home/roo/roo_ws/build/roo_teleop_ps5
running symlink_data
creating /home/roo/roo_ws/install/roo_teleop_ps5/share/ament_index
creating /home/roo/roo_ws/install/roo_teleop_ps5/share/ament_index/resource_index
creating /home/roo/roo_ws/install/roo_teleop_ps5/share/ament_index/resource_index/packages
symbolically linking /home/roo/roo_ws/build/roo_teleop_ps5/resource/roo_teleop_ps5 -> /home/roo/roo_ws/install/roo_teleop_ps5/share/ament_index/resource_index/packages
symbolically linking /home/roo/roo_ws/build/roo_teleop_ps5/package.xml -> /home/roo/roo_ws/install/roo_teleop_ps5/share/roo_teleop_ps5
