[2.235s] Invoking command in '/home/roo/roo_ws/build/roo_teleop_ps5': DEBUGINFOD_URLS=https://debuginfod.ubuntu.com PYTHONPATH=/home/roo/roo_ws/build/roo_teleop_ps5/prefix_override:/usr/lib/python3/dist-packages/colcon_core/task/python/colcon_distutils_commands:/home/roo/roo_ws/install/roo_teleop_ps5/lib/python3.12/site-packages:${PYTHONPATH} /usr/bin/python3 -W ignore:setup.py install is deprecated -W ignore:easy_install command is deprecated setup.py develop --editable --build-directory /home/roo/roo_ws/build/roo_teleop_ps5/build --no-deps symlink_data
[2.763s] running develop
[3.052s] running egg_info
[3.052s] creating roo_teleop_ps5.egg-info
[3.074s] writing roo_teleop_ps5.egg-info/PKG-INFO
[3.075s] writing dependency_links to roo_teleop_ps5.egg-info/dependency_links.txt
[3.075s] writing entry points to roo_teleop_ps5.egg-info/entry_points.txt
[3.075s] writing requirements to roo_teleop_ps5.egg-info/requires.txt
[3.075s] writing top-level names to roo_teleop_ps5.egg-info/top_level.txt
[3.075s] writing manifest file 'roo_teleop_ps5.egg-info/SOURCES.txt'
[3.127s] reading manifest file 'roo_teleop_ps5.egg-info/SOURCES.txt'
[3.127s] writing manifest file 'roo_teleop_ps5.egg-info/SOURCES.txt'
[3.155s] running build_ext
[3.155s] Creating /home/roo/roo_ws/install/roo_teleop_ps5/lib/python3.12/site-packages/roo-teleop-ps5.egg-link (link to .)
[3.156s] Installing teleop script to /home/roo/roo_ws/install/roo_teleop_ps5/lib/roo_teleop_ps5
[3.156s] 
[3.156s] Installed /home/roo/roo_ws/build/roo_teleop_ps5
[3.157s] running symlink_data
[3.157s] creating /home/roo/roo_ws/install/roo_teleop_ps5/share/ament_index
[3.157s] creating /home/roo/roo_ws/install/roo_teleop_ps5/share/ament_index/resource_index
[3.157s] creating /home/roo/roo_ws/install/roo_teleop_ps5/share/ament_index/resource_index/packages
[3.157s] symbolically linking /home/roo/roo_ws/build/roo_teleop_ps5/resource/roo_teleop_ps5 -> /home/roo/roo_ws/install/roo_teleop_ps5/share/ament_index/resource_index/packages
[3.158s] symbolically linking /home/roo/roo_ws/build/roo_teleop_ps5/package.xml -> /home/roo/roo_ws/install/roo_teleop_ps5/share/roo_teleop_ps5
[3.305s] Invoked command in '/home/roo/roo_ws/build/roo_teleop_ps5' returned '0': DEBUGINFOD_URLS=https://debuginfod.ubuntu.com PYTHONPATH=/home/roo/roo_ws/build/roo_teleop_ps5/prefix_override:/usr/lib/python3/dist-packages/colcon_core/task/python/colcon_distutils_commands:/home/roo/roo_ws/install/roo_teleop_ps5/lib/python3.12/site-packages:${PYTHONPATH} /usr/bin/python3 -W ignore:setup.py install is deprecated -W ignore:easy_install command is deprecated setup.py develop --editable --build-directory /home/roo/roo_ws/build/roo_teleop_ps5/build --no-deps symlink_data
