running develop
Removing /home/roo/roo_ws/install/roo_teleop_ps5/lib/python3.12/site-packages/roo-teleop-ps5.egg-link (link to .)
running egg_info
writing ../../build/roo_teleop_ps5/roo_teleop_ps5.egg-info/PKG-INFO
writing dependency_links to ../../build/roo_teleop_ps5/roo_teleop_ps5.egg-info/dependency_links.txt
writing entry points to ../../build/roo_teleop_ps5/roo_teleop_ps5.egg-info/entry_points.txt
writing requirements to ../../build/roo_teleop_ps5/roo_teleop_ps5.egg-info/requires.txt
writing top-level names to ../../build/roo_teleop_ps5/roo_teleop_ps5.egg-info/top_level.txt
reading manifest file '../../build/roo_teleop_ps5/roo_teleop_ps5.egg-info/SOURCES.txt'
writing manifest file '../../build/roo_teleop_ps5/roo_teleop_ps5.egg-info/SOURCES.txt'
running build
running build_py
creating /home/roo/roo_ws/build/roo_teleop_ps5/build
creating /home/roo/roo_ws/build/roo_teleop_ps5/build/lib
creating /home/roo/roo_ws/build/roo_teleop_ps5/build/lib/roo_teleop_ps5
copying roo_teleop_ps5/teleop_ps5_node.py -> /home/roo/roo_ws/build/roo_teleop_ps5/build/lib/roo_teleop_ps5
copying roo_teleop_ps5/__init__.py -> /home/roo/roo_ws/build/roo_teleop_ps5/build/lib/roo_teleop_ps5
running install
running install_lib
creating /home/roo/roo_ws/install/roo_teleop_ps5/lib/python3.12/site-packages/roo_teleop_ps5
copying /home/roo/roo_ws/build/roo_teleop_ps5/build/lib/roo_teleop_ps5/teleop_ps5_node.py -> /home/roo/roo_ws/install/roo_teleop_ps5/lib/python3.12/site-packages/roo_teleop_ps5
copying /home/roo/roo_ws/build/roo_teleop_ps5/build/lib/roo_teleop_ps5/__init__.py -> /home/roo/roo_ws/install/roo_teleop_ps5/lib/python3.12/site-packages/roo_teleop_ps5
byte-compiling /home/roo/roo_ws/install/roo_teleop_ps5/lib/python3.12/site-packages/roo_teleop_ps5/teleop_ps5_node.py to teleop_ps5_node.cpython-312.pyc
byte-compiling /home/roo/roo_ws/install/roo_teleop_ps5/lib/python3.12/site-packages/roo_teleop_ps5/__init__.py to __init__.cpython-312.pyc
running install_data
copying resource/roo_teleop_ps5 -> /home/roo/roo_ws/install/roo_teleop_ps5/share/ament_index/resource_index/packages
copying package.xml -> /home/roo/roo_ws/install/roo_teleop_ps5/share/roo_teleop_ps5
running install_egg_info
Copying ../../build/roo_teleop_ps5/roo_teleop_ps5.egg-info to /home/roo/roo_ws/install/roo_teleop_ps5/lib/python3.12/site-packages/roo_teleop_ps5-0.0.0-py3.12.egg-info
running install_scripts
Installing teleop script to /home/roo/roo_ws/install/roo_teleop_ps5/lib/roo_teleop_ps5
writing list of installed files to '/home/roo/roo_ws/build/roo_teleop_ps5/install.log'
