[1.894s] Invoking command in '/home/roo/roo_ws/src/roo_bringup': DEBUGINFOD_URLS=https://debuginfod.ubuntu.com PYTHONPATH=/home/roo/roo_ws/build/roo_bringup/prefix_override:/usr/lib/python3/dist-packages/colcon_core/task/python/colcon_distutils_commands:/home/roo/roo_ws/install/roo_bringup/lib/python3.12/site-packages:${PYTHONPATH} /usr/bin/python3 -W ignore:setup.py install is deprecated -W ignore:easy_install command is deprecated setup.py egg_info --egg-base ../../build/roo_bringup build --build-base /home/roo/roo_ws/build/roo_bringup/build install --record /home/roo/roo_ws/build/roo_bringup/install.log --single-version-externally-managed install_data
[2.247s] running egg_info
[2.269s] writing ../../build/roo_bringup/roo_bringup.egg-info/PKG-INFO
[2.270s] writing dependency_links to ../../build/roo_bringup/roo_bringup.egg-info/dependency_links.txt
[2.272s] writing requirements to ../../build/roo_bringup/roo_bringup.egg-info/requires.txt
[2.272s] writing top-level names to ../../build/roo_bringup/roo_bringup.egg-info/top_level.txt
[2.323s] reading manifest file '../../build/roo_bringup/roo_bringup.egg-info/SOURCES.txt'
[2.324s] writing manifest file '../../build/roo_bringup/roo_bringup.egg-info/SOURCES.txt'
[2.324s] running build
[2.325s] running build_py
[2.327s] running install
[2.337s] running install_lib
[2.362s] running install_data
[2.363s] copying launch/roo_bringup.launch.py -> /home/roo/roo_ws/install/roo_bringup/share/roo_bringup/launch
[2.364s] running install_egg_info
[2.389s] removing '/home/roo/roo_ws/install/roo_bringup/lib/python3.12/site-packages/roo_bringup-0.0.0-py3.12.egg-info' (and everything under it)
[2.390s] Copying ../../build/roo_bringup/roo_bringup.egg-info to /home/roo/roo_ws/install/roo_bringup/lib/python3.12/site-packages/roo_bringup-0.0.0-py3.12.egg-info
[2.391s] running install_scripts
[2.562s] writing list of installed files to '/home/roo/roo_ws/build/roo_bringup/install.log'
[2.696s] Invoked command in '/home/roo/roo_ws/src/roo_bringup' returned '0': DEBUGINFOD_URLS=https://debuginfod.ubuntu.com PYTHONPATH=/home/roo/roo_ws/build/roo_bringup/prefix_override:/usr/lib/python3/dist-packages/colcon_core/task/python/colcon_distutils_commands:/home/roo/roo_ws/install/roo_bringup/lib/python3.12/site-packages:${PYTHONPATH} /usr/bin/python3 -W ignore:setup.py install is deprecated -W ignore:easy_install command is deprecated setup.py egg_info --egg-base ../../build/roo_bringup build --build-base /home/roo/roo_ws/build/roo_bringup/build install --record /home/roo/roo_ws/build/roo_bringup/install.log --single-version-externally-managed install_data
