[3.179s] Invoking command in '/home/roo/roo_ws/src/roo_libcamera': DEBUGINFOD_URLS=https://debuginfod.ubuntu.com PYTHONPATH=/home/roo/roo_ws/build/roo_libcamera/prefix_override:/usr/lib/python3/dist-packages/colcon_core/task/python/colcon_distutils_commands:/home/roo/roo_ws/install/roo_libcamera/lib/python3.12/site-packages:${PYTHONPATH} /usr/bin/python3 -W ignore:setup.py install is deprecated -W ignore:easy_install command is deprecated setup.py egg_info --egg-base ../../build/roo_libcamera build --build-base /home/roo/roo_ws/build/roo_libcamera/build install --record /home/roo/roo_ws/build/roo_libcamera/install.log --single-version-externally-managed install_data
[3.602s] running egg_info
[3.632s] writing ../../build/roo_libcamera/roo_libcamera.egg-info/PKG-INFO
[3.633s] writing dependency_links to ../../build/roo_libcamera/roo_libcamera.egg-info/dependency_links.txt
[3.634s] writing entry points to ../../build/roo_libcamera/roo_libcamera.egg-info/entry_points.txt
[3.635s] writing requirements to ../../build/roo_libcamera/roo_libcamera.egg-info/requires.txt
[3.635s] writing top-level names to ../../build/roo_libcamera/roo_libcamera.egg-info/top_level.txt
[3.692s] reading manifest file '../../build/roo_libcamera/roo_libcamera.egg-info/SOURCES.txt'
[3.693s] writing manifest file '../../build/roo_libcamera/roo_libcamera.egg-info/SOURCES.txt'
[3.694s] running build
[3.694s] running build_py
[3.695s] copying roo_libcamera/libcamera_node.py -> /home/roo/roo_ws/build/roo_libcamera/build/lib/roo_libcamera
[3.695s] running install
[3.708s] running install_lib
[3.738s] copying /home/roo/roo_ws/build/roo_libcamera/build/lib/roo_libcamera/libcamera_node.py -> /home/roo/roo_ws/install/roo_libcamera/lib/python3.12/site-packages/roo_libcamera
[3.739s] byte-compiling /home/roo/roo_ws/install/roo_libcamera/lib/python3.12/site-packages/roo_libcamera/libcamera_node.py to libcamera_node.cpython-312.pyc
[3.742s] running install_data
[3.742s] running install_egg_info
[3.776s] removing '/home/roo/roo_ws/install/roo_libcamera/lib/python3.12/site-packages/roo_libcamera-0.0.0-py3.12.egg-info' (and everything under it)
[3.776s] Copying ../../build/roo_libcamera/roo_libcamera.egg-info to /home/roo/roo_ws/install/roo_libcamera/lib/python3.12/site-packages/roo_libcamera-0.0.0-py3.12.egg-info
[3.776s] running install_scripts
[4.053s] Installing compressed_republisher script to /home/roo/roo_ws/install/roo_libcamera/lib/roo_libcamera
[4.053s] Installing libcamera_node script to /home/roo/roo_ws/install/roo_libcamera/lib/roo_libcamera
[4.054s] writing list of installed files to '/home/roo/roo_ws/build/roo_libcamera/install.log'
[4.448s] Invoked command in '/home/roo/roo_ws/src/roo_libcamera' returned '0': DEBUGINFOD_URLS=https://debuginfod.ubuntu.com PYTHONPATH=/home/roo/roo_ws/build/roo_libcamera/prefix_override:/usr/lib/python3/dist-packages/colcon_core/task/python/colcon_distutils_commands:/home/roo/roo_ws/install/roo_libcamera/lib/python3.12/site-packages:${PYTHONPATH} /usr/bin/python3 -W ignore:setup.py install is deprecated -W ignore:easy_install command is deprecated setup.py egg_info --egg-base ../../build/roo_libcamera build --build-base /home/roo/roo_ws/build/roo_libcamera/build install --record /home/roo/roo_ws/build/roo_libcamera/install.log --single-version-externally-managed install_data
