running develop
running egg_info
creating roo_web_bridge.egg-info
writing roo_web_bridge.egg-info/PKG-INFO
writing dependency_links to roo_web_bridge.egg-info/dependency_links.txt
writing entry points to roo_web_bridge.egg-info/entry_points.txt
writing requirements to roo_web_bridge.egg-info/requires.txt
writing top-level names to roo_web_bridge.egg-info/top_level.txt
writing manifest file 'roo_web_bridge.egg-info/SOURCES.txt'
reading manifest file 'roo_web_bridge.egg-info/SOURCES.txt'
writing manifest file 'roo_web_bridge.egg-info/SOURCES.txt'
running build_ext
Creating /home/roo/roo_ws/install/roo_web_bridge/lib/python3.12/site-packages/roo-web-bridge.egg-link (link to .)
Installing web_bridge script to /home/roo/roo_ws/install/roo_web_bridge/lib/roo_web_bridge

Installed /home/roo/roo_ws/build/roo_web_bridge
running symlink_data
creating /home/roo/roo_ws/install/roo_web_bridge/share/ament_index
creating /home/roo/roo_ws/install/roo_web_bridge/share/ament_index/resource_index
creating /home/roo/roo_ws/install/roo_web_bridge/share/ament_index/resource_index/packages
symbolically linking /home/roo/roo_ws/build/roo_web_bridge/resource/roo_web_bridge -> /home/roo/roo_ws/install/roo_web_bridge/share/ament_index/resource_index/packages
symbolically linking /home/roo/roo_ws/build/roo_web_bridge/package.xml -> /home/roo/roo_ws/install/roo_web_bridge/share/roo_web_bridge
