[4.046s] Invoking command in '/home/roo/roo_ws/src/roo_protocol': DEBUGINFOD_URLS=https://debuginfod.ubuntu.com PYTHONPATH=/home/roo/roo_ws/build/roo_protocol/prefix_override:/usr/lib/python3/dist-packages/colcon_core/task/python/colcon_distutils_commands:/home/roo/roo_ws/install/roo_protocol/lib/python3.12/site-packages:${PYTHONPATH} /usr/bin/python3 -W ignore:setup.py install is deprecated -W ignore:easy_install command is deprecated setup.py egg_info --egg-base ../../build/roo_protocol build --build-base /home/roo/roo_ws/build/roo_protocol/build install --record /home/roo/roo_ws/build/roo_protocol/install.log --single-version-externally-managed install_data
[4.533s] running egg_info
[4.558s] writing ../../build/roo_protocol/roo_protocol.egg-info/PKG-INFO
[4.558s] writing dependency_links to ../../build/roo_protocol/roo_protocol.egg-info/dependency_links.txt
[4.559s] writing entry points to ../../build/roo_protocol/roo_protocol.egg-info/entry_points.txt
[4.560s] writing requirements to ../../build/roo_protocol/roo_protocol.egg-info/requires.txt
[4.561s] writing top-level names to ../../build/roo_protocol/roo_protocol.egg-info/top_level.txt
[4.616s] reading manifest file '../../build/roo_protocol/roo_protocol.egg-info/SOURCES.txt'
[4.617s] writing manifest file '../../build/roo_protocol/roo_protocol.egg-info/SOURCES.txt'
[4.617s] running build
[4.617s] running build_py
[4.618s] running install
[4.630s] running install_lib
[4.662s] running install_data
[4.662s] running install_egg_info
[4.694s] removing '/home/roo/roo_ws/install/roo_protocol/lib/python3.12/site-packages/roo_protocol-0.0.0-py3.12.egg-info' (and everything under it)
[4.695s] Copying ../../build/roo_protocol/roo_protocol.egg-info to /home/roo/roo_ws/install/roo_protocol/lib/python3.12/site-packages/roo_protocol-0.0.0-py3.12.egg-info
[4.696s] running install_scripts
[4.956s] Installing rx_decode script to /home/roo/roo_ws/install/roo_protocol/lib/roo_protocol
[4.956s] Installing tx_encode script to /home/roo/roo_ws/install/roo_protocol/lib/roo_protocol
[4.973s] writing list of installed files to '/home/roo/roo_ws/build/roo_protocol/install.log'
[5.459s] Invoked command in '/home/roo/roo_ws/src/roo_protocol' returned '0': DEBUGINFOD_URLS=https://debuginfod.ubuntu.com PYTHONPATH=/home/roo/roo_ws/build/roo_protocol/prefix_override:/usr/lib/python3/dist-packages/colcon_core/task/python/colcon_distutils_commands:/home/roo/roo_ws/install/roo_protocol/lib/python3.12/site-packages:${PYTHONPATH} /usr/bin/python3 -W ignore:setup.py install is deprecated -W ignore:easy_install command is deprecated setup.py egg_info --egg-base ../../build/roo_protocol build --build-base /home/roo/roo_ws/build/roo_protocol/build install --record /home/roo/roo_ws/build/roo_protocol/install.log --single-version-externally-managed install_data
