[2.623s] Invoking command in '/home/roo/roo_ws/build/roo_cmd_mux': DEBUGINFOD_URLS=https://debuginfod.ubuntu.com PYTHONPATH=/home/roo/roo_ws/build/roo_cmd_mux/prefix_override:/usr/lib/python3/dist-packages/colcon_core/task/python/colcon_distutils_commands:/home/roo/roo_ws/install/roo_cmd_mux/lib/python3.12/site-packages:${PYTHONPATH} /usr/bin/python3 -W ignore:setup.py install is deprecated -W ignore:easy_install command is deprecated setup.py develop --uninstall --editable --build-directory /home/roo/roo_ws/build/roo_cmd_mux/build
[3.191s] running develop
[3.658s] Removing /home/roo/roo_ws/install/roo_cmd_mux/lib/python3.12/site-packages/roo-cmd-mux.egg-link (link to .)
[3.791s] Invoked command in '/home/roo/roo_ws/build/roo_cmd_mux' returned '0': DEBUGINFOD_URLS=https://debuginfod.ubuntu.com PYTHONPATH=/home/roo/roo_ws/build/roo_cmd_mux/prefix_override:/usr/lib/python3/dist-packages/colcon_core/task/python/colcon_distutils_commands:/home/roo/roo_ws/install/roo_cmd_mux/lib/python3.12/site-packages:${PYTHONPATH} /usr/bin/python3 -W ignore:setup.py install is deprecated -W ignore:easy_install command is deprecated setup.py develop --uninstall --editable --build-directory /home/roo/roo_ws/build/roo_cmd_mux/build
[3.793s] Invoking command in '/home/roo/roo_ws/src/roo_cmd_mux': DEBUGINFOD_URLS=https://debuginfod.ubuntu.com PYTHONPATH=/home/roo/roo_ws/build/roo_cmd_mux/prefix_override:/usr/lib/python3/dist-packages/colcon_core/task/python/colcon_distutils_commands:/home/roo/roo_ws/install/roo_cmd_mux/lib/python3.12/site-packages:${PYTHONPATH} /usr/bin/python3 -W ignore:setup.py install is deprecated -W ignore:easy_install command is deprecated setup.py egg_info --egg-base ../../build/roo_cmd_mux build --build-base /home/roo/roo_ws/build/roo_cmd_mux/build install --record /home/roo/roo_ws/build/roo_cmd_mux/install.log --single-version-externally-managed install_data --force
[4.251s] running egg_info
[4.275s] writing ../../build/roo_cmd_mux/roo_cmd_mux.egg-info/PKG-INFO
[4.276s] writing dependency_links to ../../build/roo_cmd_mux/roo_cmd_mux.egg-info/dependency_links.txt
[4.277s] writing entry points to ../../build/roo_cmd_mux/roo_cmd_mux.egg-info/entry_points.txt
[4.278s] writing requirements to ../../build/roo_cmd_mux/roo_cmd_mux.egg-info/requires.txt
[4.279s] writing top-level names to ../../build/roo_cmd_mux/roo_cmd_mux.egg-info/top_level.txt
[4.361s] reading manifest file '../../build/roo_cmd_mux/roo_cmd_mux.egg-info/SOURCES.txt'
[4.363s] writing manifest file '../../build/roo_cmd_mux/roo_cmd_mux.egg-info/SOURCES.txt'
[4.363s] running build
[4.363s] running build_py
[4.363s] creating /home/roo/roo_ws/build/roo_cmd_mux/build
[4.363s] creating /home/roo/roo_ws/build/roo_cmd_mux/build/lib
[4.363s] creating /home/roo/roo_ws/build/roo_cmd_mux/build/lib/roo_cmd_mux
[4.364s] copying roo_cmd_mux/cmd_mux_node.py -> /home/roo/roo_ws/build/roo_cmd_mux/build/lib/roo_cmd_mux
[4.364s] copying roo_cmd_mux/__init__.py -> /home/roo/roo_ws/build/roo_cmd_mux/build/lib/roo_cmd_mux
[4.364s] running install
[4.376s] running install_lib
[4.430s] creating /home/roo/roo_ws/install/roo_cmd_mux/lib/python3.12/site-packages/roo_cmd_mux
[4.430s] copying /home/roo/roo_ws/build/roo_cmd_mux/build/lib/roo_cmd_mux/cmd_mux_node.py -> /home/roo/roo_ws/install/roo_cmd_mux/lib/python3.12/site-packages/roo_cmd_mux
[4.431s] copying /home/roo/roo_ws/build/roo_cmd_mux/build/lib/roo_cmd_mux/__init__.py -> /home/roo/roo_ws/install/roo_cmd_mux/lib/python3.12/site-packages/roo_cmd_mux
[4.436s] byte-compiling /home/roo/roo_ws/install/roo_cmd_mux/lib/python3.12/site-packages/roo_cmd_mux/cmd_mux_node.py to cmd_mux_node.cpython-312.pyc
[4.441s] byte-compiling /home/roo/roo_ws/install/roo_cmd_mux/lib/python3.12/site-packages/roo_cmd_mux/__init__.py to __init__.cpython-312.pyc
[4.441s] running install_data
[4.442s] copying resource/roo_cmd_mux -> /home/roo/roo_ws/install/roo_cmd_mux/share/ament_index/resource_index/packages
[4.445s] copying package.xml -> /home/roo/roo_ws/install/roo_cmd_mux/share/roo_cmd_mux
[4.445s] running install_egg_info
[4.495s] Copying ../../build/roo_cmd_mux/roo_cmd_mux.egg-info to /home/roo/roo_ws/install/roo_cmd_mux/lib/python3.12/site-packages/roo_cmd_mux-0.0.0-py3.12.egg-info
[4.499s] running install_scripts
[4.771s] Installing cmd_mux script to /home/roo/roo_ws/install/roo_cmd_mux/lib/roo_cmd_mux
[4.771s] writing list of installed files to '/home/roo/roo_ws/build/roo_cmd_mux/install.log'
[4.984s] Invoked command in '/home/roo/roo_ws/src/roo_cmd_mux' returned '0': DEBUGINFOD_URLS=https://debuginfod.ubuntu.com PYTHONPATH=/home/roo/roo_ws/build/roo_cmd_mux/prefix_override:/usr/lib/python3/dist-packages/colcon_core/task/python/colcon_distutils_commands:/home/roo/roo_ws/install/roo_cmd_mux/lib/python3.12/site-packages:${PYTHONPATH} /usr/bin/python3 -W ignore:setup.py install is deprecated -W ignore:easy_install command is deprecated setup.py egg_info --egg-base ../../build/roo_cmd_mux build --build-base /home/roo/roo_ws/build/roo_cmd_mux/build install --record /home/roo/roo_ws/build/roo_cmd_mux/install.log --single-version-externally-managed install_data --force
